2022-03-27 17:00:48.989  INFO 15372 --- [main] com.example.demo.Application             : Starting Application using Java 17.0.2 on DESKTOP-KJUL5ST with PID 15372 (D:\DevelopTools\eclipse-workspace\SpringBoot-WordProcessor\target\classes started by qiao in D:\DevelopTools\eclipse-workspace\SpringBoot-WordProcessor)
2022-03-27 17:00:48.992  INFO 15372 --- [main] com.example.demo.Application             : No active profile set, falling back to 1 default profile: "default"
2022-03-27 17:00:49.816  INFO 15372 --- [main] o.s.b.w.embedded.tomcat.TomcatWebServer  : Tomcat initialized with port(s): 8080 (http)
2022-03-27 17:00:49.827  INFO 15372 --- [main] o.apache.catalina.core.StandardService   : Starting service [Tomcat]
2022-03-27 17:00:49.828  INFO 15372 --- [main] org.apache.catalina.core.StandardEngine  : Starting Servlet engine: [Apache Tomcat/9.0.60]
2022-03-27 17:00:49.927  INFO 15372 --- [main] o.a.c.c.C.[Tomcat].[localhost].[/]       : Initializing Spring embedded WebApplicationContext
2022-03-27 17:00:49.928  INFO 15372 --- [main] w.s.c.ServletWebServerApplicationContext : Root WebApplicationContext: initialization completed in 888 ms
2022-03-27 17:00:50.213  WARN 15372 --- [main] ConfigServletWebServerApplicationContext : Exception encountered during context initialization - cancelling refresh attempt: org.springframework.beans.factory.BeanCreationException: Error creating bean with name 'viewResolver' defined in class path resource [org/springframework/boot/autoconfigure/web/servlet/WebMvcAutoConfiguration$WebMvcAutoConfigurationAdapter.class]: Initialization of bean failed; nested exception is org.springframework.beans.factory.UnsatisfiedDependencyException: Error creating bean with name 'com.mitchellbosecke.pebble.boot.autoconfigure.PebbleAutoConfiguration$PebbleWebMvcConfiguration': Unsatisfied dependency expressed through field 'pebbleEngine'; nested exception is org.springframework.beans.factory.UnsatisfiedDependencyException: Error creating bean with name 'com.mitchellbosecke.pebble.boot.autoconfigure.PebbleAutoConfiguration$PebbleDefaultConfiguration': Unsatisfied dependency expressed through field 'extensions'; nested exception is org.springframework.beans.factory.BeanCurrentlyInCreationException: Error creating bean with name 'com.mitchellbosecke.pebble.boot.autoconfigure.PebbleAutoConfiguration$PebbleDefaultConfiguration': Requested bean is currently in creation: Is there an unresolvable circular reference?
Related cause: org.springframework.beans.factory.BeanCurrentlyInCreationException: Error creating bean with name 'viewResolver': Requested bean is currently in creation: Is there an unresolvable circular reference?
2022-03-27 17:00:50.215  INFO 15372 --- [main] o.apache.catalina.core.StandardService   : Stopping service [Tomcat]
2022-03-27 17:00:50.225  INFO 15372 --- [main] ConditionEvaluationReportLoggingListener : 

Error starting ApplicationContext. To display the conditions report re-run your application with 'debug' enabled.
2022-03-27 17:00:50.240 ERROR 15372 --- [main] o.s.b.d.LoggingFailureAnalysisReporter   : 

***************************
APPLICATION FAILED TO START
***************************

Description:

The dependencies of some of the beans in the application context form a cycle:

   viewResolver defined in class path resource [org/springframework/boot/autoconfigure/web/servlet/WebMvcAutoConfiguration$WebMvcAutoConfigurationAdapter.class]
      ↓
   com.mitchellbosecke.pebble.boot.autoconfigure.PebbleAutoConfiguration$PebbleWebMvcConfiguration (field private com.mitchellbosecke.pebble.PebbleEngine com.mitchellbosecke.pebble.boot.autoconfigure.PebbleAutoConfiguration$PebbleWebMvcConfiguration.pebbleEngine)
┌─────┐
|  com.mitchellbosecke.pebble.boot.autoconfigure.PebbleAutoConfiguration$PebbleDefaultConfiguration (field private java.util.List com.mitchellbosecke.pebble.boot.autoconfigure.PebbleAutoConfiguration$PebbleDefaultConfiguration.extensions)
└─────┘


Action:

Relying upon circular references is discouraged and they are prohibited by default. Update your application to remove the dependency cycle between beans. As a last resort, it may be possible to break the cycle automatically by setting spring.main.allow-circular-references to true.

2022-03-27 17:08:20.406  INFO 18444 --- [main] com.example.demo.Application             : Starting Application using Java 17.0.2 on DESKTOP-KJUL5ST with PID 18444 (D:\DevelopTools\eclipse-workspace\SpringBoot-WordProcessor\target\classes started by qiao in D:\DevelopTools\eclipse-workspace\SpringBoot-WordProcessor)
2022-03-27 17:08:20.409  INFO 18444 --- [main] com.example.demo.Application             : No active profile set, falling back to 1 default profile: "default"
2022-03-27 17:08:21.101  INFO 18444 --- [main] o.s.b.w.embedded.tomcat.TomcatWebServer  : Tomcat initialized with port(s): 8080 (http)
2022-03-27 17:08:21.111  INFO 18444 --- [main] o.apache.catalina.core.StandardService   : Starting service [Tomcat]
2022-03-27 17:08:21.112  INFO 18444 --- [main] org.apache.catalina.core.StandardEngine  : Starting Servlet engine: [Apache Tomcat/9.0.60]
2022-03-27 17:08:21.192  INFO 18444 --- [main] o.a.c.c.C.[Tomcat].[localhost].[/]       : Initializing Spring embedded WebApplicationContext
2022-03-27 17:08:21.193  INFO 18444 --- [main] w.s.c.ServletWebServerApplicationContext : Root WebApplicationContext: initialization completed in 743 ms
2022-03-27 17:08:21.439  WARN 18444 --- [main] ConfigServletWebServerApplicationContext : Exception encountered during context initialization - cancelling refresh attempt: org.springframework.beans.factory.BeanCreationException: Error creating bean with name 'viewResolver' defined in class path resource [org/springframework/boot/autoconfigure/web/servlet/WebMvcAutoConfiguration$WebMvcAutoConfigurationAdapter.class]: Initialization of bean failed; nested exception is org.springframework.beans.factory.UnsatisfiedDependencyException: Error creating bean with name 'com.mitchellbosecke.pebble.boot.autoconfigure.PebbleAutoConfiguration$PebbleWebMvcConfiguration': Unsatisfied dependency expressed through field 'pebbleEngine'; nested exception is org.springframework.beans.factory.UnsatisfiedDependencyException: Error creating bean with name 'com.mitchellbosecke.pebble.boot.autoconfigure.PebbleAutoConfiguration$PebbleDefaultConfiguration': Unsatisfied dependency expressed through field 'extensions'; nested exception is org.springframework.beans.factory.BeanCurrentlyInCreationException: Error creating bean with name 'com.mitchellbosecke.pebble.boot.autoconfigure.PebbleAutoConfiguration$PebbleDefaultConfiguration': Requested bean is currently in creation: Is there an unresolvable circular reference?
Related cause: org.springframework.beans.factory.BeanCurrentlyInCreationException: Error creating bean with name 'viewResolver': Requested bean is currently in creation: Is there an unresolvable circular reference?
2022-03-27 17:08:21.442  INFO 18444 --- [main] o.apache.catalina.core.StandardService   : Stopping service [Tomcat]
2022-03-27 17:08:21.453  INFO 18444 --- [main] ConditionEvaluationReportLoggingListener : 

Error starting ApplicationContext. To display the conditions report re-run your application with 'debug' enabled.
2022-03-27 17:08:21.468 ERROR 18444 --- [main] o.s.b.d.LoggingFailureAnalysisReporter   : 

***************************
APPLICATION FAILED TO START
***************************

Description:

The dependencies of some of the beans in the application context form a cycle:

   viewResolver defined in class path resource [org/springframework/boot/autoconfigure/web/servlet/WebMvcAutoConfiguration$WebMvcAutoConfigurationAdapter.class]
      ↓
   com.mitchellbosecke.pebble.boot.autoconfigure.PebbleAutoConfiguration$PebbleWebMvcConfiguration (field private com.mitchellbosecke.pebble.PebbleEngine com.mitchellbosecke.pebble.boot.autoconfigure.PebbleAutoConfiguration$PebbleWebMvcConfiguration.pebbleEngine)
┌─────┐
|  com.mitchellbosecke.pebble.boot.autoconfigure.PebbleAutoConfiguration$PebbleDefaultConfiguration (field private java.util.List com.mitchellbosecke.pebble.boot.autoconfigure.PebbleAutoConfiguration$PebbleDefaultConfiguration.extensions)
└─────┘


Action:

Relying upon circular references is discouraged and they are prohibited by default. Update your application to remove the dependency cycle between beans. As a last resort, it may be possible to break the cycle automatically by setting spring.main.allow-circular-references to true.

2022-03-27 17:23:44.262  INFO 16072 --- [main] com.example.demo.Application             : Starting Application using Java 17.0.2 on DESKTOP-KJUL5ST with PID 16072 (D:\DevelopTools\eclipse-workspace\SpringBoot-WordProcessor\target\classes started by qiao in D:\DevelopTools\eclipse-workspace\SpringBoot-WordProcessor)
2022-03-27 17:23:44.265  INFO 16072 --- [main] com.example.demo.Application             : No active profile set, falling back to 1 default profile: "default"
2022-03-27 17:23:45.003  INFO 16072 --- [main] o.s.b.w.embedded.tomcat.TomcatWebServer  : Tomcat initialized with port(s): 8080 (http)
2022-03-27 17:23:45.014  INFO 16072 --- [main] o.apache.catalina.core.StandardService   : Starting service [Tomcat]
2022-03-27 17:23:45.015  INFO 16072 --- [main] org.apache.catalina.core.StandardEngine  : Starting Servlet engine: [Apache Tomcat/9.0.60]
2022-03-27 17:23:45.104  INFO 16072 --- [main] o.a.c.c.C.[Tomcat].[localhost].[/]       : Initializing Spring embedded WebApplicationContext
2022-03-27 17:23:45.104  INFO 16072 --- [main] w.s.c.ServletWebServerApplicationContext : Root WebApplicationContext: initialization completed in 804 ms
2022-03-27 17:23:45.368  WARN 16072 --- [main] ConfigServletWebServerApplicationContext : Exception encountered during context initialization - cancelling refresh attempt: org.springframework.beans.factory.BeanCreationException: Error creating bean with name 'viewResolver' defined in class path resource [org/springframework/boot/autoconfigure/web/servlet/WebMvcAutoConfiguration$WebMvcAutoConfigurationAdapter.class]: Initialization of bean failed; nested exception is org.springframework.beans.factory.UnsatisfiedDependencyException: Error creating bean with name 'com.mitchellbosecke.pebble.boot.autoconfigure.PebbleAutoConfiguration$PebbleWebMvcConfiguration': Unsatisfied dependency expressed through field 'pebbleEngine'; nested exception is org.springframework.beans.factory.UnsatisfiedDependencyException: Error creating bean with name 'com.mitchellbosecke.pebble.boot.autoconfigure.PebbleAutoConfiguration$PebbleDefaultConfiguration': Unsatisfied dependency expressed through field 'extensions'; nested exception is org.springframework.beans.factory.BeanCurrentlyInCreationException: Error creating bean with name 'com.mitchellbosecke.pebble.boot.autoconfigure.PebbleAutoConfiguration$PebbleDefaultConfiguration': Requested bean is currently in creation: Is there an unresolvable circular reference?
Related cause: org.springframework.beans.factory.BeanCurrentlyInCreationException: Error creating bean with name 'viewResolver': Requested bean is currently in creation: Is there an unresolvable circular reference?
2022-03-27 17:23:45.371  INFO 16072 --- [main] o.apache.catalina.core.StandardService   : Stopping service [Tomcat]
2022-03-27 17:23:45.380  INFO 16072 --- [main] ConditionEvaluationReportLoggingListener : 

Error starting ApplicationContext. To display the conditions report re-run your application with 'debug' enabled.
2022-03-27 17:23:45.392 ERROR 16072 --- [main] o.s.b.d.LoggingFailureAnalysisReporter   : 

***************************
APPLICATION FAILED TO START
***************************

Description:

The dependencies of some of the beans in the application context form a cycle:

   viewResolver defined in class path resource [org/springframework/boot/autoconfigure/web/servlet/WebMvcAutoConfiguration$WebMvcAutoConfigurationAdapter.class]
      ↓
   com.mitchellbosecke.pebble.boot.autoconfigure.PebbleAutoConfiguration$PebbleWebMvcConfiguration (field private com.mitchellbosecke.pebble.PebbleEngine com.mitchellbosecke.pebble.boot.autoconfigure.PebbleAutoConfiguration$PebbleWebMvcConfiguration.pebbleEngine)
┌─────┐
|  com.mitchellbosecke.pebble.boot.autoconfigure.PebbleAutoConfiguration$PebbleDefaultConfiguration (field private java.util.List com.mitchellbosecke.pebble.boot.autoconfigure.PebbleAutoConfiguration$PebbleDefaultConfiguration.extensions)
└─────┘


Action:

Relying upon circular references is discouraged and they are prohibited by default. Update your application to remove the dependency cycle between beans. As a last resort, it may be possible to break the cycle automatically by setting spring.main.allow-circular-references to true.

2022-03-27 17:32:32.145  INFO 18824 --- [main] com.example.demo.Application             : Starting Application using Java 17.0.2 on DESKTOP-KJUL5ST with PID 18824 (D:\DevelopTools\eclipse-workspace\SpringBoot-WordProcessor\target\classes started by qiao in D:\DevelopTools\eclipse-workspace\SpringBoot-WordProcessor)
2022-03-27 17:32:32.148  INFO 18824 --- [main] com.example.demo.Application             : No active profile set, falling back to 1 default profile: "default"
2022-03-27 17:32:32.815  INFO 18824 --- [main] o.s.b.w.embedded.tomcat.TomcatWebServer  : Tomcat initialized with port(s): 8080 (http)
2022-03-27 17:32:32.824  INFO 18824 --- [main] o.apache.catalina.core.StandardService   : Starting service [Tomcat]
2022-03-27 17:32:32.824  INFO 18824 --- [main] org.apache.catalina.core.StandardEngine  : Starting Servlet engine: [Apache Tomcat/9.0.60]
2022-03-27 17:32:32.919  INFO 18824 --- [main] o.a.c.c.C.[Tomcat].[localhost].[/]       : Initializing Spring embedded WebApplicationContext
2022-03-27 17:32:32.920  INFO 18824 --- [main] w.s.c.ServletWebServerApplicationContext : Root WebApplicationContext: initialization completed in 734 ms
2022-03-27 17:32:33.169  WARN 18824 --- [main] ConfigServletWebServerApplicationContext : Exception encountered during context initialization - cancelling refresh attempt: org.springframework.beans.factory.BeanCreationException: Error creating bean with name 'viewResolver' defined in class path resource [org/springframework/boot/autoconfigure/web/servlet/WebMvcAutoConfiguration$WebMvcAutoConfigurationAdapter.class]: Initialization of bean failed; nested exception is org.springframework.beans.factory.UnsatisfiedDependencyException: Error creating bean with name 'com.mitchellbosecke.pebble.boot.autoconfigure.PebbleAutoConfiguration$PebbleWebMvcConfiguration': Unsatisfied dependency expressed through field 'pebbleEngine'; nested exception is org.springframework.beans.factory.UnsatisfiedDependencyException: Error creating bean with name 'com.mitchellbosecke.pebble.boot.autoconfigure.PebbleAutoConfiguration$PebbleDefaultConfiguration': Unsatisfied dependency expressed through field 'extensions'; nested exception is org.springframework.beans.factory.BeanCurrentlyInCreationException: Error creating bean with name 'com.mitchellbosecke.pebble.boot.autoconfigure.PebbleAutoConfiguration$PebbleDefaultConfiguration': Requested bean is currently in creation: Is there an unresolvable circular reference?
Related cause: org.springframework.beans.factory.BeanCurrentlyInCreationException: Error creating bean with name 'viewResolver': Requested bean is currently in creation: Is there an unresolvable circular reference?
2022-03-27 17:32:33.171  INFO 18824 --- [main] o.apache.catalina.core.StandardService   : Stopping service [Tomcat]
2022-03-27 17:32:33.181  INFO 18824 --- [main] ConditionEvaluationReportLoggingListener : 

Error starting ApplicationContext. To display the conditions report re-run your application with 'debug' enabled.
2022-03-27 17:32:33.193 ERROR 18824 --- [main] o.s.b.d.LoggingFailureAnalysisReporter   : 

***************************
APPLICATION FAILED TO START
***************************

Description:

The dependencies of some of the beans in the application context form a cycle:

   viewResolver defined in class path resource [org/springframework/boot/autoconfigure/web/servlet/WebMvcAutoConfiguration$WebMvcAutoConfigurationAdapter.class]
      ↓
   com.mitchellbosecke.pebble.boot.autoconfigure.PebbleAutoConfiguration$PebbleWebMvcConfiguration (field private com.mitchellbosecke.pebble.PebbleEngine com.mitchellbosecke.pebble.boot.autoconfigure.PebbleAutoConfiguration$PebbleWebMvcConfiguration.pebbleEngine)
┌─────┐
|  com.mitchellbosecke.pebble.boot.autoconfigure.PebbleAutoConfiguration$PebbleDefaultConfiguration (field private java.util.List com.mitchellbosecke.pebble.boot.autoconfigure.PebbleAutoConfiguration$PebbleDefaultConfiguration.extensions)
└─────┘


Action:

Relying upon circular references is discouraged and they are prohibited by default. Update your application to remove the dependency cycle between beans. As a last resort, it may be possible to break the cycle automatically by setting spring.main.allow-circular-references to true.

2022-03-27 17:43:48.613  INFO 11600 --- [main] com.example.demo.Application             : Starting Application on DESKTOP-KJUL5ST with PID 11600 (D:\DevelopTools\eclipse-workspace\SpringBoot-WordProcessor\target\classes started by qiao in D:\DevelopTools\eclipse-workspace\SpringBoot-WordProcessor)
2022-03-27 17:43:48.616  INFO 11600 --- [main] com.example.demo.Application             : No active profile set, falling back to default profiles: default
2022-03-27 17:43:49.383  INFO 11600 --- [main] o.s.b.w.embedded.tomcat.TomcatWebServer  : Tomcat initialized with port(s): 8080 (http)
2022-03-27 17:43:49.393  INFO 11600 --- [main] o.apache.catalina.core.StandardService   : Starting service [Tomcat]
2022-03-27 17:43:49.393  INFO 11600 --- [main] org.apache.catalina.core.StandardEngine  : Starting Servlet engine: [Apache Tomcat/9.0.35]
2022-03-27 17:43:49.486  INFO 11600 --- [main] o.a.c.c.C.[Tomcat].[localhost].[/]       : Initializing Spring embedded WebApplicationContext
2022-03-27 17:43:49.487  INFO 11600 --- [main] o.s.web.context.ContextLoader            : Root WebApplicationContext: initialization completed in 836 ms
2022-03-27 17:43:49.620  INFO 11600 --- [main] o.s.s.concurrent.ThreadPoolTaskExecutor  : Initializing ExecutorService 'applicationTaskExecutor'
2022-03-27 17:43:49.852  INFO 11600 --- [main] o.s.b.w.embedded.tomcat.TomcatWebServer  : Tomcat started on port(s): 8080 (http) with context path ''
2022-03-27 17:43:49.861  INFO 11600 --- [main] com.example.demo.Application             : Started Application in 1.604 seconds (JVM running for 2.223)
2022-03-27 17:45:21.528  INFO 11600 --- [http-nio-8080-exec-1] o.a.c.c.C.[Tomcat].[localhost].[/]       : Initializing Spring DispatcherServlet 'dispatcherServlet'
2022-03-27 17:45:21.529  INFO 11600 --- [http-nio-8080-exec-1] o.s.web.servlet.DispatcherServlet        : Initializing Servlet 'dispatcherServlet'
2022-03-27 17:45:21.537  INFO 11600 --- [http-nio-8080-exec-1] o.s.web.servlet.DispatcherServlet        : Completed initialization in 8 ms
2022-03-27 17:46:29.827  WARN 11600 --- [http-nio-8080-exec-4] .w.s.m.s.DefaultHandlerExceptionResolver : Resolved [org.springframework.web.bind.MissingServletRequestParameterException: Required int parameter 'len' is not present]
2022-03-27 18:04:22.854  WARN 11600 --- [http-nio-8080-exec-8] .w.s.m.s.DefaultHandlerExceptionResolver : Resolved [org.springframework.web.bind.MissingServletRequestParameterException: Required int parameter 'len' is not present]
2022-03-27 18:05:10.811  WARN 11600 --- [http-nio-8080-exec-9] .w.s.m.s.DefaultHandlerExceptionResolver : Resolved [org.springframework.web.bind.MissingServletRequestParameterException: Required int parameter 'len' is not present]
2022-03-27 18:05:15.520  INFO 11600 --- [RMI TCP Connection(25)-127.0.0.1] inMXBeanRegistrar$SpringApplicationAdmin : Application shutdown requested.
2022-03-27 18:05:15.551  INFO 11600 --- [RMI TCP Connection(25)-127.0.0.1] o.s.s.concurrent.ThreadPoolTaskExecutor  : Shutting down ExecutorService 'applicationTaskExecutor'
2022-03-27 18:05:46.197  INFO 8288 --- [main] com.example.demo.Application             : Starting Application on DESKTOP-KJUL5ST with PID 8288 (D:\DevelopTools\eclipse-workspace\SpringBoot-WordProcessor\target\classes started by qiao in D:\DevelopTools\eclipse-workspace\SpringBoot-WordProcessor)
2022-03-27 18:05:46.199  INFO 8288 --- [main] com.example.demo.Application             : No active profile set, falling back to default profiles: default
2022-03-27 18:05:46.949  INFO 8288 --- [main] o.s.b.w.embedded.tomcat.TomcatWebServer  : Tomcat initialized with port(s): 8080 (http)
2022-03-27 18:05:46.960  INFO 8288 --- [main] o.apache.catalina.core.StandardService   : Starting service [Tomcat]
2022-03-27 18:05:46.961  INFO 8288 --- [main] org.apache.catalina.core.StandardEngine  : Starting Servlet engine: [Apache Tomcat/9.0.35]
2022-03-27 18:05:47.052  INFO 8288 --- [main] o.a.c.c.C.[Tomcat].[localhost].[/]       : Initializing Spring embedded WebApplicationContext
2022-03-27 18:05:47.053  INFO 8288 --- [main] o.s.web.context.ContextLoader            : Root WebApplicationContext: initialization completed in 818 ms
2022-03-27 18:05:47.173  INFO 8288 --- [main] o.s.s.concurrent.ThreadPoolTaskExecutor  : Initializing ExecutorService 'applicationTaskExecutor'
2022-03-27 18:05:47.380  INFO 8288 --- [main] o.s.b.w.embedded.tomcat.TomcatWebServer  : Tomcat started on port(s): 8080 (http) with context path ''
2022-03-27 18:05:47.388  INFO 8288 --- [main] com.example.demo.Application             : Started Application in 1.527 seconds (JVM running for 2.11)
2022-03-27 18:05:54.711  INFO 8288 --- [http-nio-8080-exec-1] o.a.c.c.C.[Tomcat].[localhost].[/]       : Initializing Spring DispatcherServlet 'dispatcherServlet'
2022-03-27 18:05:54.711  INFO 8288 --- [http-nio-8080-exec-1] o.s.web.servlet.DispatcherServlet        : Initializing Servlet 'dispatcherServlet'
2022-03-27 18:05:54.717  INFO 8288 --- [http-nio-8080-exec-1] o.s.web.servlet.DispatcherServlet        : Completed initialization in 5 ms
2022-03-27 18:06:02.255  INFO 8288 --- [http-nio-8080-exec-4] com.example.demo.service.WordService     : Count String list [aaaaaaaaa, bbbaaaaaaa, abbbaaaaa]...start with aaaaaa, min length 2...
2022-03-27 18:06:02.259  INFO 8288 --- [http-nio-8080-exec-4] com.example.demo.web.WordController      : count word: aaaaaaaaa,bbbaaaaaaa,abbbaaaaa
2022-03-27 18:08:22.312  INFO 8288 --- [http-nio-8080-exec-7] com.example.demo.service.WordService     : Count String list [aaaaaaaaa, bbbaaaaaaa, abbbaaaaa]...start with ab, min length 2...
2022-03-27 18:08:22.313  INFO 8288 --- [http-nio-8080-exec-7] com.example.demo.web.WordController      : count word: aaaaaaaaa,bbbaaaaaaa,abbbaaaaa
2022-03-27 18:09:05.330  INFO 8288 --- [http-nio-8080-exec-10] com.example.demo.service.WordService     : Count String list [aaaaaaaaa, bbbaaaaaaa, abbbaaaaa]...start with bbb, min length 2...
2022-03-27 18:09:05.330  INFO 8288 --- [http-nio-8080-exec-10] com.example.demo.web.WordController      : count word: aaaaaaaaa,bbbaaaaaaa,abbbaaaaa
2022-03-27 18:09:17.793  INFO 8288 --- [RMI TCP Connection(7)-127.0.0.1] inMXBeanRegistrar$SpringApplicationAdmin : Application shutdown requested.
2022-03-27 18:09:17.824  INFO 8288 --- [RMI TCP Connection(7)-127.0.0.1] o.s.s.concurrent.ThreadPoolTaskExecutor  : Shutting down ExecutorService 'applicationTaskExecutor'
2022-03-27 18:17:04.922  INFO 16272 --- [main] com.example.demo.Application             : Starting Application on DESKTOP-KJUL5ST with PID 16272 (D:\DevelopTools\eclipse-workspace\SpringBoot-WordProcessor\target\classes started by qiao in D:\DevelopTools\eclipse-workspace\SpringBoot-WordProcessor)
2022-03-27 18:17:04.924  INFO 16272 --- [main] com.example.demo.Application             : No active profile set, falling back to default profiles: default
2022-03-27 18:17:05.620  INFO 16272 --- [main] o.s.b.w.embedded.tomcat.TomcatWebServer  : Tomcat initialized with port(s): 8080 (http)
2022-03-27 18:17:05.629  INFO 16272 --- [main] o.apache.catalina.core.StandardService   : Starting service [Tomcat]
2022-03-27 18:17:05.629  INFO 16272 --- [main] org.apache.catalina.core.StandardEngine  : Starting Servlet engine: [Apache Tomcat/9.0.35]
2022-03-27 18:17:05.713  INFO 16272 --- [main] o.a.c.c.C.[Tomcat].[localhost].[/]       : Initializing Spring embedded WebApplicationContext
2022-03-27 18:17:05.714  INFO 16272 --- [main] o.s.web.context.ContextLoader            : Root WebApplicationContext: initialization completed in 751 ms
2022-03-27 18:17:05.848  INFO 16272 --- [main] o.s.s.concurrent.ThreadPoolTaskExecutor  : Initializing ExecutorService 'applicationTaskExecutor'
2022-03-27 18:17:06.055  INFO 16272 --- [main] o.s.b.w.embedded.tomcat.TomcatWebServer  : Tomcat started on port(s): 8080 (http) with context path ''
2022-03-27 18:17:06.063  INFO 16272 --- [main] com.example.demo.Application             : Started Application in 1.489 seconds (JVM running for 2.045)
2022-03-27 18:17:15.273  INFO 16272 --- [http-nio-8080-exec-1] o.a.c.c.C.[Tomcat].[localhost].[/]       : Initializing Spring DispatcherServlet 'dispatcherServlet'
2022-03-27 18:17:15.273  INFO 16272 --- [http-nio-8080-exec-1] o.s.web.servlet.DispatcherServlet        : Initializing Servlet 'dispatcherServlet'
2022-03-27 18:17:15.279  INFO 16272 --- [http-nio-8080-exec-1] o.s.web.servlet.DispatcherServlet        : Completed initialization in 6 ms
2022-03-27 18:17:33.507  INFO 16272 --- [http-nio-8080-exec-4] com.example.demo.service.WordService     : Count String list [aaaaaaaaa, bbbaaaaaaa, abbbaaaaa]...start with bbb, min length 3...
2022-03-27 18:17:33.511  INFO 16272 --- [http-nio-8080-exec-4] com.example.demo.web.WordController      : count word: aaaaaaaaa,bbbaaaaaaa,abbbaaaaa
2022-03-27 18:17:56.227  INFO 16272 --- [http-nio-8080-exec-7] com.example.demo.service.WordService     : Count String list [aaaaaaaaa, bbbaaaaaaa, abbbaaaaa]...start with aaaaaa, min length 2...
2022-03-27 18:17:56.228  INFO 16272 --- [http-nio-8080-exec-7] com.example.demo.web.WordController      : count word: aaaaaaaaa,bbbaaaaaaa,abbbaaaaa
2022-03-27 18:19:58.595  INFO 16272 --- [http-nio-8080-exec-9] com.example.demo.service.WordService     : Count String list [aaaaaaaaa, bbbaaaaaaa, abbbaaaaa]...start with bbb, min length 4...
2022-03-27 18:19:58.596  INFO 16272 --- [http-nio-8080-exec-9] com.example.demo.web.WordController      : count word: aaaaaaaaa,bbbaaaaaaa,abbbaaaaa
2022-03-27 18:20:08.946  INFO 16272 --- [http-nio-8080-exec-1] com.example.demo.service.WordService     : Count String list [aaaaaaaaa, bbbaaaaaaa, abbbaaaaa]...start with bbb, min length 9...
2022-03-27 18:20:08.947  INFO 16272 --- [http-nio-8080-exec-1] com.example.demo.web.WordController      : count word: aaaaaaaaa,bbbaaaaaaa,abbbaaaaa
2022-03-27 18:20:22.874  INFO 16272 --- [http-nio-8080-exec-2] com.example.demo.service.WordService     : Count String list [aaaaaaaaa, bbbaaaaaaa, abbbaaaaa]...start with c, min length 2...
2022-03-27 18:20:22.875  INFO 16272 --- [http-nio-8080-exec-2] com.example.demo.web.WordController      : count word: aaaaaaaaa,bbbaaaaaaa,abbbaaaaa
2022-03-27 18:20:39.721  INFO 16272 --- [http-nio-8080-exec-3] com.example.demo.service.WordService     : Count String list [aaaaaaaaa, bbbaaaaaaa, abbbaaaaa]...start with bbbc, min length 2...
2022-03-27 18:20:39.722  INFO 16272 --- [http-nio-8080-exec-3] com.example.demo.web.WordController      : count word: aaaaaaaaa,bbbaaaaaaa,abbbaaaaa
2022-03-27 18:20:47.754  INFO 16272 --- [http-nio-8080-exec-6] com.example.demo.service.WordService     : Count String list [aaaaaaaaa, bbbaaaaaaa, abbbaaaaa]...start with bbba, min length 2...
2022-03-27 18:20:47.755  INFO 16272 --- [http-nio-8080-exec-6] com.example.demo.web.WordController      : count word: aaaaaaaaa,bbbaaaaaaa,abbbaaaaa
2022-03-27 18:20:54.954  INFO 16272 --- [http-nio-8080-exec-7] com.example.demo.service.WordService     : Count String list [aaaaaaaaa, bbbaaaaaaa, abbbaaaaa]...start with bbba, min length 8...
2022-03-27 18:20:54.955  INFO 16272 --- [http-nio-8080-exec-7] com.example.demo.web.WordController      : count word: aaaaaaaaa,bbbaaaaaaa,abbbaaaaa
2022-03-27 18:21:06.341  INFO 16272 --- [http-nio-8080-exec-10] com.example.demo.service.WordService     : Count String list [aaaaaaaaa, bbbaaaaaaa, abbbaaaaa]...start with bbba, min length 99...
2022-03-27 18:21:06.341  INFO 16272 --- [http-nio-8080-exec-10] com.example.demo.web.WordController      : count word: aaaaaaaaa,bbbaaaaaaa,abbbaaaaa
2022-03-27 18:21:26.227  INFO 16272 --- [http-nio-8080-exec-8] com.example.demo.service.WordService     : Count String list [aaaaaaaaa, bbbaaaaaaa, abbbaaaaa]...start with bbba, min length 99...
2022-03-27 18:21:26.227  INFO 16272 --- [http-nio-8080-exec-8] com.example.demo.web.WordController      : count word: aaaaaaaaa,bbbaaaaaaa,abbbaaaaa
2022-03-27 18:22:41.938  INFO 16272 --- [RMI TCP Connection(9)-127.0.0.1] inMXBeanRegistrar$SpringApplicationAdmin : Application shutdown requested.
2022-03-27 18:22:41.975  INFO 16272 --- [RMI TCP Connection(9)-127.0.0.1] o.s.s.concurrent.ThreadPoolTaskExecutor  : Shutting down ExecutorService 'applicationTaskExecutor'
2022-03-27 18:23:26.669  INFO 17912 --- [main] com.example.demo.Application             : Starting Application on DESKTOP-KJUL5ST with PID 17912 (D:\DevelopTools\eclipse-workspace\SpringBoot-WordProcessor\target\classes started by qiao in D:\DevelopTools\eclipse-workspace\SpringBoot-WordProcessor)
2022-03-27 18:23:26.672  INFO 17912 --- [main] com.example.demo.Application             : No active profile set, falling back to default profiles: default
2022-03-27 18:23:27.408  INFO 17912 --- [main] o.s.b.w.embedded.tomcat.TomcatWebServer  : Tomcat initialized with port(s): 8080 (http)
2022-03-27 18:23:27.421  INFO 17912 --- [main] o.apache.catalina.core.StandardService   : Starting service [Tomcat]
2022-03-27 18:23:27.421  INFO 17912 --- [main] org.apache.catalina.core.StandardEngine  : Starting Servlet engine: [Apache Tomcat/9.0.35]
2022-03-27 18:23:27.512  INFO 17912 --- [main] o.a.c.c.C.[Tomcat].[localhost].[/]       : Initializing Spring embedded WebApplicationContext
2022-03-27 18:23:27.513  INFO 17912 --- [main] o.s.web.context.ContextLoader            : Root WebApplicationContext: initialization completed in 800 ms
2022-03-27 18:23:27.655  INFO 17912 --- [main] o.s.s.concurrent.ThreadPoolTaskExecutor  : Initializing ExecutorService 'applicationTaskExecutor'
2022-03-27 18:23:27.873  INFO 17912 --- [main] o.s.b.w.embedded.tomcat.TomcatWebServer  : Tomcat started on port(s): 8080 (http) with context path ''
2022-03-27 18:23:27.880  INFO 17912 --- [main] com.example.demo.Application             : Started Application in 1.567 seconds (JVM running for 2.152)
2022-03-27 18:23:39.766  INFO 17912 --- [http-nio-8080-exec-1] o.a.c.c.C.[Tomcat].[localhost].[/]       : Initializing Spring DispatcherServlet 'dispatcherServlet'
2022-03-27 18:23:39.766  INFO 17912 --- [http-nio-8080-exec-1] o.s.web.servlet.DispatcherServlet        : Initializing Servlet 'dispatcherServlet'
2022-03-27 18:23:39.770  INFO 17912 --- [http-nio-8080-exec-1] o.s.web.servlet.DispatcherServlet        : Completed initialization in 4 ms
2022-03-27 18:25:06.411 ERROR 17912 --- [http-nio-8080-exec-7] o.a.c.c.C.[.[.[/].[dispatcherServlet]    : Servlet.service() for servlet [dispatcherServlet] in context with path [] threw exception [Request processing failed; nested exception is com.mitchellbosecke.pebble.error.LoaderException: Could not find template "templates/500.html" (?:?)] with root cause

com.mitchellbosecke.pebble.error.LoaderException: Could not find template "templates/500.html" (?:?)
	at com.mitchellbosecke.pebble.loader.ClasspathLoader.getReader(ClasspathLoader.java:60)
	at com.mitchellbosecke.pebble.loader.ClasspathLoader.getReader(ClasspathLoader.java:28)
	at com.mitchellbosecke.pebble.PebbleEngine.getPebbleTemplate(PebbleEngine.java:155)
	at com.mitchellbosecke.pebble.PebbleEngine.lambda$getTemplate$2(PebbleEngine.java:150)
	at com.mitchellbosecke.pebble.cache.template.NoOpTemplateCache.computeIfAbsent(NoOpTemplateCache.java:12)
	at com.mitchellbosecke.pebble.cache.template.NoOpTemplateCache.computeIfAbsent(NoOpTemplateCache.java:7)
	at com.mitchellbosecke.pebble.PebbleEngine.getTemplate(PebbleEngine.java:150)
	at com.mitchellbosecke.pebble.PebbleEngine.getTemplate(PebbleEngine.java:121)
	at com.mitchellbosecke.pebble.spring.servlet.PebbleView.evaluateTemplate(PebbleView.java:85)
	at com.mitchellbosecke.pebble.spring.servlet.PebbleView.renderMergedTemplateModel(PebbleView.java:61)
	at org.springframework.web.servlet.view.AbstractTemplateView.renderMergedOutputModel(AbstractTemplateView.java:179)
	at org.springframework.web.servlet.view.AbstractView.render(AbstractView.java:316)
	at org.springframework.web.servlet.DispatcherServlet.render(DispatcherServlet.java:1373)
	at org.springframework.web.servlet.DispatcherServlet.processDispatchResult(DispatcherServlet.java:1118)
	at org.springframework.web.servlet.DispatcherServlet.doDispatch(DispatcherServlet.java:1057)
	at org.springframework.web.servlet.DispatcherServlet.doService(DispatcherServlet.java:943)
	at org.springframework.web.servlet.FrameworkServlet.processRequest(FrameworkServlet.java:1006)
	at org.springframework.web.servlet.FrameworkServlet.doPost(FrameworkServlet.java:909)
	at javax.servlet.http.HttpServlet.service(HttpServlet.java:660)
	at org.springframework.web.servlet.FrameworkServlet.service(FrameworkServlet.java:883)
	at javax.servlet.http.HttpServlet.service(HttpServlet.java:741)
	at org.apache.catalina.core.ApplicationFilterChain.internalDoFilter(ApplicationFilterChain.java:231)
	at org.apache.catalina.core.ApplicationFilterChain.doFilter(ApplicationFilterChain.java:166)
	at org.apache.tomcat.websocket.server.WsFilter.doFilter(WsFilter.java:53)
	at org.apache.catalina.core.ApplicationFilterChain.internalDoFilter(ApplicationFilterChain.java:193)
	at org.apache.catalina.core.ApplicationFilterChain.doFilter(ApplicationFilterChain.java:166)
	at org.springframework.web.filter.RequestContextFilter.doFilterInternal(RequestContextFilter.java:100)
	at org.springframework.web.filter.OncePerRequestFilter.doFilter(OncePerRequestFilter.java:119)
	at org.apache.catalina.core.ApplicationFilterChain.internalDoFilter(ApplicationFilterChain.java:193)
	at org.apache.catalina.core.ApplicationFilterChain.doFilter(ApplicationFilterChain.java:166)
	at org.springframework.web.filter.FormContentFilter.doFilterInternal(FormContentFilter.java:93)
	at org.springframework.web.filter.OncePerRequestFilter.doFilter(OncePerRequestFilter.java:119)
	at org.apache.catalina.core.ApplicationFilterChain.internalDoFilter(ApplicationFilterChain.java:193)
	at org.apache.catalina.core.ApplicationFilterChain.doFilter(ApplicationFilterChain.java:166)
	at org.springframework.web.filter.CharacterEncodingFilter.doFilterInternal(CharacterEncodingFilter.java:201)
	at org.springframework.web.filter.OncePerRequestFilter.doFilter(OncePerRequestFilter.java:119)
	at org.apache.catalina.core.ApplicationFilterChain.internalDoFilter(ApplicationFilterChain.java:193)
	at org.apache.catalina.core.ApplicationFilterChain.doFilter(ApplicationFilterChain.java:166)
	at org.apache.catalina.core.StandardWrapperValve.invoke(StandardWrapperValve.java:202)
	at org.apache.catalina.core.StandardContextValve.invoke(StandardContextValve.java:96)
	at org.apache.catalina.authenticator.AuthenticatorBase.invoke(AuthenticatorBase.java:541)
	at org.apache.catalina.core.StandardHostValve.invoke(StandardHostValve.java:139)
	at org.apache.catalina.valves.ErrorReportValve.invoke(ErrorReportValve.java:92)
	at org.apache.catalina.core.StandardEngineValve.invoke(StandardEngineValve.java:74)
	at org.apache.catalina.connector.CoyoteAdapter.service(CoyoteAdapter.java:343)
	at org.apache.coyote.http11.Http11Processor.service(Http11Processor.java:373)
	at org.apache.coyote.AbstractProcessorLight.process(AbstractProcessorLight.java:65)
	at org.apache.coyote.AbstractProtocol$ConnectionHandler.process(AbstractProtocol.java:868)
	at org.apache.tomcat.util.net.NioEndpoint$SocketProcessor.doRun(NioEndpoint.java:1590)
	at org.apache.tomcat.util.net.SocketProcessorBase.run(SocketProcessorBase.java:49)
	at java.base/java.util.concurrent.ThreadPoolExecutor.runWorker(ThreadPoolExecutor.java:1136)
	at java.base/java.util.concurrent.ThreadPoolExecutor$Worker.run(ThreadPoolExecutor.java:635)
	at org.apache.tomcat.util.threads.TaskThread$WrappingRunnable.run(TaskThread.java:61)
	at java.base/java.lang.Thread.run(Thread.java:833)

2022-03-27 18:25:06.431 ERROR 17912 --- [http-nio-8080-exec-7] s.e.ErrorMvcAutoConfiguration$StaticView : Cannot render error page for request [/count] and exception [] as the response has already been committed. As a result, the response may have the wrong status code.
2022-03-27 18:27:16.673  INFO 17912 --- [RMI TCP Connection(8)-127.0.0.1] inMXBeanRegistrar$SpringApplicationAdmin : Application shutdown requested.
2022-03-27 18:27:16.700  INFO 17912 --- [RMI TCP Connection(8)-127.0.0.1] o.s.s.concurrent.ThreadPoolTaskExecutor  : Shutting down ExecutorService 'applicationTaskExecutor'
2022-03-27 18:34:38.085  INFO 11896 --- [main] com.example.demo.Application             : Starting Application on DESKTOP-KJUL5ST with PID 11896 (D:\DevelopTools\eclipse-workspace\SpringBoot-WordProcessor\target\classes started by qiao in D:\DevelopTools\eclipse-workspace\SpringBoot-WordProcessor)
2022-03-27 18:34:38.088  INFO 11896 --- [main] com.example.demo.Application             : No active profile set, falling back to default profiles: default
2022-03-27 18:34:38.767  INFO 11896 --- [main] o.s.b.w.embedded.tomcat.TomcatWebServer  : Tomcat initialized with port(s): 8080 (http)
2022-03-27 18:34:38.776  INFO 11896 --- [main] o.apache.catalina.core.StandardService   : Starting service [Tomcat]
2022-03-27 18:34:38.776  INFO 11896 --- [main] org.apache.catalina.core.StandardEngine  : Starting Servlet engine: [Apache Tomcat/9.0.35]
2022-03-27 18:34:38.855  INFO 11896 --- [main] o.a.c.c.C.[Tomcat].[localhost].[/]       : Initializing Spring embedded WebApplicationContext
2022-03-27 18:34:38.856  INFO 11896 --- [main] o.s.web.context.ContextLoader            : Root WebApplicationContext: initialization completed in 735 ms
2022-03-27 18:34:38.979  INFO 11896 --- [main] o.s.s.concurrent.ThreadPoolTaskExecutor  : Initializing ExecutorService 'applicationTaskExecutor'
2022-03-27 18:34:39.188  INFO 11896 --- [main] o.s.b.w.embedded.tomcat.TomcatWebServer  : Tomcat started on port(s): 8080 (http) with context path ''
2022-03-27 18:34:39.198  INFO 11896 --- [main] com.example.demo.Application             : Started Application in 1.467 seconds (JVM running for 2.033)
2022-03-27 18:34:47.077  INFO 11896 --- [http-nio-8080-exec-1] o.a.c.c.C.[Tomcat].[localhost].[/]       : Initializing Spring DispatcherServlet 'dispatcherServlet'
2022-03-27 18:34:47.078  INFO 11896 --- [http-nio-8080-exec-1] o.s.web.servlet.DispatcherServlet        : Initializing Servlet 'dispatcherServlet'
2022-03-27 18:34:47.084  INFO 11896 --- [http-nio-8080-exec-1] o.s.web.servlet.DispatcherServlet        : Completed initialization in 5 ms
2022-03-27 18:36:03.651  INFO 11896 --- [http-nio-8080-exec-6] com.example.demo.service.WordService     : Count String list [aaa, rrtr, cccbdd]...start with aaaaaa, min length 2...
2022-03-27 18:36:03.654  INFO 11896 --- [http-nio-8080-exec-6] com.example.demo.web.WordController      : count word: aaa,rrtr,cccbdd
2022-03-27 18:36:30.356  INFO 11896 --- [http-nio-8080-exec-7] com.example.demo.service.WordService     : Count String list [aaa, rrtr, cccbdd ]...start with aaa, min length 2...
2022-03-27 18:36:30.357  INFO 11896 --- [http-nio-8080-exec-7] com.example.demo.web.WordController      : count word: aaa,rrtr,cccbdd 
2022-03-27 18:36:41.684  INFO 11896 --- [http-nio-8080-exec-8] com.example.demo.service.WordService     : Count String list [aaa, rrtr, aaacccbdd  ]...start with aaa, min length 2...
2022-03-27 18:36:41.685  INFO 11896 --- [http-nio-8080-exec-8] com.example.demo.web.WordController      : count word: aaa,rrtr,aaacccbdd  
2022-03-27 18:37:28.709  INFO 11896 --- [RMI TCP Connection(6)-127.0.0.1] inMXBeanRegistrar$SpringApplicationAdmin : Application shutdown requested.
2022-03-27 18:37:28.734  INFO 11896 --- [RMI TCP Connection(6)-127.0.0.1] o.s.s.concurrent.ThreadPoolTaskExecutor  : Shutting down ExecutorService 'applicationTaskExecutor'
2022-03-27 23:02:20.023  INFO 8288 --- [main] com.example.demo.Application             : Starting Application on DESKTOP-KJUL5ST with PID 8288 (D:\DevelopTools\eclipse-workspace\SpringBoot-WordProcessor\target\classes started by qiao in D:\DevelopTools\eclipse-workspace\SpringBoot-WordProcessor)
2022-03-27 23:02:20.027  INFO 8288 --- [main] com.example.demo.Application             : No active profile set, falling back to default profiles: default
2022-03-27 23:02:20.853  INFO 8288 --- [main] o.s.b.w.embedded.tomcat.TomcatWebServer  : Tomcat initialized with port(s): 8080 (http)
2022-03-27 23:02:20.866  INFO 8288 --- [main] o.apache.catalina.core.StandardService   : Starting service [Tomcat]
2022-03-27 23:02:20.866  INFO 8288 --- [main] org.apache.catalina.core.StandardEngine  : Starting Servlet engine: [Apache Tomcat/9.0.35]
2022-03-27 23:02:20.976  INFO 8288 --- [main] o.a.c.c.C.[Tomcat].[localhost].[/]       : Initializing Spring embedded WebApplicationContext
2022-03-27 23:02:20.976  INFO 8288 --- [main] o.s.web.context.ContextLoader            : Root WebApplicationContext: initialization completed in 914 ms
2022-03-27 23:02:21.113  INFO 8288 --- [main] o.s.s.concurrent.ThreadPoolTaskExecutor  : Initializing ExecutorService 'applicationTaskExecutor'
2022-03-27 23:02:21.361  INFO 8288 --- [main] o.s.b.w.embedded.tomcat.TomcatWebServer  : Tomcat started on port(s): 8080 (http) with context path ''
2022-03-27 23:02:21.370  INFO 8288 --- [main] com.example.demo.Application             : Started Application in 1.706 seconds (JVM running for 2.256)
2022-03-27 23:02:43.950  INFO 8288 --- [http-nio-8080-exec-1] o.a.c.c.C.[Tomcat].[localhost].[/]       : Initializing Spring DispatcherServlet 'dispatcherServlet'
2022-03-27 23:02:43.952  INFO 8288 --- [http-nio-8080-exec-1] o.s.web.servlet.DispatcherServlet        : Initializing Servlet 'dispatcherServlet'
2022-03-27 23:02:43.959  INFO 8288 --- [http-nio-8080-exec-1] o.s.web.servlet.DispatcherServlet        : Completed initialization in 7 ms
2022-03-27 23:03:59.687  WARN 8288 --- [http-nio-8080-exec-6] .w.s.m.s.DefaultHandlerExceptionResolver : Resolved [org.springframework.web.bind.MissingServletRequestParameterException: Required String parameter 'endStr' is not present]
2022-03-27 23:05:12.008  INFO 8288 --- [http-nio-8080-exec-9] com.example.demo.service.WordService     : Count String list...[ sasdf, aaa, dfdf, aacc], filter rules: filter rules are:  start with aaaaaa 
2022-03-27 23:05:12.012  INFO 8288 --- [http-nio-8080-exec-9] com.example.demo.web.WordController      : count word:  sasdf,aaa,dfdf,aacc
2022-03-27 23:05:54.940  INFO 8288 --- [http-nio-8080-exec-2] com.example.demo.service.WordService     : Count String list...[ sasdf, aaa, dfdf, aacc ], filter rules: filter rules are:  start with a 
2022-03-27 23:05:54.940  INFO 8288 --- [http-nio-8080-exec-2] com.example.demo.web.WordController      : count word:  sasdf,aaa,dfdf,aacc 
2022-03-27 23:09:28.159  INFO 8288 --- [http-nio-8080-exec-4] com.example.demo.service.WordService     : Count String list...[ ], filter rules: filter rules are:  
2022-03-27 23:09:28.160  INFO 8288 --- [http-nio-8080-exec-4] com.example.demo.web.WordController      : count word:  
2022-03-27 23:09:29.930  INFO 8288 --- [http-nio-8080-exec-5] com.example.demo.service.WordService     : Count String list...[  ], filter rules: filter rules are:  
2022-03-27 23:09:29.931  INFO 8288 --- [http-nio-8080-exec-5] com.example.demo.web.WordController      : count word:   
2022-03-27 23:09:34.978  INFO 8288 --- [http-nio-8080-exec-6] com.example.demo.service.WordService     : Count String list...[   ], filter rules: filter rules are:  
2022-03-27 23:09:34.979  INFO 8288 --- [http-nio-8080-exec-6] com.example.demo.web.WordController      : count word:    
2022-03-27 23:09:36.267  INFO 8288 --- [http-nio-8080-exec-7] com.example.demo.service.WordService     : Count String list...[    ], filter rules: filter rules are:  
2022-03-27 23:09:36.268  INFO 8288 --- [http-nio-8080-exec-7] com.example.demo.web.WordController      : count word:     
2022-03-27 23:10:26.835  INFO 8288 --- [http-nio-8080-exec-8] com.example.demo.service.WordService     : Count String list...[], filter rules: filter rules are:  
2022-03-27 23:10:26.836  INFO 8288 --- [http-nio-8080-exec-8] com.example.demo.web.WordController      : count word: 
2022-03-27 23:15:12.569  INFO 8288 --- [RMI TCP Connection(16)-127.0.0.1] inMXBeanRegistrar$SpringApplicationAdmin : Application shutdown requested.
2022-03-27 23:15:12.602  INFO 8288 --- [RMI TCP Connection(16)-127.0.0.1] o.s.s.concurrent.ThreadPoolTaskExecutor  : Shutting down ExecutorService 'applicationTaskExecutor'
2022-03-27 23:15:20.777  INFO 16644 --- [main] com.example.demo.Application             : Starting Application on DESKTOP-KJUL5ST with PID 16644 (D:\DevelopTools\eclipse-workspace\SpringBoot-WordProcessor\target\classes started by qiao in D:\DevelopTools\eclipse-workspace\SpringBoot-WordProcessor)
2022-03-27 23:15:20.780  INFO 16644 --- [main] com.example.demo.Application             : No active profile set, falling back to default profiles: default
2022-03-27 23:15:21.443  INFO 16644 --- [main] o.s.b.w.embedded.tomcat.TomcatWebServer  : Tomcat initialized with port(s): 8080 (http)
2022-03-27 23:15:21.451  INFO 16644 --- [main] o.apache.catalina.core.StandardService   : Starting service [Tomcat]
2022-03-27 23:15:21.452  INFO 16644 --- [main] org.apache.catalina.core.StandardEngine  : Starting Servlet engine: [Apache Tomcat/9.0.35]
2022-03-27 23:15:21.531  INFO 16644 --- [main] o.a.c.c.C.[Tomcat].[localhost].[/]       : Initializing Spring embedded WebApplicationContext
2022-03-27 23:15:21.531  INFO 16644 --- [main] o.s.web.context.ContextLoader            : Root WebApplicationContext: initialization completed in 719 ms
2022-03-27 23:15:21.655  INFO 16644 --- [main] o.s.s.concurrent.ThreadPoolTaskExecutor  : Initializing ExecutorService 'applicationTaskExecutor'
2022-03-27 23:15:21.861  INFO 16644 --- [main] o.s.b.w.embedded.tomcat.TomcatWebServer  : Tomcat started on port(s): 8080 (http) with context path ''
2022-03-27 23:15:21.868  INFO 16644 --- [main] com.example.demo.Application             : Started Application in 1.431 seconds (JVM running for 1.998)
2022-03-27 23:15:44.765  INFO 16644 --- [http-nio-8080-exec-1] o.a.c.c.C.[Tomcat].[localhost].[/]       : Initializing Spring DispatcherServlet 'dispatcherServlet'
2022-03-27 23:15:44.766  INFO 16644 --- [http-nio-8080-exec-1] o.s.web.servlet.DispatcherServlet        : Initializing Servlet 'dispatcherServlet'
2022-03-27 23:15:44.773  INFO 16644 --- [http-nio-8080-exec-1] o.s.web.servlet.DispatcherServlet        : Completed initialization in 7 ms
2022-03-27 23:15:51.457  INFO 16644 --- [http-nio-8080-exec-2] com.example.demo.service.WordService     : Count String list...[], filter rules: filter rules are:  
2022-03-27 23:15:51.459  INFO 16644 --- [http-nio-8080-exec-2] com.example.demo.web.WordController      : count word:  
2022-03-27 23:16:50.317  INFO 16644 --- [http-nio-8080-exec-4] com.example.demo.service.WordService     : Count String list...[aaaaaaaaa, bbbaaaaaaa, abbbaaaaa], filter rules: filter rules are:  start with aaaaaa 
2022-03-27 23:16:50.317  INFO 16644 --- [http-nio-8080-exec-4] com.example.demo.web.WordController      : count word: aaaaaaaaa,bbbaaaaaaa,abbbaaaaa
2022-03-27 23:17:00.909  INFO 16644 --- [http-nio-8080-exec-5] com.example.demo.service.WordService     : Count String list...[aaaaaaaaa, bbbaaaaaaa, abbbaaaaa], filter rules: filter rules are:  start with aaaaaa end with 3 
2022-03-27 23:17:00.909  INFO 16644 --- [http-nio-8080-exec-5] com.example.demo.web.WordController      : count word: aaaaaaaaa,bbbaaaaaaa,abbbaaaaa 
2022-03-27 23:17:09.157  INFO 16644 --- [http-nio-8080-exec-6] com.example.demo.service.WordService     : Count String list...[aaaaaaaaa, bbbaaaaaaa, abbbaaaaa], filter rules: filter rules are:  start with a end with 3 
2022-03-27 23:17:09.157  INFO 16644 --- [http-nio-8080-exec-6] com.example.demo.web.WordController      : count word: aaaaaaaaa,bbbaaaaaaa,abbbaaaaa  
2022-03-27 23:17:19.102  INFO 16644 --- [http-nio-8080-exec-7] com.example.demo.service.WordService     : Count String list...[aaaaaaaaa, bbbaaaaaaa, ab], filter rules: filter rules are:  start with a end with 3 
2022-03-27 23:17:19.102  INFO 16644 --- [http-nio-8080-exec-7] com.example.demo.web.WordController      : count word: aaaaaaaaa,bbbaaaaaaa,ab
2022-03-27 23:18:07.048  INFO 16644 --- [http-nio-8080-exec-9] com.example.demo.service.WordService     : Count String list...[aaaaaaaaa, bbbaaaaaaa, ab], filter rules: filter rules are:  start with a longer than 3 
2022-03-27 23:18:07.049  INFO 16644 --- [http-nio-8080-exec-9] com.example.demo.web.WordController      : count word: aaaaaaaaa,bbbaaaaaaa,ab 
2022-03-27 23:20:34.799  INFO 16644 --- [http-nio-8080-exec-2] com.example.demo.service.WordService     : Count String list...[aaaaaaaaa, bbbaaaaaaa, ab], filter rules: filter rules are:  longer than 3 
2022-03-27 23:20:34.800  INFO 16644 --- [http-nio-8080-exec-2] com.example.demo.web.WordController      : count word: aaaaaaaaa,bbbaaaaaaa,ab  
2022-03-27 23:20:37.283  INFO 16644 --- [http-nio-8080-exec-3] com.example.demo.service.WordService     : Count String list...[aaaaaaaaa, bbbaaaaaaa, ab], filter rules: filter rules are:  longer than 3 
2022-03-27 23:20:37.284  INFO 16644 --- [http-nio-8080-exec-3] com.example.demo.web.WordController      : count word: aaaaaaaaa,bbbaaaaaaa,ab   
2022-03-27 23:27:59.068  INFO 16644 --- [http-nio-8080-exec-7] com.example.demo.service.WordService     : Count String list...[sasdf, aaa, dfdf, aacc], filter rules: filter rules are:  start with a 
2022-03-27 23:27:59.069  INFO 16644 --- [http-nio-8080-exec-7] com.example.demo.web.WordController      : count word:  sasdf,aaa,dfdf,aacc
2022-03-27 23:28:07.085  INFO 16644 --- [http-nio-8080-exec-8] com.example.demo.service.WordService     : Count String list...[sasdf, aaa, dfdf, aacc], filter rules: filter rules are:  start with a end with c 
2022-03-27 23:28:07.085  INFO 16644 --- [http-nio-8080-exec-8] com.example.demo.web.WordController      : count word:  sasdf,aaa,dfdf,aacc 
2022-03-27 23:28:14.411  INFO 16644 --- [http-nio-8080-exec-9] com.example.demo.service.WordService     : Count String list...[sasdf, aaa, dfdf, aacc], filter rules: filter rules are:  start with a end with c 
2022-03-27 23:28:14.412  INFO 16644 --- [http-nio-8080-exec-9] com.example.demo.web.WordController      : count word:  sasdf,aaa,dfdf,aacc  
2022-03-27 23:28:25.252  INFO 16644 --- [RMI TCP Connection(15)-127.0.0.1] inMXBeanRegistrar$SpringApplicationAdmin : Application shutdown requested.
2022-03-27 23:28:25.283  INFO 16644 --- [RMI TCP Connection(15)-127.0.0.1] o.s.s.concurrent.ThreadPoolTaskExecutor  : Shutting down ExecutorService 'applicationTaskExecutor'
2022-03-27 23:31:32.312  INFO 5548 --- [main] com.example.demo.Application             : Starting Application on DESKTOP-KJUL5ST with PID 5548 (D:\DevelopTools\eclipse-workspace\SpringBoot-WordProcessor\target\classes started by qiao in D:\DevelopTools\eclipse-workspace\SpringBoot-WordProcessor)
2022-03-27 23:31:32.318  INFO 5548 --- [main] com.example.demo.Application             : No active profile set, falling back to default profiles: default
2022-03-27 23:31:33.165  INFO 5548 --- [main] o.s.b.w.embedded.tomcat.TomcatWebServer  : Tomcat initialized with port(s): 8080 (http)
2022-03-27 23:31:33.183  INFO 5548 --- [main] o.apache.catalina.core.StandardService   : Starting service [Tomcat]
2022-03-27 23:31:33.183  INFO 5548 --- [main] org.apache.catalina.core.StandardEngine  : Starting Servlet engine: [Apache Tomcat/9.0.35]
2022-03-27 23:31:33.261  INFO 5548 --- [main] o.a.c.c.C.[Tomcat].[localhost].[/]       : Initializing Spring embedded WebApplicationContext
2022-03-27 23:31:33.261  INFO 5548 --- [main] o.s.web.context.ContextLoader            : Root WebApplicationContext: initialization completed in 906 ms
2022-03-27 23:31:33.406  INFO 5548 --- [main] o.s.s.concurrent.ThreadPoolTaskExecutor  : Initializing ExecutorService 'applicationTaskExecutor'
2022-03-27 23:31:33.632  INFO 5548 --- [main] o.s.b.w.embedded.tomcat.TomcatWebServer  : Tomcat started on port(s): 8080 (http) with context path ''
2022-03-27 23:31:33.641  INFO 5548 --- [main] com.example.demo.Application             : Started Application in 1.739 seconds (JVM running for 2.788)
2022-03-27 23:31:42.066  INFO 5548 --- [http-nio-8080-exec-1] o.a.c.c.C.[Tomcat].[localhost].[/]       : Initializing Spring DispatcherServlet 'dispatcherServlet'
2022-03-27 23:31:42.066  INFO 5548 --- [http-nio-8080-exec-1] o.s.web.servlet.DispatcherServlet        : Initializing Servlet 'dispatcherServlet'
2022-03-27 23:31:42.072  INFO 5548 --- [http-nio-8080-exec-1] o.s.web.servlet.DispatcherServlet        : Completed initialization in 6 ms
2022-03-27 23:31:42.100  INFO 5548 --- [http-nio-8080-exec-1] com.example.demo.service.WordService     : Count String list...[sasdf, aaa, dfdf, aacc], filter rules:  start with a end with c 
2022-03-27 23:33:06.044  INFO 5548 --- [http-nio-8080-exec-3] com.example.demo.service.WordService     : Count String list...[sasdf, aaa, dfdf, aacc], filter rules:  start with a end with c 
2022-03-27 23:39:15.606  INFO 15684 --- [main] com.example.demo.Application             : Starting Application on DESKTOP-KJUL5ST with PID 15684 (D:\DevelopTools\eclipse-workspace\SpringBoot-WordProcessor\target\classes started by qiao in D:\DevelopTools\eclipse-workspace\SpringBoot-WordProcessor)
2022-03-27 23:39:15.608  INFO 15684 --- [main] com.example.demo.Application             : No active profile set, falling back to default profiles: default
2022-03-27 23:39:16.328  INFO 15684 --- [main] o.s.b.w.embedded.tomcat.TomcatWebServer  : Tomcat initialized with port(s): 8080 (http)
2022-03-27 23:39:16.337  INFO 15684 --- [main] o.apache.catalina.core.StandardService   : Starting service [Tomcat]
2022-03-27 23:39:16.338  INFO 15684 --- [main] org.apache.catalina.core.StandardEngine  : Starting Servlet engine: [Apache Tomcat/9.0.35]
2022-03-27 23:39:16.413  INFO 15684 --- [main] o.a.c.c.C.[Tomcat].[localhost].[/]       : Initializing Spring embedded WebApplicationContext
2022-03-27 23:39:16.414  INFO 15684 --- [main] o.s.web.context.ContextLoader            : Root WebApplicationContext: initialization completed in 771 ms
2022-03-27 23:39:16.545  INFO 15684 --- [main] o.s.s.concurrent.ThreadPoolTaskExecutor  : Initializing ExecutorService 'applicationTaskExecutor'
2022-03-27 23:39:16.748  INFO 15684 --- [main] o.s.b.w.embedded.tomcat.TomcatWebServer  : Tomcat started on port(s): 8080 (http) with context path ''
2022-03-27 23:39:16.756  INFO 15684 --- [main] com.example.demo.Application             : Started Application in 1.499 seconds (JVM running for 2.096)
2022-03-27 23:39:52.345  INFO 15684 --- [http-nio-8080-exec-1] o.a.c.c.C.[Tomcat].[localhost].[/]       : Initializing Spring DispatcherServlet 'dispatcherServlet'
2022-03-27 23:39:52.346  INFO 15684 --- [http-nio-8080-exec-1] o.s.web.servlet.DispatcherServlet        : Initializing Servlet 'dispatcherServlet'
2022-03-27 23:39:52.354  INFO 15684 --- [http-nio-8080-exec-1] o.s.web.servlet.DispatcherServlet        : Completed initialization in 8 ms
2022-03-27 23:40:07.826  INFO 15684 --- [http-nio-8080-exec-6] com.example.demo.service.WordService     : Count String list...[sasdf, aaa, dfdf, aacc], filter rules:  start with a 
2022-03-27 23:40:11.753  INFO 15684 --- [http-nio-8080-exec-7] com.example.demo.service.WordService     : Count String list...[sasdf, aaa, dfdf, aacc], filter rules:  start with a end with c 
2022-03-27 23:40:17.381  INFO 15684 --- [http-nio-8080-exec-8] com.example.demo.service.WordService     : Count String list...[sasdf, aaa, dfdf, aacc], filter rules:  start with a end with c longer than 3 
2022-03-27 23:40:21.021  INFO 15684 --- [http-nio-8080-exec-1] com.example.demo.service.WordService     : Count String list...[sasdf, aaa, dfdf, aacc], filter rules:  start with a end with c longer than 5 
2022-03-27 23:40:43.803  INFO 15684 --- [http-nio-8080-exec-2] com.example.demo.service.WordService     : Count String list...[sasdf, aaa, dfdf, aacc], filter rules:  start with a end with 2 longer than 2 
2022-03-27 23:40:53.767  INFO 15684 --- [http-nio-8080-exec-5] com.example.demo.service.WordService     : Count String list...[sasdf, aaa, dfdf, aacc], filter rules:  start with A end with c longer than 2 
2022-03-27 23:41:54.862  INFO 15684 --- [http-nio-8080-exec-8] com.example.demo.service.WordService     : Count String list...[], filter rules:  start with A end with c longer than 2 
2022-03-27 23:42:04.582  INFO 15684 --- [http-nio-8080-exec-1] com.example.demo.service.WordService     : Count String list...[], filter rules:  
2022-03-27 23:42:20.892  INFO 15684 --- [http-nio-8080-exec-3] com.example.demo.service.WordService     : Count String list...[sfdf23], filter rules:  
2022-03-27 23:42:32.325  INFO 15684 --- [http-nio-8080-exec-7] com.example.demo.service.WordService     : Count String list...[sfdf23], filter rules:  start with a 
2022-03-27 23:42:37.041  INFO 15684 --- [http-nio-8080-exec-8] com.example.demo.service.WordService     : Count String list...[sfdf23], filter rules:  start with s 
2022-03-27 23:42:42.734  INFO 15684 --- [http-nio-8080-exec-1] com.example.demo.service.WordService     : Count String list...[], filter rules:  start with s 
2022-03-27 23:42:46.522  INFO 15684 --- [http-nio-8080-exec-2] com.example.demo.service.WordService     : Count String list...[], filter rules:  
2022-03-27 23:42:51.988  INFO 15684 --- [http-nio-8080-exec-5] com.example.demo.service.WordService     : Count String list...[], filter rules:  
2022-03-27 23:43:02.668  INFO 15684 --- [http-nio-8080-exec-8] com.example.demo.service.WordService     : Count String list...[], filter rules:  
2022-03-27 23:44:07.340  INFO 15684 --- [http-nio-8080-exec-1] com.example.demo.service.WordService     : Count String list...[], filter rules:  
2022-03-27 23:44:27.998  INFO 15684 --- [http-nio-8080-exec-3] com.example.demo.service.WordService     : Count String list...[], filter rules:  
2022-03-27 23:46:47.242  INFO 15684 --- [http-nio-8080-exec-6] com.example.demo.service.WordService     : Count String list...[], filter rules:  
2022-03-27 23:46:50.448  INFO 15684 --- [RMI TCP Connection(11)-127.0.0.1] inMXBeanRegistrar$SpringApplicationAdmin : Application shutdown requested.
2022-03-27 23:46:50.483  INFO 15684 --- [RMI TCP Connection(11)-127.0.0.1] o.s.s.concurrent.ThreadPoolTaskExecutor  : Shutting down ExecutorService 'applicationTaskExecutor'
2022-03-27 23:51:13.888  INFO 13656 --- [main] com.example.demo.Application             : Starting Application on DESKTOP-KJUL5ST with PID 13656 (D:\DevelopTools\eclipse-workspace\SpringBoot-WordProcessor\target\classes started by qiao in D:\DevelopTools\eclipse-workspace\SpringBoot-WordProcessor)
2022-03-27 23:51:13.890  INFO 13656 --- [main] com.example.demo.Application             : No active profile set, falling back to default profiles: default
2022-03-27 23:51:14.609  INFO 13656 --- [main] o.s.b.w.embedded.tomcat.TomcatWebServer  : Tomcat initialized with port(s): 8080 (http)
2022-03-27 23:51:14.619  INFO 13656 --- [main] o.apache.catalina.core.StandardService   : Starting service [Tomcat]
2022-03-27 23:51:14.619  INFO 13656 --- [main] org.apache.catalina.core.StandardEngine  : Starting Servlet engine: [Apache Tomcat/9.0.35]
2022-03-27 23:51:14.693  INFO 13656 --- [main] o.a.c.c.C.[Tomcat].[localhost].[/]       : Initializing Spring embedded WebApplicationContext
2022-03-27 23:51:14.694  INFO 13656 --- [main] o.s.web.context.ContextLoader            : Root WebApplicationContext: initialization completed in 770 ms
2022-03-27 23:51:14.821  INFO 13656 --- [main] o.s.s.concurrent.ThreadPoolTaskExecutor  : Initializing ExecutorService 'applicationTaskExecutor'
2022-03-27 23:51:15.030  INFO 13656 --- [main] o.s.b.w.embedded.tomcat.TomcatWebServer  : Tomcat started on port(s): 8080 (http) with context path ''
2022-03-27 23:51:15.039  INFO 13656 --- [main] com.example.demo.Application             : Started Application in 1.489 seconds (JVM running for 2.052)
2022-03-27 23:51:42.138  INFO 13656 --- [http-nio-8080-exec-1] o.a.c.c.C.[Tomcat].[localhost].[/]       : Initializing Spring DispatcherServlet 'dispatcherServlet'
2022-03-27 23:51:42.138  INFO 13656 --- [http-nio-8080-exec-1] o.s.web.servlet.DispatcherServlet        : Initializing Servlet 'dispatcherServlet'
2022-03-27 23:51:42.145  INFO 13656 --- [http-nio-8080-exec-1] o.s.web.servlet.DispatcherServlet        : Completed initialization in 6 ms
2022-03-27 23:51:42.183 ERROR 13656 --- [http-nio-8080-exec-1] com.example.demo.web.WordController      : Input string list is empty!
2022-03-27 23:52:29.663  INFO 13656 --- [http-nio-8080-exec-4] com.example.demo.service.WordService     : Count String list...[   ], filter rules:  start with aaaaaa end with c shorter than 5 longer than 2 
2022-03-27 23:52:38.740 ERROR 13656 --- [http-nio-8080-exec-5] com.example.demo.web.WordController      : Input string list is empty!
2022-03-27 23:54:09.801  INFO 13656 --- [RMI TCP Connection(6)-127.0.0.1] inMXBeanRegistrar$SpringApplicationAdmin : Application shutdown requested.
2022-03-27 23:54:09.833  INFO 13656 --- [RMI TCP Connection(6)-127.0.0.1] o.s.s.concurrent.ThreadPoolTaskExecutor  : Shutting down ExecutorService 'applicationTaskExecutor'
2022-03-28 00:22:43.779  INFO 20572 --- [main] com.example.demo.Application             : Starting Application on DESKTOP-KJUL5ST with PID 20572 (D:\DevelopTools\eclipse-workspace\SpringBoot-WordProcessor\target\classes started by qiao in D:\DevelopTools\eclipse-workspace\SpringBoot-WordProcessor)
2022-03-28 00:22:43.783  INFO 20572 --- [main] com.example.demo.Application             : No active profile set, falling back to default profiles: default
2022-03-28 00:22:44.607  INFO 20572 --- [main] o.s.b.w.embedded.tomcat.TomcatWebServer  : Tomcat initialized with port(s): 8080 (http)
2022-03-28 00:22:44.619  INFO 20572 --- [main] o.apache.catalina.core.StandardService   : Starting service [Tomcat]
2022-03-28 00:22:44.620  INFO 20572 --- [main] org.apache.catalina.core.StandardEngine  : Starting Servlet engine: [Apache Tomcat/9.0.35]
2022-03-28 00:22:44.716  INFO 20572 --- [main] o.a.c.c.C.[Tomcat].[localhost].[/]       : Initializing Spring embedded WebApplicationContext
2022-03-28 00:22:44.716  INFO 20572 --- [main] o.s.web.context.ContextLoader            : Root WebApplicationContext: initialization completed in 899 ms
2022-03-28 00:22:44.863  INFO 20572 --- [main] o.s.s.concurrent.ThreadPoolTaskExecutor  : Initializing ExecutorService 'applicationTaskExecutor'
2022-03-28 00:22:45.119  INFO 20572 --- [main] o.s.b.w.embedded.tomcat.TomcatWebServer  : Tomcat started on port(s): 8080 (http) with context path ''
2022-03-28 00:22:45.129  INFO 20572 --- [main] com.example.demo.Application             : Started Application in 1.69 seconds (JVM running for 2.267)
2022-03-28 00:22:56.687  INFO 20572 --- [http-nio-8080-exec-1] o.a.c.c.C.[Tomcat].[localhost].[/]       : Initializing Spring DispatcherServlet 'dispatcherServlet'
2022-03-28 00:22:56.688  INFO 20572 --- [http-nio-8080-exec-1] o.s.web.servlet.DispatcherServlet        : Initializing Servlet 'dispatcherServlet'
2022-03-28 00:22:56.695  INFO 20572 --- [http-nio-8080-exec-1] o.s.web.servlet.DispatcherServlet        : Completed initialization in 7 ms
2022-03-28 00:23:00.894  INFO 20572 --- [http-nio-8080-exec-6] com.example.demo.service.WordService     : Count String list...[ sasdf, aaa, dfdf, aacc], filter rules:  
2022-03-28 00:23:07.103  INFO 20572 --- [http-nio-8080-exec-9] com.example.demo.service.WordService     : Count String list...[ sasdf, aaa, dfdf, aacc ], filter rules:  start with a 
2022-03-28 00:23:11.094  INFO 20572 --- [http-nio-8080-exec-10] com.example.demo.service.WordService     : Count String list...[ sasdf, aaa, dfdf, aacc  ], filter rules:  start with a end with a 
2022-03-28 00:23:15.020  INFO 20572 --- [http-nio-8080-exec-3] com.example.demo.service.WordService     : Count String list...[ sasdf, aaa, dfdf, aacc   ], filter rules:  start with a end with b 
2022-03-28 00:23:21.910  INFO 20572 --- [http-nio-8080-exec-6] com.example.demo.service.WordService     : Count String list...[   ], filter rules:  start with a end with b 
2022-03-28 00:23:30.239 ERROR 20572 --- [http-nio-8080-exec-7] com.example.demo.web.WordController      : Input string list is empty!
2022-03-28 00:23:41.712  INFO 20572 --- [RMI TCP Connection(4)-127.0.0.1] inMXBeanRegistrar$SpringApplicationAdmin : Application shutdown requested.
2022-03-28 00:23:41.746  INFO 20572 --- [RMI TCP Connection(4)-127.0.0.1] o.s.s.concurrent.ThreadPoolTaskExecutor  : Shutting down ExecutorService 'applicationTaskExecutor'
2022-03-28 00:25:40.559  INFO 15868 --- [main] com.example.demo.HttpRequestTest         : Starting HttpRequestTest on DESKTOP-KJUL5ST with PID 15868 (started by qiao in D:\DevelopTools\eclipse-workspace\SpringBoot-WordProcessor)
2022-03-28 00:25:40.560  INFO 15868 --- [main] com.example.demo.HttpRequestTest         : No active profile set, falling back to default profiles: default
2022-03-28 00:25:41.652  INFO 15868 --- [main] o.s.b.w.embedded.tomcat.TomcatWebServer  : Tomcat initialized with port(s): 0 (http)
2022-03-28 00:25:41.667  INFO 15868 --- [main] o.apache.catalina.core.StandardService   : Starting service [Tomcat]
2022-03-28 00:25:41.668  INFO 15868 --- [main] org.apache.catalina.core.StandardEngine  : Starting Servlet engine: [Apache Tomcat/9.0.35]
2022-03-28 00:25:41.780  INFO 15868 --- [main] o.a.c.c.C.[Tomcat].[localhost].[/]       : Initializing Spring embedded WebApplicationContext
2022-03-28 00:25:41.780  INFO 15868 --- [main] o.s.web.context.ContextLoader            : Root WebApplicationContext: initialization completed in 1201 ms
2022-03-28 00:25:42.107  INFO 15868 --- [main] o.s.s.concurrent.ThreadPoolTaskExecutor  : Initializing ExecutorService 'applicationTaskExecutor'
2022-03-28 00:25:42.533  INFO 15868 --- [main] o.s.b.w.embedded.tomcat.TomcatWebServer  : Tomcat started on port(s): 53875 (http) with context path ''
2022-03-28 00:25:42.547  INFO 15868 --- [main] com.example.demo.HttpRequestTest         : Started HttpRequestTest in 2.379 seconds (JVM running for 3.706)
2022-03-28 00:25:43.147  INFO 15868 --- [http-nio-auto-1-exec-1] o.a.c.c.C.[Tomcat].[localhost].[/]       : Initializing Spring DispatcherServlet 'dispatcherServlet'
2022-03-28 00:25:43.148  INFO 15868 --- [http-nio-auto-1-exec-1] o.s.web.servlet.DispatcherServlet        : Initializing Servlet 'dispatcherServlet'
2022-03-28 00:25:43.168  INFO 15868 --- [http-nio-auto-1-exec-1] o.s.web.servlet.DispatcherServlet        : Completed initialization in 20 ms
2022-03-28 00:25:43.368  INFO 15868 --- [SpringContextShutdownHook] o.s.s.concurrent.ThreadPoolTaskExecutor  : Shutting down ExecutorService 'applicationTaskExecutor'
2022-03-28 00:30:07.711  INFO 11148 --- [main] com.example.demo.HttpRequestTest         : Starting HttpRequestTest on DESKTOP-KJUL5ST with PID 11148 (started by qiao in D:\DevelopTools\eclipse-workspace\SpringBoot-WordProcessor)
2022-03-28 00:30:07.712  INFO 11148 --- [main] com.example.demo.HttpRequestTest         : No active profile set, falling back to default profiles: default
2022-03-28 00:30:08.792  INFO 11148 --- [main] o.s.b.w.embedded.tomcat.TomcatWebServer  : Tomcat initialized with port(s): 0 (http)
2022-03-28 00:30:08.804  INFO 11148 --- [main] o.apache.catalina.core.StandardService   : Starting service [Tomcat]
2022-03-28 00:30:08.804  INFO 11148 --- [main] org.apache.catalina.core.StandardEngine  : Starting Servlet engine: [Apache Tomcat/9.0.35]
2022-03-28 00:30:08.905  INFO 11148 --- [main] o.a.c.c.C.[Tomcat].[localhost].[/]       : Initializing Spring embedded WebApplicationContext
2022-03-28 00:30:08.905  INFO 11148 --- [main] o.s.web.context.ContextLoader            : Root WebApplicationContext: initialization completed in 1174 ms
2022-03-28 00:30:09.285  INFO 11148 --- [main] o.s.s.concurrent.ThreadPoolTaskExecutor  : Initializing ExecutorService 'applicationTaskExecutor'
2022-03-28 00:30:09.696  INFO 11148 --- [main] o.s.b.w.embedded.tomcat.TomcatWebServer  : Tomcat started on port(s): 49603 (http) with context path ''
2022-03-28 00:30:09.706  INFO 11148 --- [main] com.example.demo.HttpRequestTest         : Started HttpRequestTest in 2.36 seconds (JVM running for 3.485)
2022-03-28 00:30:10.149  INFO 11148 --- [http-nio-auto-1-exec-1] o.a.c.c.C.[Tomcat].[localhost].[/]       : Initializing Spring DispatcherServlet 'dispatcherServlet'
2022-03-28 00:30:10.150  INFO 11148 --- [http-nio-auto-1-exec-1] o.s.web.servlet.DispatcherServlet        : Initializing Servlet 'dispatcherServlet'
2022-03-28 00:30:10.171  INFO 11148 --- [http-nio-auto-1-exec-1] o.s.web.servlet.DispatcherServlet        : Completed initialization in 21 ms
2022-03-28 00:30:10.314  INFO 11148 --- [SpringContextShutdownHook] o.s.s.concurrent.ThreadPoolTaskExecutor  : Shutting down ExecutorService 'applicationTaskExecutor'
2022-03-28 00:46:56.311  INFO 1420 --- [main] com.example.demo.ApplicationTests        : Starting ApplicationTests on DESKTOP-KJUL5ST with PID 1420 (started by qiao in D:\DevelopTools\eclipse-workspace\SpringBoot-WordProcessor)
2022-03-28 00:46:56.313  INFO 1420 --- [main] com.example.demo.ApplicationTests        : No active profile set, falling back to default profiles: default
2022-03-28 00:46:57.468  INFO 1420 --- [main] o.s.s.concurrent.ThreadPoolTaskExecutor  : Initializing ExecutorService 'applicationTaskExecutor'
2022-03-28 00:46:57.810  INFO 1420 --- [main] com.example.demo.ApplicationTests        : Started ApplicationTests in 1.857 seconds (JVM running for 2.984)
2022-03-28 00:46:58.243  INFO 1420 --- [SpringContextShutdownHook] o.s.s.concurrent.ThreadPoolTaskExecutor  : Shutting down ExecutorService 'applicationTaskExecutor'
2022-03-28 01:32:36.925  INFO 16312 --- [main] c.e.demo.EchoControllerNoMockitoTest     : Starting EchoControllerNoMockitoTest on DESKTOP-KJUL5ST with PID 16312 (started by qiao in D:\DevelopTools\eclipse-workspace\SpringBoot-WordProcessor)
2022-03-28 01:32:36.937  INFO 16312 --- [main] c.e.demo.EchoControllerNoMockitoTest     : No active profile set, falling back to default profiles: default
2022-03-28 01:32:37.177  WARN 16312 --- [main] o.s.w.c.s.GenericWebApplicationContext   : Exception encountered during context initialization - cancelling refresh attempt: org.springframework.beans.factory.BeanCreationException: Error creating bean with name 'springApplication': Instantiation of bean failed; nested exception is org.springframework.beans.BeanInstantiationException: Failed to instantiate [org.springframework.boot.SpringApplication]: No default constructor found; nested exception is java.lang.NoSuchMethodException: org.springframework.boot.SpringApplication.<init>()
2022-03-28 01:32:37.181  INFO 16312 --- [main] ConditionEvaluationReportLoggingListener : 

Error starting ApplicationContext. To display the conditions report re-run your application with 'debug' enabled.
2022-03-28 01:32:37.185 ERROR 16312 --- [main] o.s.boot.SpringApplication               : Application run failed

org.springframework.beans.factory.BeanCreationException: Error creating bean with name 'springApplication': Instantiation of bean failed; nested exception is org.springframework.beans.BeanInstantiationException: Failed to instantiate [org.springframework.boot.SpringApplication]: No default constructor found; nested exception is java.lang.NoSuchMethodException: org.springframework.boot.SpringApplication.<init>()
	at org.springframework.beans.factory.support.AbstractAutowireCapableBeanFactory.instantiateBean(AbstractAutowireCapableBeanFactory.java:1320)
	at org.springframework.beans.factory.support.AbstractAutowireCapableBeanFactory.createBeanInstance(AbstractAutowireCapableBeanFactory.java:1214)
	at org.springframework.beans.factory.support.AbstractAutowireCapableBeanFactory.doCreateBean(AbstractAutowireCapableBeanFactory.java:557)
	at org.springframework.beans.factory.support.AbstractAutowireCapableBeanFactory.createBean(AbstractAutowireCapableBeanFactory.java:517)
	at org.springframework.beans.factory.support.AbstractBeanFactory.lambda$doGetBean$0(AbstractBeanFactory.java:323)
	at org.springframework.beans.factory.support.DefaultSingletonBeanRegistry.getSingleton(DefaultSingletonBeanRegistry.java:226)
	at org.springframework.beans.factory.support.AbstractBeanFactory.doGetBean(AbstractBeanFactory.java:321)
	at org.springframework.beans.factory.support.AbstractBeanFactory.getBean(AbstractBeanFactory.java:202)
	at org.springframework.beans.factory.support.DefaultListableBeanFactory.preInstantiateSingletons(DefaultListableBeanFactory.java:895)
	at org.springframework.context.support.AbstractApplicationContext.finishBeanFactoryInitialization(AbstractApplicationContext.java:878)
	at org.springframework.context.support.AbstractApplicationContext.refresh(AbstractApplicationContext.java:550)
	at org.springframework.boot.SpringApplication.refresh(SpringApplication.java:758)
	at org.springframework.boot.SpringApplication.refresh(SpringApplication.java:750)
	at org.springframework.boot.SpringApplication.refreshContext(SpringApplication.java:397)
	at org.springframework.boot.SpringApplication.run(SpringApplication.java:315)
	at org.springframework.boot.test.context.SpringBootContextLoader.loadContext(SpringBootContextLoader.java:120)
	at org.springframework.test.context.cache.DefaultCacheAwareContextLoaderDelegate.loadContextInternal(DefaultCacheAwareContextLoaderDelegate.java:99)
	at org.springframework.test.context.cache.DefaultCacheAwareContextLoaderDelegate.loadContext(DefaultCacheAwareContextLoaderDelegate.java:124)
	at org.springframework.test.context.support.DefaultTestContext.getApplicationContext(DefaultTestContext.java:123)
	at org.springframework.test.context.web.ServletTestExecutionListener.setUpRequestContextIfNecessary(ServletTestExecutionListener.java:190)
	at org.springframework.test.context.web.ServletTestExecutionListener.prepareTestInstance(ServletTestExecutionListener.java:132)
	at org.springframework.test.context.TestContextManager.prepareTestInstance(TestContextManager.java:244)
	at org.springframework.test.context.junit.jupiter.SpringExtension.postProcessTestInstance(SpringExtension.java:98)
	at org.junit.jupiter.engine.descriptor.ClassBasedTestDescriptor.lambda$invokeTestInstancePostProcessors$8(ClassBasedTestDescriptor.java:363)
	at org.junit.jupiter.engine.descriptor.ClassBasedTestDescriptor.executeAndMaskThrowable(ClassBasedTestDescriptor.java:368)
	at org.junit.jupiter.engine.descriptor.ClassBasedTestDescriptor.lambda$invokeTestInstancePostProcessors$9(ClassBasedTestDescriptor.java:363)
	at java.base/java.util.stream.ReferencePipeline$3$1.accept(ReferencePipeline.java:197)
	at java.base/java.util.stream.ReferencePipeline$2$1.accept(ReferencePipeline.java:179)
	at java.base/java.util.ArrayList$ArrayListSpliterator.forEachRemaining(ArrayList.java:1625)
	at java.base/java.util.stream.AbstractPipeline.copyInto(AbstractPipeline.java:509)
	at java.base/java.util.stream.AbstractPipeline.wrapAndCopyInto(AbstractPipeline.java:499)
	at java.base/java.util.stream.StreamSpliterators$WrappingSpliterator.forEachRemaining(StreamSpliterators.java:310)
	at java.base/java.util.stream.Streams$ConcatSpliterator.forEachRemaining(Streams.java:735)
	at java.base/java.util.stream.Streams$ConcatSpliterator.forEachRemaining(Streams.java:734)
	at java.base/java.util.stream.ReferencePipeline$Head.forEach(ReferencePipeline.java:762)
	at org.junit.jupiter.engine.descriptor.ClassBasedTestDescriptor.invokeTestInstancePostProcessors(ClassBasedTestDescriptor.java:362)
	at org.junit.jupiter.engine.descriptor.ClassBasedTestDescriptor.lambda$instantiateAndPostProcessTestInstance$6(ClassBasedTestDescriptor.java:283)
	at org.junit.platform.engine.support.hierarchical.ThrowableCollector.execute(ThrowableCollector.java:73)
	at org.junit.jupiter.engine.descriptor.ClassBasedTestDescriptor.instantiateAndPostProcessTestInstance(ClassBasedTestDescriptor.java:282)
	at org.junit.jupiter.engine.descriptor.ClassBasedTestDescriptor.lambda$testInstancesProvider$4(ClassBasedTestDescriptor.java:272)
	at java.base/java.util.Optional.orElseGet(Optional.java:364)
	at org.junit.jupiter.engine.descriptor.ClassBasedTestDescriptor.lambda$testInstancesProvider$5(ClassBasedTestDescriptor.java:271)
	at org.junit.jupiter.engine.execution.TestInstancesProvider.getTestInstances(TestInstancesProvider.java:31)
	at org.junit.jupiter.engine.descriptor.TestMethodTestDescriptor.lambda$prepare$0(TestMethodTestDescriptor.java:102)
	at org.junit.platform.engine.support.hierarchical.ThrowableCollector.execute(ThrowableCollector.java:73)
	at org.junit.jupiter.engine.descriptor.TestMethodTestDescriptor.prepare(TestMethodTestDescriptor.java:101)
	at org.junit.jupiter.engine.descriptor.TestMethodTestDescriptor.prepare(TestMethodTestDescriptor.java:66)
	at org.junit.platform.engine.support.hierarchical.NodeTestTask.lambda$prepare$2(NodeTestTask.java:123)
	at org.junit.platform.engine.support.hierarchical.ThrowableCollector.execute(ThrowableCollector.java:73)
	at org.junit.platform.engine.support.hierarchical.NodeTestTask.prepare(NodeTestTask.java:123)
	at org.junit.platform.engine.support.hierarchical.NodeTestTask.execute(NodeTestTask.java:90)
	at java.base/java.util.ArrayList.forEach(ArrayList.java:1511)
	at org.junit.platform.engine.support.hierarchical.SameThreadHierarchicalTestExecutorService.invokeAll(SameThreadHierarchicalTestExecutorService.java:41)
	at org.junit.platform.engine.support.hierarchical.NodeTestTask.lambda$executeRecursively$6(NodeTestTask.java:155)
	at org.junit.platform.engine.support.hierarchical.ThrowableCollector.execute(ThrowableCollector.java:73)
	at org.junit.platform.engine.support.hierarchical.NodeTestTask.lambda$executeRecursively$8(NodeTestTask.java:141)
	at org.junit.platform.engine.support.hierarchical.Node.around(Node.java:137)
	at org.junit.platform.engine.support.hierarchical.NodeTestTask.lambda$executeRecursively$9(NodeTestTask.java:139)
	at org.junit.platform.engine.support.hierarchical.ThrowableCollector.execute(ThrowableCollector.java:73)
	at org.junit.platform.engine.support.hierarchical.NodeTestTask.executeRecursively(NodeTestTask.java:138)
	at org.junit.platform.engine.support.hierarchical.NodeTestTask.execute(NodeTestTask.java:95)
	at java.base/java.util.ArrayList.forEach(ArrayList.java:1511)
	at org.junit.platform.engine.support.hierarchical.SameThreadHierarchicalTestExecutorService.invokeAll(SameThreadHierarchicalTestExecutorService.java:41)
	at org.junit.platform.engine.support.hierarchical.NodeTestTask.lambda$executeRecursively$6(NodeTestTask.java:155)
	at org.junit.platform.engine.support.hierarchical.ThrowableCollector.execute(ThrowableCollector.java:73)
	at org.junit.platform.engine.support.hierarchical.NodeTestTask.lambda$executeRecursively$8(NodeTestTask.java:141)
	at org.junit.platform.engine.support.hierarchical.Node.around(Node.java:137)
	at org.junit.platform.engine.support.hierarchical.NodeTestTask.lambda$executeRecursively$9(NodeTestTask.java:139)
	at org.junit.platform.engine.support.hierarchical.ThrowableCollector.execute(ThrowableCollector.java:73)
	at org.junit.platform.engine.support.hierarchical.NodeTestTask.executeRecursively(NodeTestTask.java:138)
	at org.junit.platform.engine.support.hierarchical.NodeTestTask.execute(NodeTestTask.java:95)
	at org.junit.platform.engine.support.hierarchical.SameThreadHierarchicalTestExecutorService.submit(SameThreadHierarchicalTestExecutorService.java:35)
	at org.junit.platform.engine.support.hierarchical.HierarchicalTestExecutor.execute(HierarchicalTestExecutor.java:57)
	at org.junit.platform.engine.support.hierarchical.HierarchicalTestEngine.execute(HierarchicalTestEngine.java:54)
	at org.junit.platform.launcher.core.EngineExecutionOrchestrator.execute(EngineExecutionOrchestrator.java:107)
	at org.junit.platform.launcher.core.EngineExecutionOrchestrator.execute(EngineExecutionOrchestrator.java:88)
	at org.junit.platform.launcher.core.EngineExecutionOrchestrator.lambda$execute$0(EngineExecutionOrchestrator.java:54)
	at org.junit.platform.launcher.core.EngineExecutionOrchestrator.withInterceptedStreams(EngineExecutionOrchestrator.java:67)
	at org.junit.platform.launcher.core.EngineExecutionOrchestrator.execute(EngineExecutionOrchestrator.java:52)
	at org.junit.platform.launcher.core.DefaultLauncher.execute(DefaultLauncher.java:114)
	at org.junit.platform.launcher.core.DefaultLauncher.execute(DefaultLauncher.java:95)
	at org.junit.platform.launcher.core.DefaultLauncherSession$DelegatingLauncher.execute(DefaultLauncherSession.java:91)
	at org.junit.platform.launcher.core.SessionPerRequestLauncher.execute(SessionPerRequestLauncher.java:60)
	at org.eclipse.jdt.internal.junit5.runner.JUnit5TestReference.run(JUnit5TestReference.java:98)
	at org.eclipse.jdt.internal.junit.runner.TestExecution.run(TestExecution.java:40)
	at org.eclipse.jdt.internal.junit.runner.RemoteTestRunner.runTests(RemoteTestRunner.java:529)
	at org.eclipse.jdt.internal.junit.runner.RemoteTestRunner.runTests(RemoteTestRunner.java:756)
	at org.eclipse.jdt.internal.junit.runner.RemoteTestRunner.run(RemoteTestRunner.java:452)
	at org.eclipse.jdt.internal.junit.runner.RemoteTestRunner.main(RemoteTestRunner.java:210)
Caused by: org.springframework.beans.BeanInstantiationException: Failed to instantiate [org.springframework.boot.SpringApplication]: No default constructor found; nested exception is java.lang.NoSuchMethodException: org.springframework.boot.SpringApplication.<init>()
	at org.springframework.beans.factory.support.SimpleInstantiationStrategy.instantiate(SimpleInstantiationStrategy.java:83)
	at org.springframework.beans.factory.support.AbstractAutowireCapableBeanFactory.instantiateBean(AbstractAutowireCapableBeanFactory.java:1312)
	... 88 common frames omitted
Caused by: java.lang.NoSuchMethodException: org.springframework.boot.SpringApplication.<init>()
	at java.base/java.lang.Class.getConstructor0(Class.java:3585)
	at java.base/java.lang.Class.getDeclaredConstructor(Class.java:2754)
	at org.springframework.beans.factory.support.SimpleInstantiationStrategy.instantiate(SimpleInstantiationStrategy.java:78)
	... 89 common frames omitted

2022-03-28 01:32:37.187 ERROR 16312 --- [main] o.s.test.context.TestContextManager      : Caught exception while allowing TestExecutionListener [org.springframework.test.context.web.ServletTestExecutionListener@c1bd0be] to prepare test instance [com.example.demo.EchoControllerNoMockitoTest@3a5c2626]

java.lang.IllegalStateException: Failed to load ApplicationContext
	at org.springframework.test.context.cache.DefaultCacheAwareContextLoaderDelegate.loadContext(DefaultCacheAwareContextLoaderDelegate.java:132)
	at org.springframework.test.context.support.DefaultTestContext.getApplicationContext(DefaultTestContext.java:123)
	at org.springframework.test.context.web.ServletTestExecutionListener.setUpRequestContextIfNecessary(ServletTestExecutionListener.java:190)
	at org.springframework.test.context.web.ServletTestExecutionListener.prepareTestInstance(ServletTestExecutionListener.java:132)
	at org.springframework.test.context.TestContextManager.prepareTestInstance(TestContextManager.java:244)
	at org.springframework.test.context.junit.jupiter.SpringExtension.postProcessTestInstance(SpringExtension.java:98)
	at org.junit.jupiter.engine.descriptor.ClassBasedTestDescriptor.lambda$invokeTestInstancePostProcessors$8(ClassBasedTestDescriptor.java:363)
	at org.junit.jupiter.engine.descriptor.ClassBasedTestDescriptor.executeAndMaskThrowable(ClassBasedTestDescriptor.java:368)
	at org.junit.jupiter.engine.descriptor.ClassBasedTestDescriptor.lambda$invokeTestInstancePostProcessors$9(ClassBasedTestDescriptor.java:363)
	at java.base/java.util.stream.ReferencePipeline$3$1.accept(ReferencePipeline.java:197)
	at java.base/java.util.stream.ReferencePipeline$2$1.accept(ReferencePipeline.java:179)
	at java.base/java.util.ArrayList$ArrayListSpliterator.forEachRemaining(ArrayList.java:1625)
	at java.base/java.util.stream.AbstractPipeline.copyInto(AbstractPipeline.java:509)
	at java.base/java.util.stream.AbstractPipeline.wrapAndCopyInto(AbstractPipeline.java:499)
	at java.base/java.util.stream.StreamSpliterators$WrappingSpliterator.forEachRemaining(StreamSpliterators.java:310)
	at java.base/java.util.stream.Streams$ConcatSpliterator.forEachRemaining(Streams.java:735)
	at java.base/java.util.stream.Streams$ConcatSpliterator.forEachRemaining(Streams.java:734)
	at java.base/java.util.stream.ReferencePipeline$Head.forEach(ReferencePipeline.java:762)
	at org.junit.jupiter.engine.descriptor.ClassBasedTestDescriptor.invokeTestInstancePostProcessors(ClassBasedTestDescriptor.java:362)
	at org.junit.jupiter.engine.descriptor.ClassBasedTestDescriptor.lambda$instantiateAndPostProcessTestInstance$6(ClassBasedTestDescriptor.java:283)
	at org.junit.platform.engine.support.hierarchical.ThrowableCollector.execute(ThrowableCollector.java:73)
	at org.junit.jupiter.engine.descriptor.ClassBasedTestDescriptor.instantiateAndPostProcessTestInstance(ClassBasedTestDescriptor.java:282)
	at org.junit.jupiter.engine.descriptor.ClassBasedTestDescriptor.lambda$testInstancesProvider$4(ClassBasedTestDescriptor.java:272)
	at java.base/java.util.Optional.orElseGet(Optional.java:364)
	at org.junit.jupiter.engine.descriptor.ClassBasedTestDescriptor.lambda$testInstancesProvider$5(ClassBasedTestDescriptor.java:271)
	at org.junit.jupiter.engine.execution.TestInstancesProvider.getTestInstances(TestInstancesProvider.java:31)
	at org.junit.jupiter.engine.descriptor.TestMethodTestDescriptor.lambda$prepare$0(TestMethodTestDescriptor.java:102)
	at org.junit.platform.engine.support.hierarchical.ThrowableCollector.execute(ThrowableCollector.java:73)
	at org.junit.jupiter.engine.descriptor.TestMethodTestDescriptor.prepare(TestMethodTestDescriptor.java:101)
	at org.junit.jupiter.engine.descriptor.TestMethodTestDescriptor.prepare(TestMethodTestDescriptor.java:66)
	at org.junit.platform.engine.support.hierarchical.NodeTestTask.lambda$prepare$2(NodeTestTask.java:123)
	at org.junit.platform.engine.support.hierarchical.ThrowableCollector.execute(ThrowableCollector.java:73)
	at org.junit.platform.engine.support.hierarchical.NodeTestTask.prepare(NodeTestTask.java:123)
	at org.junit.platform.engine.support.hierarchical.NodeTestTask.execute(NodeTestTask.java:90)
	at java.base/java.util.ArrayList.forEach(ArrayList.java:1511)
	at org.junit.platform.engine.support.hierarchical.SameThreadHierarchicalTestExecutorService.invokeAll(SameThreadHierarchicalTestExecutorService.java:41)
	at org.junit.platform.engine.support.hierarchical.NodeTestTask.lambda$executeRecursively$6(NodeTestTask.java:155)
	at org.junit.platform.engine.support.hierarchical.ThrowableCollector.execute(ThrowableCollector.java:73)
	at org.junit.platform.engine.support.hierarchical.NodeTestTask.lambda$executeRecursively$8(NodeTestTask.java:141)
	at org.junit.platform.engine.support.hierarchical.Node.around(Node.java:137)
	at org.junit.platform.engine.support.hierarchical.NodeTestTask.lambda$executeRecursively$9(NodeTestTask.java:139)
	at org.junit.platform.engine.support.hierarchical.ThrowableCollector.execute(ThrowableCollector.java:73)
	at org.junit.platform.engine.support.hierarchical.NodeTestTask.executeRecursively(NodeTestTask.java:138)
	at org.junit.platform.engine.support.hierarchical.NodeTestTask.execute(NodeTestTask.java:95)
	at java.base/java.util.ArrayList.forEach(ArrayList.java:1511)
	at org.junit.platform.engine.support.hierarchical.SameThreadHierarchicalTestExecutorService.invokeAll(SameThreadHierarchicalTestExecutorService.java:41)
	at org.junit.platform.engine.support.hierarchical.NodeTestTask.lambda$executeRecursively$6(NodeTestTask.java:155)
	at org.junit.platform.engine.support.hierarchical.ThrowableCollector.execute(ThrowableCollector.java:73)
	at org.junit.platform.engine.support.hierarchical.NodeTestTask.lambda$executeRecursively$8(NodeTestTask.java:141)
	at org.junit.platform.engine.support.hierarchical.Node.around(Node.java:137)
	at org.junit.platform.engine.support.hierarchical.NodeTestTask.lambda$executeRecursively$9(NodeTestTask.java:139)
	at org.junit.platform.engine.support.hierarchical.ThrowableCollector.execute(ThrowableCollector.java:73)
	at org.junit.platform.engine.support.hierarchical.NodeTestTask.executeRecursively(NodeTestTask.java:138)
	at org.junit.platform.engine.support.hierarchical.NodeTestTask.execute(NodeTestTask.java:95)
	at org.junit.platform.engine.support.hierarchical.SameThreadHierarchicalTestExecutorService.submit(SameThreadHierarchicalTestExecutorService.java:35)
	at org.junit.platform.engine.support.hierarchical.HierarchicalTestExecutor.execute(HierarchicalTestExecutor.java:57)
	at org.junit.platform.engine.support.hierarchical.HierarchicalTestEngine.execute(HierarchicalTestEngine.java:54)
	at org.junit.platform.launcher.core.EngineExecutionOrchestrator.execute(EngineExecutionOrchestrator.java:107)
	at org.junit.platform.launcher.core.EngineExecutionOrchestrator.execute(EngineExecutionOrchestrator.java:88)
	at org.junit.platform.launcher.core.EngineExecutionOrchestrator.lambda$execute$0(EngineExecutionOrchestrator.java:54)
	at org.junit.platform.launcher.core.EngineExecutionOrchestrator.withInterceptedStreams(EngineExecutionOrchestrator.java:67)
	at org.junit.platform.launcher.core.EngineExecutionOrchestrator.execute(EngineExecutionOrchestrator.java:52)
	at org.junit.platform.launcher.core.DefaultLauncher.execute(DefaultLauncher.java:114)
	at org.junit.platform.launcher.core.DefaultLauncher.execute(DefaultLauncher.java:95)
	at org.junit.platform.launcher.core.DefaultLauncherSession$DelegatingLauncher.execute(DefaultLauncherSession.java:91)
	at org.junit.platform.launcher.core.SessionPerRequestLauncher.execute(SessionPerRequestLauncher.java:60)
	at org.eclipse.jdt.internal.junit5.runner.JUnit5TestReference.run(JUnit5TestReference.java:98)
	at org.eclipse.jdt.internal.junit.runner.TestExecution.run(TestExecution.java:40)
	at org.eclipse.jdt.internal.junit.runner.RemoteTestRunner.runTests(RemoteTestRunner.java:529)
	at org.eclipse.jdt.internal.junit.runner.RemoteTestRunner.runTests(RemoteTestRunner.java:756)
	at org.eclipse.jdt.internal.junit.runner.RemoteTestRunner.run(RemoteTestRunner.java:452)
	at org.eclipse.jdt.internal.junit.runner.RemoteTestRunner.main(RemoteTestRunner.java:210)
Caused by: org.springframework.beans.factory.BeanCreationException: Error creating bean with name 'springApplication': Instantiation of bean failed; nested exception is org.springframework.beans.BeanInstantiationException: Failed to instantiate [org.springframework.boot.SpringApplication]: No default constructor found; nested exception is java.lang.NoSuchMethodException: org.springframework.boot.SpringApplication.<init>()
	at org.springframework.beans.factory.support.AbstractAutowireCapableBeanFactory.instantiateBean(AbstractAutowireCapableBeanFactory.java:1320)
	at org.springframework.beans.factory.support.AbstractAutowireCapableBeanFactory.createBeanInstance(AbstractAutowireCapableBeanFactory.java:1214)
	at org.springframework.beans.factory.support.AbstractAutowireCapableBeanFactory.doCreateBean(AbstractAutowireCapableBeanFactory.java:557)
	at org.springframework.beans.factory.support.AbstractAutowireCapableBeanFactory.createBean(AbstractAutowireCapableBeanFactory.java:517)
	at org.springframework.beans.factory.support.AbstractBeanFactory.lambda$doGetBean$0(AbstractBeanFactory.java:323)
	at org.springframework.beans.factory.support.DefaultSingletonBeanRegistry.getSingleton(DefaultSingletonBeanRegistry.java:226)
	at org.springframework.beans.factory.support.AbstractBeanFactory.doGetBean(AbstractBeanFactory.java:321)
	at org.springframework.beans.factory.support.AbstractBeanFactory.getBean(AbstractBeanFactory.java:202)
	at org.springframework.beans.factory.support.DefaultListableBeanFactory.preInstantiateSingletons(DefaultListableBeanFactory.java:895)
	at org.springframework.context.support.AbstractApplicationContext.finishBeanFactoryInitialization(AbstractApplicationContext.java:878)
	at org.springframework.context.support.AbstractApplicationContext.refresh(AbstractApplicationContext.java:550)
	at org.springframework.boot.SpringApplication.refresh(SpringApplication.java:758)
	at org.springframework.boot.SpringApplication.refresh(SpringApplication.java:750)
	at org.springframework.boot.SpringApplication.refreshContext(SpringApplication.java:397)
	at org.springframework.boot.SpringApplication.run(SpringApplication.java:315)
	at org.springframework.boot.test.context.SpringBootContextLoader.loadContext(SpringBootContextLoader.java:120)
	at org.springframework.test.context.cache.DefaultCacheAwareContextLoaderDelegate.loadContextInternal(DefaultCacheAwareContextLoaderDelegate.java:99)
	at org.springframework.test.context.cache.DefaultCacheAwareContextLoaderDelegate.loadContext(DefaultCacheAwareContextLoaderDelegate.java:124)
	... 71 common frames omitted
Caused by: org.springframework.beans.BeanInstantiationException: Failed to instantiate [org.springframework.boot.SpringApplication]: No default constructor found; nested exception is java.lang.NoSuchMethodException: org.springframework.boot.SpringApplication.<init>()
	at org.springframework.beans.factory.support.SimpleInstantiationStrategy.instantiate(SimpleInstantiationStrategy.java:83)
	at org.springframework.beans.factory.support.AbstractAutowireCapableBeanFactory.instantiateBean(AbstractAutowireCapableBeanFactory.java:1312)
	... 88 common frames omitted
Caused by: java.lang.NoSuchMethodException: org.springframework.boot.SpringApplication.<init>()
	at java.base/java.lang.Class.getConstructor0(Class.java:3585)
	at java.base/java.lang.Class.getDeclaredConstructor(Class.java:2754)
	at org.springframework.beans.factory.support.SimpleInstantiationStrategy.instantiate(SimpleInstantiationStrategy.java:78)
	... 89 common frames omitted

2022-03-28 01:38:14.598  INFO 12708 --- [main] com.example.demo.WordControllerMockTest  : Starting WordControllerMockTest on DESKTOP-KJUL5ST with PID 12708 (started by qiao in D:\DevelopTools\eclipse-workspace\SpringBoot-WordProcessor)
2022-03-28 01:38:14.599  INFO 12708 --- [main] com.example.demo.WordControllerMockTest  : No active profile set, falling back to default profiles: default
2022-03-28 01:38:16.301  INFO 12708 --- [main] o.s.s.concurrent.ThreadPoolTaskExecutor  : Initializing ExecutorService 'applicationTaskExecutor'
2022-03-28 01:38:16.688  INFO 12708 --- [main] com.example.demo.WordControllerMockTest  : Started WordControllerMockTest in 2.469 seconds (JVM running for 3.632)
2022-03-28 01:38:16.722 ERROR 12708 --- [main] o.s.test.context.TestContextManager      : Caught exception while allowing TestExecutionListener [org.springframework.boot.test.autoconfigure.SpringBootDependencyInjectionTestExecutionListener@5b057c8c] to prepare test instance [com.example.demo.WordControllerMockTest@27bcb4ad]

org.springframework.beans.factory.UnsatisfiedDependencyException: Error creating bean with name 'com.example.demo.WordControllerMockTest': Unsatisfied dependency expressed through field 'mockMvc'; nested exception is org.springframework.beans.factory.NoSuchBeanDefinitionException: No qualifying bean of type 'org.springframework.test.web.servlet.MockMvc' available: expected at least 1 bean which qualifies as autowire candidate. Dependency annotations: {@org.springframework.beans.factory.annotation.Autowired(required=true)}
	at org.springframework.beans.factory.annotation.AutowiredAnnotationBeanPostProcessor$AutowiredFieldElement.inject(AutowiredAnnotationBeanPostProcessor.java:643)
	at org.springframework.beans.factory.annotation.InjectionMetadata.inject(InjectionMetadata.java:130)
	at org.springframework.beans.factory.annotation.AutowiredAnnotationBeanPostProcessor.postProcessProperties(AutowiredAnnotationBeanPostProcessor.java:399)
	at org.springframework.beans.factory.support.AbstractAutowireCapableBeanFactory.populateBean(AbstractAutowireCapableBeanFactory.java:1422)
	at org.springframework.beans.factory.support.AbstractAutowireCapableBeanFactory.autowireBeanProperties(AbstractAutowireCapableBeanFactory.java:393)
	at org.springframework.test.context.support.DependencyInjectionTestExecutionListener.injectDependencies(DependencyInjectionTestExecutionListener.java:119)
	at org.springframework.test.context.support.DependencyInjectionTestExecutionListener.prepareTestInstance(DependencyInjectionTestExecutionListener.java:83)
	at org.springframework.boot.test.autoconfigure.SpringBootDependencyInjectionTestExecutionListener.prepareTestInstance(SpringBootDependencyInjectionTestExecutionListener.java:43)
	at org.springframework.test.context.TestContextManager.prepareTestInstance(TestContextManager.java:244)
	at org.springframework.test.context.junit.jupiter.SpringExtension.postProcessTestInstance(SpringExtension.java:98)
	at org.junit.jupiter.engine.descriptor.ClassBasedTestDescriptor.lambda$invokeTestInstancePostProcessors$8(ClassBasedTestDescriptor.java:363)
	at org.junit.jupiter.engine.descriptor.ClassBasedTestDescriptor.executeAndMaskThrowable(ClassBasedTestDescriptor.java:368)
	at org.junit.jupiter.engine.descriptor.ClassBasedTestDescriptor.lambda$invokeTestInstancePostProcessors$9(ClassBasedTestDescriptor.java:363)
	at java.base/java.util.stream.ReferencePipeline$3$1.accept(ReferencePipeline.java:197)
	at java.base/java.util.stream.ReferencePipeline$2$1.accept(ReferencePipeline.java:179)
	at java.base/java.util.ArrayList$ArrayListSpliterator.forEachRemaining(ArrayList.java:1625)
	at java.base/java.util.stream.AbstractPipeline.copyInto(AbstractPipeline.java:509)
	at java.base/java.util.stream.AbstractPipeline.wrapAndCopyInto(AbstractPipeline.java:499)
	at java.base/java.util.stream.StreamSpliterators$WrappingSpliterator.forEachRemaining(StreamSpliterators.java:310)
	at java.base/java.util.stream.Streams$ConcatSpliterator.forEachRemaining(Streams.java:735)
	at java.base/java.util.stream.Streams$ConcatSpliterator.forEachRemaining(Streams.java:734)
	at java.base/java.util.stream.ReferencePipeline$Head.forEach(ReferencePipeline.java:762)
	at org.junit.jupiter.engine.descriptor.ClassBasedTestDescriptor.invokeTestInstancePostProcessors(ClassBasedTestDescriptor.java:362)
	at org.junit.jupiter.engine.descriptor.ClassBasedTestDescriptor.lambda$instantiateAndPostProcessTestInstance$6(ClassBasedTestDescriptor.java:283)
	at org.junit.platform.engine.support.hierarchical.ThrowableCollector.execute(ThrowableCollector.java:73)
	at org.junit.jupiter.engine.descriptor.ClassBasedTestDescriptor.instantiateAndPostProcessTestInstance(ClassBasedTestDescriptor.java:282)
	at org.junit.jupiter.engine.descriptor.ClassBasedTestDescriptor.lambda$testInstancesProvider$4(ClassBasedTestDescriptor.java:272)
	at java.base/java.util.Optional.orElseGet(Optional.java:364)
	at org.junit.jupiter.engine.descriptor.ClassBasedTestDescriptor.lambda$testInstancesProvider$5(ClassBasedTestDescriptor.java:271)
	at org.junit.jupiter.engine.execution.TestInstancesProvider.getTestInstances(TestInstancesProvider.java:31)
	at org.junit.jupiter.engine.descriptor.TestMethodTestDescriptor.lambda$prepare$0(TestMethodTestDescriptor.java:102)
	at org.junit.platform.engine.support.hierarchical.ThrowableCollector.execute(ThrowableCollector.java:73)
	at org.junit.jupiter.engine.descriptor.TestMethodTestDescriptor.prepare(TestMethodTestDescriptor.java:101)
	at org.junit.jupiter.engine.descriptor.TestMethodTestDescriptor.prepare(TestMethodTestDescriptor.java:66)
	at org.junit.platform.engine.support.hierarchical.NodeTestTask.lambda$prepare$2(NodeTestTask.java:123)
	at org.junit.platform.engine.support.hierarchical.ThrowableCollector.execute(ThrowableCollector.java:73)
	at org.junit.platform.engine.support.hierarchical.NodeTestTask.prepare(NodeTestTask.java:123)
	at org.junit.platform.engine.support.hierarchical.NodeTestTask.execute(NodeTestTask.java:90)
	at java.base/java.util.ArrayList.forEach(ArrayList.java:1511)
	at org.junit.platform.engine.support.hierarchical.SameThreadHierarchicalTestExecutorService.invokeAll(SameThreadHierarchicalTestExecutorService.java:41)
	at org.junit.platform.engine.support.hierarchical.NodeTestTask.lambda$executeRecursively$6(NodeTestTask.java:155)
	at org.junit.platform.engine.support.hierarchical.ThrowableCollector.execute(ThrowableCollector.java:73)
	at org.junit.platform.engine.support.hierarchical.NodeTestTask.lambda$executeRecursively$8(NodeTestTask.java:141)
	at org.junit.platform.engine.support.hierarchical.Node.around(Node.java:137)
	at org.junit.platform.engine.support.hierarchical.NodeTestTask.lambda$executeRecursively$9(NodeTestTask.java:139)
	at org.junit.platform.engine.support.hierarchical.ThrowableCollector.execute(ThrowableCollector.java:73)
	at org.junit.platform.engine.support.hierarchical.NodeTestTask.executeRecursively(NodeTestTask.java:138)
	at org.junit.platform.engine.support.hierarchical.NodeTestTask.execute(NodeTestTask.java:95)
	at java.base/java.util.ArrayList.forEach(ArrayList.java:1511)
	at org.junit.platform.engine.support.hierarchical.SameThreadHierarchicalTestExecutorService.invokeAll(SameThreadHierarchicalTestExecutorService.java:41)
	at org.junit.platform.engine.support.hierarchical.NodeTestTask.lambda$executeRecursively$6(NodeTestTask.java:155)
	at org.junit.platform.engine.support.hierarchical.ThrowableCollector.execute(ThrowableCollector.java:73)
	at org.junit.platform.engine.support.hierarchical.NodeTestTask.lambda$executeRecursively$8(NodeTestTask.java:141)
	at org.junit.platform.engine.support.hierarchical.Node.around(Node.java:137)
	at org.junit.platform.engine.support.hierarchical.NodeTestTask.lambda$executeRecursively$9(NodeTestTask.java:139)
	at org.junit.platform.engine.support.hierarchical.ThrowableCollector.execute(ThrowableCollector.java:73)
	at org.junit.platform.engine.support.hierarchical.NodeTestTask.executeRecursively(NodeTestTask.java:138)
	at org.junit.platform.engine.support.hierarchical.NodeTestTask.execute(NodeTestTask.java:95)
	at org.junit.platform.engine.support.hierarchical.SameThreadHierarchicalTestExecutorService.submit(SameThreadHierarchicalTestExecutorService.java:35)
	at org.junit.platform.engine.support.hierarchical.HierarchicalTestExecutor.execute(HierarchicalTestExecutor.java:57)
	at org.junit.platform.engine.support.hierarchical.HierarchicalTestEngine.execute(HierarchicalTestEngine.java:54)
	at org.junit.platform.launcher.core.EngineExecutionOrchestrator.execute(EngineExecutionOrchestrator.java:107)
	at org.junit.platform.launcher.core.EngineExecutionOrchestrator.execute(EngineExecutionOrchestrator.java:88)
	at org.junit.platform.launcher.core.EngineExecutionOrchestrator.lambda$execute$0(EngineExecutionOrchestrator.java:54)
	at org.junit.platform.launcher.core.EngineExecutionOrchestrator.withInterceptedStreams(EngineExecutionOrchestrator.java:67)
	at org.junit.platform.launcher.core.EngineExecutionOrchestrator.execute(EngineExecutionOrchestrator.java:52)
	at org.junit.platform.launcher.core.DefaultLauncher.execute(DefaultLauncher.java:114)
	at org.junit.platform.launcher.core.DefaultLauncher.execute(DefaultLauncher.java:95)
	at org.junit.platform.launcher.core.DefaultLauncherSession$DelegatingLauncher.execute(DefaultLauncherSession.java:91)
	at org.junit.platform.launcher.core.SessionPerRequestLauncher.execute(SessionPerRequestLauncher.java:60)
	at org.eclipse.jdt.internal.junit5.runner.JUnit5TestReference.run(JUnit5TestReference.java:98)
	at org.eclipse.jdt.internal.junit.runner.TestExecution.run(TestExecution.java:40)
	at org.eclipse.jdt.internal.junit.runner.RemoteTestRunner.runTests(RemoteTestRunner.java:529)
	at org.eclipse.jdt.internal.junit.runner.RemoteTestRunner.runTests(RemoteTestRunner.java:756)
	at org.eclipse.jdt.internal.junit.runner.RemoteTestRunner.run(RemoteTestRunner.java:452)
	at org.eclipse.jdt.internal.junit.runner.RemoteTestRunner.main(RemoteTestRunner.java:210)
Caused by: org.springframework.beans.factory.NoSuchBeanDefinitionException: No qualifying bean of type 'org.springframework.test.web.servlet.MockMvc' available: expected at least 1 bean which qualifies as autowire candidate. Dependency annotations: {@org.springframework.beans.factory.annotation.Autowired(required=true)}
	at org.springframework.beans.factory.support.DefaultListableBeanFactory.raiseNoMatchingBeanFound(DefaultListableBeanFactory.java:1716)
	at org.springframework.beans.factory.support.DefaultListableBeanFactory.doResolveDependency(DefaultListableBeanFactory.java:1272)
	at org.springframework.beans.factory.support.DefaultListableBeanFactory.resolveDependency(DefaultListableBeanFactory.java:1226)
	at org.springframework.beans.factory.annotation.AutowiredAnnotationBeanPostProcessor$AutowiredFieldElement.inject(AutowiredAnnotationBeanPostProcessor.java:640)
	... 75 common frames omitted

2022-03-28 01:38:16.752  INFO 12708 --- [SpringContextShutdownHook] o.s.s.concurrent.ThreadPoolTaskExecutor  : Shutting down ExecutorService 'applicationTaskExecutor'
2022-03-28 01:39:50.493  INFO 3900 --- [main] com.example.demo.WordControllerMockTest  : Starting WordControllerMockTest on DESKTOP-KJUL5ST with PID 3900 (started by qiao in D:\DevelopTools\eclipse-workspace\SpringBoot-WordProcessor)
2022-03-28 01:39:50.494  INFO 3900 --- [main] com.example.demo.WordControllerMockTest  : No active profile set, falling back to default profiles: default
2022-03-28 01:39:52.004  INFO 3900 --- [main] o.s.s.concurrent.ThreadPoolTaskExecutor  : Initializing ExecutorService 'applicationTaskExecutor'
2022-03-28 01:39:52.370  INFO 3900 --- [main] com.example.demo.WordControllerMockTest  : Started WordControllerMockTest in 2.275 seconds (JVM running for 3.403)
2022-03-28 01:39:52.399 ERROR 3900 --- [main] o.s.test.context.TestContextManager      : Caught exception while allowing TestExecutionListener [org.springframework.boot.test.autoconfigure.SpringBootDependencyInjectionTestExecutionListener@67ab1c47] to prepare test instance [com.example.demo.WordControllerMockTest@7b91d9f]

org.springframework.beans.factory.UnsatisfiedDependencyException: Error creating bean with name 'com.example.demo.WordControllerMockTest': Unsatisfied dependency expressed through field 'mockMvc'; nested exception is org.springframework.beans.factory.NoSuchBeanDefinitionException: No qualifying bean of type 'org.springframework.test.web.servlet.MockMvc' available: expected at least 1 bean which qualifies as autowire candidate. Dependency annotations: {@org.springframework.beans.factory.annotation.Autowired(required=true)}
	at org.springframework.beans.factory.annotation.AutowiredAnnotationBeanPostProcessor$AutowiredFieldElement.inject(AutowiredAnnotationBeanPostProcessor.java:643)
	at org.springframework.beans.factory.annotation.InjectionMetadata.inject(InjectionMetadata.java:130)
	at org.springframework.beans.factory.annotation.AutowiredAnnotationBeanPostProcessor.postProcessProperties(AutowiredAnnotationBeanPostProcessor.java:399)
	at org.springframework.beans.factory.support.AbstractAutowireCapableBeanFactory.populateBean(AbstractAutowireCapableBeanFactory.java:1422)
	at org.springframework.beans.factory.support.AbstractAutowireCapableBeanFactory.autowireBeanProperties(AbstractAutowireCapableBeanFactory.java:393)
	at org.springframework.test.context.support.DependencyInjectionTestExecutionListener.injectDependencies(DependencyInjectionTestExecutionListener.java:119)
	at org.springframework.test.context.support.DependencyInjectionTestExecutionListener.prepareTestInstance(DependencyInjectionTestExecutionListener.java:83)
	at org.springframework.boot.test.autoconfigure.SpringBootDependencyInjectionTestExecutionListener.prepareTestInstance(SpringBootDependencyInjectionTestExecutionListener.java:43)
	at org.springframework.test.context.TestContextManager.prepareTestInstance(TestContextManager.java:244)
	at org.springframework.test.context.junit.jupiter.SpringExtension.postProcessTestInstance(SpringExtension.java:98)
	at org.junit.jupiter.engine.descriptor.ClassBasedTestDescriptor.lambda$invokeTestInstancePostProcessors$8(ClassBasedTestDescriptor.java:363)
	at org.junit.jupiter.engine.descriptor.ClassBasedTestDescriptor.executeAndMaskThrowable(ClassBasedTestDescriptor.java:368)
	at org.junit.jupiter.engine.descriptor.ClassBasedTestDescriptor.lambda$invokeTestInstancePostProcessors$9(ClassBasedTestDescriptor.java:363)
	at java.base/java.util.stream.ReferencePipeline$3$1.accept(ReferencePipeline.java:197)
	at java.base/java.util.stream.ReferencePipeline$2$1.accept(ReferencePipeline.java:179)
	at java.base/java.util.ArrayList$ArrayListSpliterator.forEachRemaining(ArrayList.java:1625)
	at java.base/java.util.stream.AbstractPipeline.copyInto(AbstractPipeline.java:509)
	at java.base/java.util.stream.AbstractPipeline.wrapAndCopyInto(AbstractPipeline.java:499)
	at java.base/java.util.stream.StreamSpliterators$WrappingSpliterator.forEachRemaining(StreamSpliterators.java:310)
	at java.base/java.util.stream.Streams$ConcatSpliterator.forEachRemaining(Streams.java:735)
	at java.base/java.util.stream.Streams$ConcatSpliterator.forEachRemaining(Streams.java:734)
	at java.base/java.util.stream.ReferencePipeline$Head.forEach(ReferencePipeline.java:762)
	at org.junit.jupiter.engine.descriptor.ClassBasedTestDescriptor.invokeTestInstancePostProcessors(ClassBasedTestDescriptor.java:362)
	at org.junit.jupiter.engine.descriptor.ClassBasedTestDescriptor.lambda$instantiateAndPostProcessTestInstance$6(ClassBasedTestDescriptor.java:283)
	at org.junit.platform.engine.support.hierarchical.ThrowableCollector.execute(ThrowableCollector.java:73)
	at org.junit.jupiter.engine.descriptor.ClassBasedTestDescriptor.instantiateAndPostProcessTestInstance(ClassBasedTestDescriptor.java:282)
	at org.junit.jupiter.engine.descriptor.ClassBasedTestDescriptor.lambda$testInstancesProvider$4(ClassBasedTestDescriptor.java:272)
	at java.base/java.util.Optional.orElseGet(Optional.java:364)
	at org.junit.jupiter.engine.descriptor.ClassBasedTestDescriptor.lambda$testInstancesProvider$5(ClassBasedTestDescriptor.java:271)
	at org.junit.jupiter.engine.execution.TestInstancesProvider.getTestInstances(TestInstancesProvider.java:31)
	at org.junit.jupiter.engine.descriptor.TestMethodTestDescriptor.lambda$prepare$0(TestMethodTestDescriptor.java:102)
	at org.junit.platform.engine.support.hierarchical.ThrowableCollector.execute(ThrowableCollector.java:73)
	at org.junit.jupiter.engine.descriptor.TestMethodTestDescriptor.prepare(TestMethodTestDescriptor.java:101)
	at org.junit.jupiter.engine.descriptor.TestMethodTestDescriptor.prepare(TestMethodTestDescriptor.java:66)
	at org.junit.platform.engine.support.hierarchical.NodeTestTask.lambda$prepare$2(NodeTestTask.java:123)
	at org.junit.platform.engine.support.hierarchical.ThrowableCollector.execute(ThrowableCollector.java:73)
	at org.junit.platform.engine.support.hierarchical.NodeTestTask.prepare(NodeTestTask.java:123)
	at org.junit.platform.engine.support.hierarchical.NodeTestTask.execute(NodeTestTask.java:90)
	at java.base/java.util.ArrayList.forEach(ArrayList.java:1511)
	at org.junit.platform.engine.support.hierarchical.SameThreadHierarchicalTestExecutorService.invokeAll(SameThreadHierarchicalTestExecutorService.java:41)
	at org.junit.platform.engine.support.hierarchical.NodeTestTask.lambda$executeRecursively$6(NodeTestTask.java:155)
	at org.junit.platform.engine.support.hierarchical.ThrowableCollector.execute(ThrowableCollector.java:73)
	at org.junit.platform.engine.support.hierarchical.NodeTestTask.lambda$executeRecursively$8(NodeTestTask.java:141)
	at org.junit.platform.engine.support.hierarchical.Node.around(Node.java:137)
	at org.junit.platform.engine.support.hierarchical.NodeTestTask.lambda$executeRecursively$9(NodeTestTask.java:139)
	at org.junit.platform.engine.support.hierarchical.ThrowableCollector.execute(ThrowableCollector.java:73)
	at org.junit.platform.engine.support.hierarchical.NodeTestTask.executeRecursively(NodeTestTask.java:138)
	at org.junit.platform.engine.support.hierarchical.NodeTestTask.execute(NodeTestTask.java:95)
	at java.base/java.util.ArrayList.forEach(ArrayList.java:1511)
	at org.junit.platform.engine.support.hierarchical.SameThreadHierarchicalTestExecutorService.invokeAll(SameThreadHierarchicalTestExecutorService.java:41)
	at org.junit.platform.engine.support.hierarchical.NodeTestTask.lambda$executeRecursively$6(NodeTestTask.java:155)
	at org.junit.platform.engine.support.hierarchical.ThrowableCollector.execute(ThrowableCollector.java:73)
	at org.junit.platform.engine.support.hierarchical.NodeTestTask.lambda$executeRecursively$8(NodeTestTask.java:141)
	at org.junit.platform.engine.support.hierarchical.Node.around(Node.java:137)
	at org.junit.platform.engine.support.hierarchical.NodeTestTask.lambda$executeRecursively$9(NodeTestTask.java:139)
	at org.junit.platform.engine.support.hierarchical.ThrowableCollector.execute(ThrowableCollector.java:73)
	at org.junit.platform.engine.support.hierarchical.NodeTestTask.executeRecursively(NodeTestTask.java:138)
	at org.junit.platform.engine.support.hierarchical.NodeTestTask.execute(NodeTestTask.java:95)
	at org.junit.platform.engine.support.hierarchical.SameThreadHierarchicalTestExecutorService.submit(SameThreadHierarchicalTestExecutorService.java:35)
	at org.junit.platform.engine.support.hierarchical.HierarchicalTestExecutor.execute(HierarchicalTestExecutor.java:57)
	at org.junit.platform.engine.support.hierarchical.HierarchicalTestEngine.execute(HierarchicalTestEngine.java:54)
	at org.junit.platform.launcher.core.EngineExecutionOrchestrator.execute(EngineExecutionOrchestrator.java:107)
	at org.junit.platform.launcher.core.EngineExecutionOrchestrator.execute(EngineExecutionOrchestrator.java:88)
	at org.junit.platform.launcher.core.EngineExecutionOrchestrator.lambda$execute$0(EngineExecutionOrchestrator.java:54)
	at org.junit.platform.launcher.core.EngineExecutionOrchestrator.withInterceptedStreams(EngineExecutionOrchestrator.java:67)
	at org.junit.platform.launcher.core.EngineExecutionOrchestrator.execute(EngineExecutionOrchestrator.java:52)
	at org.junit.platform.launcher.core.DefaultLauncher.execute(DefaultLauncher.java:114)
	at org.junit.platform.launcher.core.DefaultLauncher.execute(DefaultLauncher.java:95)
	at org.junit.platform.launcher.core.DefaultLauncherSession$DelegatingLauncher.execute(DefaultLauncherSession.java:91)
	at org.junit.platform.launcher.core.SessionPerRequestLauncher.execute(SessionPerRequestLauncher.java:60)
	at org.eclipse.jdt.internal.junit5.runner.JUnit5TestReference.run(JUnit5TestReference.java:98)
	at org.eclipse.jdt.internal.junit.runner.TestExecution.run(TestExecution.java:40)
	at org.eclipse.jdt.internal.junit.runner.RemoteTestRunner.runTests(RemoteTestRunner.java:529)
	at org.eclipse.jdt.internal.junit.runner.RemoteTestRunner.runTests(RemoteTestRunner.java:756)
	at org.eclipse.jdt.internal.junit.runner.RemoteTestRunner.run(RemoteTestRunner.java:452)
	at org.eclipse.jdt.internal.junit.runner.RemoteTestRunner.main(RemoteTestRunner.java:210)
Caused by: org.springframework.beans.factory.NoSuchBeanDefinitionException: No qualifying bean of type 'org.springframework.test.web.servlet.MockMvc' available: expected at least 1 bean which qualifies as autowire candidate. Dependency annotations: {@org.springframework.beans.factory.annotation.Autowired(required=true)}
	at org.springframework.beans.factory.support.DefaultListableBeanFactory.raiseNoMatchingBeanFound(DefaultListableBeanFactory.java:1716)
	at org.springframework.beans.factory.support.DefaultListableBeanFactory.doResolveDependency(DefaultListableBeanFactory.java:1272)
	at org.springframework.beans.factory.support.DefaultListableBeanFactory.resolveDependency(DefaultListableBeanFactory.java:1226)
	at org.springframework.beans.factory.annotation.AutowiredAnnotationBeanPostProcessor$AutowiredFieldElement.inject(AutowiredAnnotationBeanPostProcessor.java:640)
	... 75 common frames omitted

2022-03-28 01:39:52.425  INFO 3900 --- [SpringContextShutdownHook] o.s.s.concurrent.ThreadPoolTaskExecutor  : Shutting down ExecutorService 'applicationTaskExecutor'
2022-03-28 01:44:09.379  INFO 15516 --- [main] com.example.demo.HttpRequestTest         : Starting HttpRequestTest on DESKTOP-KJUL5ST with PID 15516 (started by qiao in D:\DevelopTools\eclipse-workspace\SpringBoot-WordProcessor)
2022-03-28 01:44:09.380  INFO 15516 --- [main] com.example.demo.HttpRequestTest         : No active profile set, falling back to default profiles: default
2022-03-28 01:44:10.445  INFO 15516 --- [main] o.s.b.w.embedded.tomcat.TomcatWebServer  : Tomcat initialized with port(s): 0 (http)
2022-03-28 01:44:10.459  INFO 15516 --- [main] o.apache.catalina.core.StandardService   : Starting service [Tomcat]
2022-03-28 01:44:10.460  INFO 15516 --- [main] org.apache.catalina.core.StandardEngine  : Starting Servlet engine: [Apache Tomcat/9.0.35]
2022-03-28 01:44:10.584  INFO 15516 --- [main] o.a.c.c.C.[Tomcat].[localhost].[/]       : Initializing Spring embedded WebApplicationContext
2022-03-28 01:44:10.584  INFO 15516 --- [main] o.s.web.context.ContextLoader            : Root WebApplicationContext: initialization completed in 1188 ms
2022-03-28 01:44:10.895  INFO 15516 --- [main] o.s.s.concurrent.ThreadPoolTaskExecutor  : Initializing ExecutorService 'applicationTaskExecutor'
2022-03-28 01:44:11.285  INFO 15516 --- [main] o.s.b.w.embedded.tomcat.TomcatWebServer  : Tomcat started on port(s): 53157 (http) with context path ''
2022-03-28 01:44:11.299  INFO 15516 --- [main] com.example.demo.HttpRequestTest         : Started HttpRequestTest in 2.291 seconds (JVM running for 3.454)
2022-03-28 01:44:11.826  INFO 15516 --- [http-nio-auto-1-exec-1] o.a.c.c.C.[Tomcat].[localhost].[/]       : Initializing Spring DispatcherServlet 'dispatcherServlet'
2022-03-28 01:44:11.826  INFO 15516 --- [http-nio-auto-1-exec-1] o.s.web.servlet.DispatcherServlet        : Initializing Servlet 'dispatcherServlet'
2022-03-28 01:44:11.847  INFO 15516 --- [http-nio-auto-1-exec-1] o.s.web.servlet.DispatcherServlet        : Completed initialization in 21 ms
2022-03-28 01:44:11.997  INFO 15516 --- [SpringContextShutdownHook] o.s.s.concurrent.ThreadPoolTaskExecutor  : Shutting down ExecutorService 'applicationTaskExecutor'
2022-03-28 01:44:45.665  INFO 16276 --- [main] com.example.demo.HttpRequestTest         : Starting HttpRequestTest on DESKTOP-KJUL5ST with PID 16276 (started by qiao in D:\DevelopTools\eclipse-workspace\SpringBoot-WordProcessor)
2022-03-28 01:44:45.666  INFO 16276 --- [main] com.example.demo.HttpRequestTest         : No active profile set, falling back to default profiles: default
2022-03-28 01:44:46.756  INFO 16276 --- [main] o.s.b.w.embedded.tomcat.TomcatWebServer  : Tomcat initialized with port(s): 0 (http)
2022-03-28 01:44:46.769  INFO 16276 --- [main] o.apache.catalina.core.StandardService   : Starting service [Tomcat]
2022-03-28 01:44:46.771  INFO 16276 --- [main] org.apache.catalina.core.StandardEngine  : Starting Servlet engine: [Apache Tomcat/9.0.35]
2022-03-28 01:44:46.880  INFO 16276 --- [main] o.a.c.c.C.[Tomcat].[localhost].[/]       : Initializing Spring embedded WebApplicationContext
2022-03-28 01:44:46.880  INFO 16276 --- [main] o.s.web.context.ContextLoader            : Root WebApplicationContext: initialization completed in 1196 ms
2022-03-28 01:44:47.199  INFO 16276 --- [main] o.s.s.concurrent.ThreadPoolTaskExecutor  : Initializing ExecutorService 'applicationTaskExecutor'
2022-03-28 01:44:47.599  INFO 16276 --- [main] o.s.b.w.embedded.tomcat.TomcatWebServer  : Tomcat started on port(s): 53176 (http) with context path ''
2022-03-28 01:44:47.611  INFO 16276 --- [main] com.example.demo.HttpRequestTest         : Started HttpRequestTest in 2.318 seconds (JVM running for 3.628)
2022-03-28 01:44:48.063  INFO 16276 --- [http-nio-auto-1-exec-1] o.a.c.c.C.[Tomcat].[localhost].[/]       : Initializing Spring DispatcherServlet 'dispatcherServlet'
2022-03-28 01:44:48.063  INFO 16276 --- [http-nio-auto-1-exec-1] o.s.web.servlet.DispatcherServlet        : Initializing Servlet 'dispatcherServlet'
2022-03-28 01:44:48.081  INFO 16276 --- [http-nio-auto-1-exec-1] o.s.web.servlet.DispatcherServlet        : Completed initialization in 18 ms
2022-03-28 01:44:48.231  INFO 16276 --- [SpringContextShutdownHook] o.s.s.concurrent.ThreadPoolTaskExecutor  : Shutting down ExecutorService 'applicationTaskExecutor'
2022-03-28 01:47:09.712  INFO 7516 --- [main] com.example.demo.HttpRequestTest         : Starting HttpRequestTest on DESKTOP-KJUL5ST with PID 7516 (started by qiao in D:\DevelopTools\eclipse-workspace\SpringBoot-WordProcessor)
2022-03-28 01:47:09.713  INFO 7516 --- [main] com.example.demo.HttpRequestTest         : No active profile set, falling back to default profiles: default
2022-03-28 01:47:10.810  INFO 7516 --- [main] o.s.b.w.embedded.tomcat.TomcatWebServer  : Tomcat initialized with port(s): 0 (http)
2022-03-28 01:47:10.821  INFO 7516 --- [main] o.apache.catalina.core.StandardService   : Starting service [Tomcat]
2022-03-28 01:47:10.822  INFO 7516 --- [main] org.apache.catalina.core.StandardEngine  : Starting Servlet engine: [Apache Tomcat/9.0.35]
2022-03-28 01:47:10.949  INFO 7516 --- [main] o.a.c.c.C.[Tomcat].[localhost].[/]       : Initializing Spring embedded WebApplicationContext
2022-03-28 01:47:10.949  INFO 7516 --- [main] o.s.web.context.ContextLoader            : Root WebApplicationContext: initialization completed in 1218 ms
2022-03-28 01:47:11.269  INFO 7516 --- [main] o.s.s.concurrent.ThreadPoolTaskExecutor  : Initializing ExecutorService 'applicationTaskExecutor'
2022-03-28 01:47:11.654  INFO 7516 --- [main] o.s.b.w.embedded.tomcat.TomcatWebServer  : Tomcat started on port(s): 53199 (http) with context path ''
2022-03-28 01:47:11.665  INFO 7516 --- [main] com.example.demo.HttpRequestTest         : Started HttpRequestTest in 2.331 seconds (JVM running for 3.468)
2022-03-28 01:47:12.103  INFO 7516 --- [http-nio-auto-1-exec-1] o.a.c.c.C.[Tomcat].[localhost].[/]       : Initializing Spring DispatcherServlet 'dispatcherServlet'
2022-03-28 01:47:12.103  INFO 7516 --- [http-nio-auto-1-exec-1] o.s.web.servlet.DispatcherServlet        : Initializing Servlet 'dispatcherServlet'
2022-03-28 01:47:12.123  INFO 7516 --- [http-nio-auto-1-exec-1] o.s.web.servlet.DispatcherServlet        : Completed initialization in 20 ms
2022-03-28 01:47:12.277  INFO 7516 --- [SpringContextShutdownHook] o.s.s.concurrent.ThreadPoolTaskExecutor  : Shutting down ExecutorService 'applicationTaskExecutor'
2022-03-28 01:49:52.102  INFO 9328 --- [main] com.example.demo.WordControllerMockTest  : Starting WordControllerMockTest on DESKTOP-KJUL5ST with PID 9328 (started by qiao in D:\DevelopTools\eclipse-workspace\SpringBoot-WordProcessor)
2022-03-28 01:49:52.104  INFO 9328 --- [main] com.example.demo.WordControllerMockTest  : No active profile set, falling back to default profiles: default
2022-03-28 01:49:53.414  INFO 9328 --- [main] o.s.s.concurrent.ThreadPoolTaskExecutor  : Initializing ExecutorService 'applicationTaskExecutor'
2022-03-28 01:49:53.824  INFO 9328 --- [main] o.s.b.t.m.w.SpringBootMockServletContext : Initializing Spring TestDispatcherServlet ''
2022-03-28 01:49:53.824  INFO 9328 --- [main] o.s.t.web.servlet.TestDispatcherServlet  : Initializing Servlet ''
2022-03-28 01:49:53.836  INFO 9328 --- [main] o.s.t.web.servlet.TestDispatcherServlet  : Completed initialization in 12 ms
2022-03-28 01:49:53.854  INFO 9328 --- [main] com.example.demo.WordControllerMockTest  : Started WordControllerMockTest in 2.147 seconds (JVM running for 3.465)
2022-03-28 01:49:54.302  INFO 9328 --- [SpringContextShutdownHook] o.s.s.concurrent.ThreadPoolTaskExecutor  : Shutting down ExecutorService 'applicationTaskExecutor'
2022-03-28 01:51:30.605  INFO 9764 --- [main] com.example.demo.WordControllerMockTest  : Starting WordControllerMockTest on DESKTOP-KJUL5ST with PID 9764 (started by qiao in D:\DevelopTools\eclipse-workspace\SpringBoot-WordProcessor)
2022-03-28 01:51:30.608  INFO 9764 --- [main] com.example.demo.WordControllerMockTest  : No active profile set, falling back to default profiles: default
2022-03-28 01:51:31.756  INFO 9764 --- [main] o.s.s.concurrent.ThreadPoolTaskExecutor  : Initializing ExecutorService 'applicationTaskExecutor'
2022-03-28 01:51:32.132  INFO 9764 --- [main] o.s.b.t.m.w.SpringBootMockServletContext : Initializing Spring TestDispatcherServlet ''
2022-03-28 01:51:32.133  INFO 9764 --- [main] o.s.t.web.servlet.TestDispatcherServlet  : Initializing Servlet ''
2022-03-28 01:51:32.148  INFO 9764 --- [main] o.s.t.web.servlet.TestDispatcherServlet  : Completed initialization in 15 ms
2022-03-28 01:51:32.167  INFO 9764 --- [main] com.example.demo.WordControllerMockTest  : Started WordControllerMockTest in 1.957 seconds (JVM running for 3.123)
2022-03-28 01:51:32.658  INFO 9764 --- [SpringContextShutdownHook] o.s.s.concurrent.ThreadPoolTaskExecutor  : Shutting down ExecutorService 'applicationTaskExecutor'
2022-03-28 02:02:34.519  INFO 1788 --- [main] com.example.demo.WordControllerMockTest  : Starting WordControllerMockTest on DESKTOP-KJUL5ST with PID 1788 (started by qiao in D:\DevelopTools\eclipse-workspace\SpringBoot-WordProcessor)
2022-03-28 02:02:34.521  INFO 1788 --- [main] com.example.demo.WordControllerMockTest  : No active profile set, falling back to default profiles: default
2022-03-28 02:02:35.687  INFO 1788 --- [main] o.s.s.concurrent.ThreadPoolTaskExecutor  : Initializing ExecutorService 'applicationTaskExecutor'
2022-03-28 02:02:36.070  INFO 1788 --- [main] o.s.b.t.m.w.SpringBootMockServletContext : Initializing Spring TestDispatcherServlet ''
2022-03-28 02:02:36.071  INFO 1788 --- [main] o.s.t.web.servlet.TestDispatcherServlet  : Initializing Servlet ''
2022-03-28 02:02:36.084  INFO 1788 --- [main] o.s.t.web.servlet.TestDispatcherServlet  : Completed initialization in 13 ms
2022-03-28 02:02:36.104  INFO 1788 --- [main] com.example.demo.WordControllerMockTest  : Started WordControllerMockTest in 1.953 seconds (JVM running for 3.099)
2022-03-28 02:02:36.577  INFO 1788 --- [SpringContextShutdownHook] o.s.s.concurrent.ThreadPoolTaskExecutor  : Shutting down ExecutorService 'applicationTaskExecutor'
2022-03-28 02:03:37.165  INFO 9688 --- [main] com.example.demo.WordControllerMockTest  : Starting WordControllerMockTest on DESKTOP-KJUL5ST with PID 9688 (started by qiao in D:\DevelopTools\eclipse-workspace\SpringBoot-WordProcessor)
2022-03-28 02:03:37.166  INFO 9688 --- [main] com.example.demo.WordControllerMockTest  : No active profile set, falling back to default profiles: default
2022-03-28 02:03:38.335  INFO 9688 --- [main] o.s.s.concurrent.ThreadPoolTaskExecutor  : Initializing ExecutorService 'applicationTaskExecutor'
2022-03-28 02:03:38.698  INFO 9688 --- [main] o.s.b.t.m.w.SpringBootMockServletContext : Initializing Spring TestDispatcherServlet ''
2022-03-28 02:03:38.698  INFO 9688 --- [main] o.s.t.web.servlet.TestDispatcherServlet  : Initializing Servlet ''
2022-03-28 02:03:38.711  INFO 9688 --- [main] o.s.t.web.servlet.TestDispatcherServlet  : Completed initialization in 13 ms
2022-03-28 02:03:38.731  INFO 9688 --- [main] com.example.demo.WordControllerMockTest  : Started WordControllerMockTest in 1.936 seconds (JVM running for 3.124)
2022-03-28 02:03:39.187  INFO 9688 --- [SpringContextShutdownHook] o.s.s.concurrent.ThreadPoolTaskExecutor  : Shutting down ExecutorService 'applicationTaskExecutor'
2022-03-28 02:08:19.348  INFO 4556 --- [main] com.example.demo.WordControllerMockTest  : Starting WordControllerMockTest on DESKTOP-KJUL5ST with PID 4556 (started by qiao in D:\DevelopTools\eclipse-workspace\SpringBoot-WordProcessor)
2022-03-28 02:08:19.352  INFO 4556 --- [main] com.example.demo.WordControllerMockTest  : No active profile set, falling back to default profiles: default
2022-03-28 02:08:20.548  INFO 4556 --- [main] o.s.s.concurrent.ThreadPoolTaskExecutor  : Initializing ExecutorService 'applicationTaskExecutor'
2022-03-28 02:08:20.764  INFO 4556 --- [main] o.s.b.t.m.w.SpringBootMockServletContext : Initializing Spring TestDispatcherServlet ''
2022-03-28 02:08:20.764  INFO 4556 --- [main] o.s.t.web.servlet.TestDispatcherServlet  : Initializing Servlet ''
2022-03-28 02:08:20.776  INFO 4556 --- [main] o.s.t.web.servlet.TestDispatcherServlet  : Completed initialization in 12 ms
2022-03-28 02:08:20.803  INFO 4556 --- [main] com.example.demo.WordControllerMockTest  : Started WordControllerMockTest in 1.928 seconds (JVM running for 3.028)
2022-03-28 02:08:20.976  INFO 4556 --- [SpringContextShutdownHook] o.s.s.concurrent.ThreadPoolTaskExecutor  : Shutting down ExecutorService 'applicationTaskExecutor'
2022-03-28 02:13:04.639  INFO 10068 --- [main] com.example.demo.WordControllerMockTest  : Starting WordControllerMockTest on DESKTOP-KJUL5ST with PID 10068 (started by qiao in D:\DevelopTools\eclipse-workspace\SpringBoot-WordProcessor)
2022-03-28 02:13:04.641  INFO 10068 --- [main] com.example.demo.WordControllerMockTest  : No active profile set, falling back to default profiles: default
2022-03-28 02:13:05.793  INFO 10068 --- [main] o.s.s.concurrent.ThreadPoolTaskExecutor  : Initializing ExecutorService 'applicationTaskExecutor'
2022-03-28 02:13:06.015  INFO 10068 --- [main] o.s.b.t.m.w.SpringBootMockServletContext : Initializing Spring TestDispatcherServlet ''
2022-03-28 02:13:06.015  INFO 10068 --- [main] o.s.t.web.servlet.TestDispatcherServlet  : Initializing Servlet ''
2022-03-28 02:13:06.027  INFO 10068 --- [main] o.s.t.web.servlet.TestDispatcherServlet  : Completed initialization in 12 ms
2022-03-28 02:13:06.057  INFO 10068 --- [main] com.example.demo.WordControllerMockTest  : Started WordControllerMockTest in 1.873 seconds (JVM running for 2.976)
2022-03-28 02:13:06.271  WARN 10068 --- [main] o.s.test.context.TestContextManager      : Caught exception while invoking 'afterTestMethod' callback on TestExecutionListener [org.springframework.boot.test.mock.mockito.ResetMocksTestExecutionListener@45815ffc] for test method [public void com.example.demo.WordControllerMockTest.testControllerWithMock() throws java.lang.Exception] and test instance [com.example.demo.WordControllerMockTest@1ec88aa1]

org.mockito.exceptions.misusing.InvalidUseOfMatchersException: 
Misplaced or misused argument matcher detected here:

-> at com.example.demo.WordControllerMockTest.testControllerWithMock(WordControllerMockTest.java:43)

You cannot use argument matchers outside of verification or stubbing.
Examples of correct usage of argument matchers:
    when(mock.get(anyInt())).thenReturn(null);
    doThrow(new RuntimeException()).when(mock).someVoidMethod(anyObject());
    verify(mock).someMethod(contains("foo"))

This message may appear after an NullPointerException if the last matcher is returning an object 
like any() but the stubbed method signature expect a primitive argument, in this case,
use primitive alternatives.
    when(mock.get(any())); // bad use, will raise NPE
    when(mock.get(anyInt())); // correct usage use

Also, this error might show up because you use argument matchers with methods that cannot be mocked.
Following methods *cannot* be stubbed/verified: final/private/equals()/hashCode().
Mocking methods declared on non-public parent classes is not supported.

	at org.springframework.boot.test.mock.mockito.ResetMocksTestExecutionListener.resetMocks(ResetMocksTestExecutionListener.java:82)
	at org.springframework.boot.test.mock.mockito.ResetMocksTestExecutionListener.resetMocks(ResetMocksTestExecutionListener.java:69)
	at org.springframework.boot.test.mock.mockito.ResetMocksTestExecutionListener.afterTestMethod(ResetMocksTestExecutionListener.java:63)
	at org.springframework.test.context.TestContextManager.afterTestMethod(TestContextManager.java:441)
	at org.springframework.test.context.junit.jupiter.SpringExtension.afterEach(SpringExtension.java:140)
	at org.junit.jupiter.engine.descriptor.TestMethodTestDescriptor.lambda$invokeAfterEachCallbacks$12(TestMethodTestDescriptor.java:257)
	at org.junit.jupiter.engine.descriptor.TestMethodTestDescriptor.lambda$invokeAllAfterMethodsOrCallbacks$13(TestMethodTestDescriptor.java:273)
	at org.junit.platform.engine.support.hierarchical.ThrowableCollector.execute(ThrowableCollector.java:73)
	at org.junit.jupiter.engine.descriptor.TestMethodTestDescriptor.lambda$invokeAllAfterMethodsOrCallbacks$14(TestMethodTestDescriptor.java:273)
	at java.base/java.util.ArrayList.forEach(ArrayList.java:1511)
	at org.junit.jupiter.engine.descriptor.TestMethodTestDescriptor.invokeAllAfterMethodsOrCallbacks(TestMethodTestDescriptor.java:272)
	at org.junit.jupiter.engine.descriptor.TestMethodTestDescriptor.invokeAfterEachCallbacks(TestMethodTestDescriptor.java:256)
	at org.junit.jupiter.engine.descriptor.TestMethodTestDescriptor.execute(TestMethodTestDescriptor.java:141)
	at org.junit.jupiter.engine.descriptor.TestMethodTestDescriptor.execute(TestMethodTestDescriptor.java:66)
	at org.junit.platform.engine.support.hierarchical.NodeTestTask.lambda$executeRecursively$6(NodeTestTask.java:151)
	at org.junit.platform.engine.support.hierarchical.ThrowableCollector.execute(ThrowableCollector.java:73)
	at org.junit.platform.engine.support.hierarchical.NodeTestTask.lambda$executeRecursively$8(NodeTestTask.java:141)
	at org.junit.platform.engine.support.hierarchical.Node.around(Node.java:137)
	at org.junit.platform.engine.support.hierarchical.NodeTestTask.lambda$executeRecursively$9(NodeTestTask.java:139)
	at org.junit.platform.engine.support.hierarchical.ThrowableCollector.execute(ThrowableCollector.java:73)
	at org.junit.platform.engine.support.hierarchical.NodeTestTask.executeRecursively(NodeTestTask.java:138)
	at org.junit.platform.engine.support.hierarchical.NodeTestTask.execute(NodeTestTask.java:95)
	at java.base/java.util.ArrayList.forEach(ArrayList.java:1511)
	at org.junit.platform.engine.support.hierarchical.SameThreadHierarchicalTestExecutorService.invokeAll(SameThreadHierarchicalTestExecutorService.java:41)
	at org.junit.platform.engine.support.hierarchical.NodeTestTask.lambda$executeRecursively$6(NodeTestTask.java:155)
	at org.junit.platform.engine.support.hierarchical.ThrowableCollector.execute(ThrowableCollector.java:73)
	at org.junit.platform.engine.support.hierarchical.NodeTestTask.lambda$executeRecursively$8(NodeTestTask.java:141)
	at org.junit.platform.engine.support.hierarchical.Node.around(Node.java:137)
	at org.junit.platform.engine.support.hierarchical.NodeTestTask.lambda$executeRecursively$9(NodeTestTask.java:139)
	at org.junit.platform.engine.support.hierarchical.ThrowableCollector.execute(ThrowableCollector.java:73)
	at org.junit.platform.engine.support.hierarchical.NodeTestTask.executeRecursively(NodeTestTask.java:138)
	at org.junit.platform.engine.support.hierarchical.NodeTestTask.execute(NodeTestTask.java:95)
	at java.base/java.util.ArrayList.forEach(ArrayList.java:1511)
	at org.junit.platform.engine.support.hierarchical.SameThreadHierarchicalTestExecutorService.invokeAll(SameThreadHierarchicalTestExecutorService.java:41)
	at org.junit.platform.engine.support.hierarchical.NodeTestTask.lambda$executeRecursively$6(NodeTestTask.java:155)
	at org.junit.platform.engine.support.hierarchical.ThrowableCollector.execute(ThrowableCollector.java:73)
	at org.junit.platform.engine.support.hierarchical.NodeTestTask.lambda$executeRecursively$8(NodeTestTask.java:141)
	at org.junit.platform.engine.support.hierarchical.Node.around(Node.java:137)
	at org.junit.platform.engine.support.hierarchical.NodeTestTask.lambda$executeRecursively$9(NodeTestTask.java:139)
	at org.junit.platform.engine.support.hierarchical.ThrowableCollector.execute(ThrowableCollector.java:73)
	at org.junit.platform.engine.support.hierarchical.NodeTestTask.executeRecursively(NodeTestTask.java:138)
	at org.junit.platform.engine.support.hierarchical.NodeTestTask.execute(NodeTestTask.java:95)
	at org.junit.platform.engine.support.hierarchical.SameThreadHierarchicalTestExecutorService.submit(SameThreadHierarchicalTestExecutorService.java:35)
	at org.junit.platform.engine.support.hierarchical.HierarchicalTestExecutor.execute(HierarchicalTestExecutor.java:57)
	at org.junit.platform.engine.support.hierarchical.HierarchicalTestEngine.execute(HierarchicalTestEngine.java:54)
	at org.junit.platform.launcher.core.EngineExecutionOrchestrator.execute(EngineExecutionOrchestrator.java:107)
	at org.junit.platform.launcher.core.EngineExecutionOrchestrator.execute(EngineExecutionOrchestrator.java:88)
	at org.junit.platform.launcher.core.EngineExecutionOrchestrator.lambda$execute$0(EngineExecutionOrchestrator.java:54)
	at org.junit.platform.launcher.core.EngineExecutionOrchestrator.withInterceptedStreams(EngineExecutionOrchestrator.java:67)
	at org.junit.platform.launcher.core.EngineExecutionOrchestrator.execute(EngineExecutionOrchestrator.java:52)
	at org.junit.platform.launcher.core.DefaultLauncher.execute(DefaultLauncher.java:114)
	at org.junit.platform.launcher.core.DefaultLauncher.execute(DefaultLauncher.java:95)
	at org.junit.platform.launcher.core.DefaultLauncherSession$DelegatingLauncher.execute(DefaultLauncherSession.java:91)
	at org.junit.platform.launcher.core.SessionPerRequestLauncher.execute(SessionPerRequestLauncher.java:60)
	at org.eclipse.jdt.internal.junit5.runner.JUnit5TestReference.run(JUnit5TestReference.java:98)
	at org.eclipse.jdt.internal.junit.runner.TestExecution.run(TestExecution.java:40)
	at org.eclipse.jdt.internal.junit.runner.RemoteTestRunner.runTests(RemoteTestRunner.java:529)
	at org.eclipse.jdt.internal.junit.runner.RemoteTestRunner.runTests(RemoteTestRunner.java:756)
	at org.eclipse.jdt.internal.junit.runner.RemoteTestRunner.run(RemoteTestRunner.java:452)
	at org.eclipse.jdt.internal.junit.runner.RemoteTestRunner.main(RemoteTestRunner.java:210)

2022-03-28 02:13:06.289  INFO 10068 --- [SpringContextShutdownHook] o.s.s.concurrent.ThreadPoolTaskExecutor  : Shutting down ExecutorService 'applicationTaskExecutor'
2022-03-28 02:13:54.684  INFO 8764 --- [main] com.example.demo.WordControllerMockTest  : Starting WordControllerMockTest on DESKTOP-KJUL5ST with PID 8764 (started by qiao in D:\DevelopTools\eclipse-workspace\SpringBoot-WordProcessor)
2022-03-28 02:13:54.687  INFO 8764 --- [main] com.example.demo.WordControllerMockTest  : No active profile set, falling back to default profiles: default
2022-03-28 02:13:55.830  INFO 8764 --- [main] o.s.s.concurrent.ThreadPoolTaskExecutor  : Initializing ExecutorService 'applicationTaskExecutor'
2022-03-28 02:13:56.054  INFO 8764 --- [main] o.s.b.t.m.w.SpringBootMockServletContext : Initializing Spring TestDispatcherServlet ''
2022-03-28 02:13:56.054  INFO 8764 --- [main] o.s.t.web.servlet.TestDispatcherServlet  : Initializing Servlet ''
2022-03-28 02:13:56.069  INFO 8764 --- [main] o.s.t.web.servlet.TestDispatcherServlet  : Completed initialization in 15 ms
2022-03-28 02:13:56.098  INFO 8764 --- [main] com.example.demo.WordControllerMockTest  : Started WordControllerMockTest in 1.839 seconds (JVM running for 2.934)
2022-03-28 02:13:56.275  WARN 8764 --- [main] o.s.test.context.TestContextManager      : Caught exception while invoking 'afterTestMethod' callback on TestExecutionListener [org.springframework.boot.test.mock.mockito.ResetMocksTestExecutionListener@7e276594] for test method [public void com.example.demo.WordControllerMockTest.testControllerWithMock() throws java.lang.Exception] and test instance [com.example.demo.WordControllerMockTest@59b492ec]

org.mockito.exceptions.misusing.InvalidUseOfMatchersException: 
Misplaced or misused argument matcher detected here:

-> at com.example.demo.WordControllerMockTest.testControllerWithMock(WordControllerMockTest.java:43)

You cannot use argument matchers outside of verification or stubbing.
Examples of correct usage of argument matchers:
    when(mock.get(anyInt())).thenReturn(null);
    doThrow(new RuntimeException()).when(mock).someVoidMethod(anyObject());
    verify(mock).someMethod(contains("foo"))

This message may appear after an NullPointerException if the last matcher is returning an object 
like any() but the stubbed method signature expect a primitive argument, in this case,
use primitive alternatives.
    when(mock.get(any())); // bad use, will raise NPE
    when(mock.get(anyInt())); // correct usage use

Also, this error might show up because you use argument matchers with methods that cannot be mocked.
Following methods *cannot* be stubbed/verified: final/private/equals()/hashCode().
Mocking methods declared on non-public parent classes is not supported.

	at org.springframework.boot.test.mock.mockito.ResetMocksTestExecutionListener.resetMocks(ResetMocksTestExecutionListener.java:82)
	at org.springframework.boot.test.mock.mockito.ResetMocksTestExecutionListener.resetMocks(ResetMocksTestExecutionListener.java:69)
	at org.springframework.boot.test.mock.mockito.ResetMocksTestExecutionListener.afterTestMethod(ResetMocksTestExecutionListener.java:63)
	at org.springframework.test.context.TestContextManager.afterTestMethod(TestContextManager.java:441)
	at org.springframework.test.context.junit.jupiter.SpringExtension.afterEach(SpringExtension.java:140)
	at org.junit.jupiter.engine.descriptor.TestMethodTestDescriptor.lambda$invokeAfterEachCallbacks$12(TestMethodTestDescriptor.java:257)
	at org.junit.jupiter.engine.descriptor.TestMethodTestDescriptor.lambda$invokeAllAfterMethodsOrCallbacks$13(TestMethodTestDescriptor.java:273)
	at org.junit.platform.engine.support.hierarchical.ThrowableCollector.execute(ThrowableCollector.java:73)
	at org.junit.jupiter.engine.descriptor.TestMethodTestDescriptor.lambda$invokeAllAfterMethodsOrCallbacks$14(TestMethodTestDescriptor.java:273)
	at java.base/java.util.ArrayList.forEach(ArrayList.java:1511)
	at org.junit.jupiter.engine.descriptor.TestMethodTestDescriptor.invokeAllAfterMethodsOrCallbacks(TestMethodTestDescriptor.java:272)
	at org.junit.jupiter.engine.descriptor.TestMethodTestDescriptor.invokeAfterEachCallbacks(TestMethodTestDescriptor.java:256)
	at org.junit.jupiter.engine.descriptor.TestMethodTestDescriptor.execute(TestMethodTestDescriptor.java:141)
	at org.junit.jupiter.engine.descriptor.TestMethodTestDescriptor.execute(TestMethodTestDescriptor.java:66)
	at org.junit.platform.engine.support.hierarchical.NodeTestTask.lambda$executeRecursively$6(NodeTestTask.java:151)
	at org.junit.platform.engine.support.hierarchical.ThrowableCollector.execute(ThrowableCollector.java:73)
	at org.junit.platform.engine.support.hierarchical.NodeTestTask.lambda$executeRecursively$8(NodeTestTask.java:141)
	at org.junit.platform.engine.support.hierarchical.Node.around(Node.java:137)
	at org.junit.platform.engine.support.hierarchical.NodeTestTask.lambda$executeRecursively$9(NodeTestTask.java:139)
	at org.junit.platform.engine.support.hierarchical.ThrowableCollector.execute(ThrowableCollector.java:73)
	at org.junit.platform.engine.support.hierarchical.NodeTestTask.executeRecursively(NodeTestTask.java:138)
	at org.junit.platform.engine.support.hierarchical.NodeTestTask.execute(NodeTestTask.java:95)
	at java.base/java.util.ArrayList.forEach(ArrayList.java:1511)
	at org.junit.platform.engine.support.hierarchical.SameThreadHierarchicalTestExecutorService.invokeAll(SameThreadHierarchicalTestExecutorService.java:41)
	at org.junit.platform.engine.support.hierarchical.NodeTestTask.lambda$executeRecursively$6(NodeTestTask.java:155)
	at org.junit.platform.engine.support.hierarchical.ThrowableCollector.execute(ThrowableCollector.java:73)
	at org.junit.platform.engine.support.hierarchical.NodeTestTask.lambda$executeRecursively$8(NodeTestTask.java:141)
	at org.junit.platform.engine.support.hierarchical.Node.around(Node.java:137)
	at org.junit.platform.engine.support.hierarchical.NodeTestTask.lambda$executeRecursively$9(NodeTestTask.java:139)
	at org.junit.platform.engine.support.hierarchical.ThrowableCollector.execute(ThrowableCollector.java:73)
	at org.junit.platform.engine.support.hierarchical.NodeTestTask.executeRecursively(NodeTestTask.java:138)
	at org.junit.platform.engine.support.hierarchical.NodeTestTask.execute(NodeTestTask.java:95)
	at java.base/java.util.ArrayList.forEach(ArrayList.java:1511)
	at org.junit.platform.engine.support.hierarchical.SameThreadHierarchicalTestExecutorService.invokeAll(SameThreadHierarchicalTestExecutorService.java:41)
	at org.junit.platform.engine.support.hierarchical.NodeTestTask.lambda$executeRecursively$6(NodeTestTask.java:155)
	at org.junit.platform.engine.support.hierarchical.ThrowableCollector.execute(ThrowableCollector.java:73)
	at org.junit.platform.engine.support.hierarchical.NodeTestTask.lambda$executeRecursively$8(NodeTestTask.java:141)
	at org.junit.platform.engine.support.hierarchical.Node.around(Node.java:137)
	at org.junit.platform.engine.support.hierarchical.NodeTestTask.lambda$executeRecursively$9(NodeTestTask.java:139)
	at org.junit.platform.engine.support.hierarchical.ThrowableCollector.execute(ThrowableCollector.java:73)
	at org.junit.platform.engine.support.hierarchical.NodeTestTask.executeRecursively(NodeTestTask.java:138)
	at org.junit.platform.engine.support.hierarchical.NodeTestTask.execute(NodeTestTask.java:95)
	at org.junit.platform.engine.support.hierarchical.SameThreadHierarchicalTestExecutorService.submit(SameThreadHierarchicalTestExecutorService.java:35)
	at org.junit.platform.engine.support.hierarchical.HierarchicalTestExecutor.execute(HierarchicalTestExecutor.java:57)
	at org.junit.platform.engine.support.hierarchical.HierarchicalTestEngine.execute(HierarchicalTestEngine.java:54)
	at org.junit.platform.launcher.core.EngineExecutionOrchestrator.execute(EngineExecutionOrchestrator.java:107)
	at org.junit.platform.launcher.core.EngineExecutionOrchestrator.execute(EngineExecutionOrchestrator.java:88)
	at org.junit.platform.launcher.core.EngineExecutionOrchestrator.lambda$execute$0(EngineExecutionOrchestrator.java:54)
	at org.junit.platform.launcher.core.EngineExecutionOrchestrator.withInterceptedStreams(EngineExecutionOrchestrator.java:67)
	at org.junit.platform.launcher.core.EngineExecutionOrchestrator.execute(EngineExecutionOrchestrator.java:52)
	at org.junit.platform.launcher.core.DefaultLauncher.execute(DefaultLauncher.java:114)
	at org.junit.platform.launcher.core.DefaultLauncher.execute(DefaultLauncher.java:95)
	at org.junit.platform.launcher.core.DefaultLauncherSession$DelegatingLauncher.execute(DefaultLauncherSession.java:91)
	at org.junit.platform.launcher.core.SessionPerRequestLauncher.execute(SessionPerRequestLauncher.java:60)
	at org.eclipse.jdt.internal.junit5.runner.JUnit5TestReference.run(JUnit5TestReference.java:98)
	at org.eclipse.jdt.internal.junit.runner.TestExecution.run(TestExecution.java:40)
	at org.eclipse.jdt.internal.junit.runner.RemoteTestRunner.runTests(RemoteTestRunner.java:529)
	at org.eclipse.jdt.internal.junit.runner.RemoteTestRunner.runTests(RemoteTestRunner.java:756)
	at org.eclipse.jdt.internal.junit.runner.RemoteTestRunner.run(RemoteTestRunner.java:452)
	at org.eclipse.jdt.internal.junit.runner.RemoteTestRunner.main(RemoteTestRunner.java:210)

2022-03-28 02:13:56.293  INFO 8764 --- [SpringContextShutdownHook] o.s.s.concurrent.ThreadPoolTaskExecutor  : Shutting down ExecutorService 'applicationTaskExecutor'
2022-03-28 02:16:56.155  INFO 15408 --- [main] com.example.demo.WordControllerMockTest  : Starting WordControllerMockTest on DESKTOP-KJUL5ST with PID 15408 (started by qiao in D:\DevelopTools\eclipse-workspace\SpringBoot-WordProcessor)
2022-03-28 02:16:56.157  INFO 15408 --- [main] com.example.demo.WordControllerMockTest  : No active profile set, falling back to default profiles: default
2022-03-28 02:16:57.458  INFO 15408 --- [main] o.s.s.concurrent.ThreadPoolTaskExecutor  : Initializing ExecutorService 'applicationTaskExecutor'
2022-03-28 02:16:57.682  INFO 15408 --- [main] o.s.b.t.m.w.SpringBootMockServletContext : Initializing Spring TestDispatcherServlet ''
2022-03-28 02:16:57.682  INFO 15408 --- [main] o.s.t.web.servlet.TestDispatcherServlet  : Initializing Servlet ''
2022-03-28 02:16:57.694  INFO 15408 --- [main] o.s.t.web.servlet.TestDispatcherServlet  : Completed initialization in 12 ms
2022-03-28 02:16:57.722  INFO 15408 --- [main] com.example.demo.WordControllerMockTest  : Started WordControllerMockTest in 2.13 seconds (JVM running for 3.287)
2022-03-28 02:16:57.896  WARN 15408 --- [main] o.s.test.context.TestContextManager      : Caught exception while invoking 'afterTestMethod' callback on TestExecutionListener [org.springframework.boot.test.mock.mockito.ResetMocksTestExecutionListener@7e276594] for test method [public void com.example.demo.WordControllerMockTest.testControllerWithMock() throws java.lang.Exception] and test instance [com.example.demo.WordControllerMockTest@28daf506]

org.mockito.exceptions.misusing.InvalidUseOfMatchersException: 
Misplaced or misused argument matcher detected here:

-> at com.example.demo.WordControllerMockTest.testControllerWithMock(WordControllerMockTest.java:43)

You cannot use argument matchers outside of verification or stubbing.
Examples of correct usage of argument matchers:
    when(mock.get(anyInt())).thenReturn(null);
    doThrow(new RuntimeException()).when(mock).someVoidMethod(anyObject());
    verify(mock).someMethod(contains("foo"))

This message may appear after an NullPointerException if the last matcher is returning an object 
like any() but the stubbed method signature expect a primitive argument, in this case,
use primitive alternatives.
    when(mock.get(any())); // bad use, will raise NPE
    when(mock.get(anyInt())); // correct usage use

Also, this error might show up because you use argument matchers with methods that cannot be mocked.
Following methods *cannot* be stubbed/verified: final/private/equals()/hashCode().
Mocking methods declared on non-public parent classes is not supported.

	at org.springframework.boot.test.mock.mockito.ResetMocksTestExecutionListener.resetMocks(ResetMocksTestExecutionListener.java:82)
	at org.springframework.boot.test.mock.mockito.ResetMocksTestExecutionListener.resetMocks(ResetMocksTestExecutionListener.java:69)
	at org.springframework.boot.test.mock.mockito.ResetMocksTestExecutionListener.afterTestMethod(ResetMocksTestExecutionListener.java:63)
	at org.springframework.test.context.TestContextManager.afterTestMethod(TestContextManager.java:441)
	at org.springframework.test.context.junit.jupiter.SpringExtension.afterEach(SpringExtension.java:140)
	at org.junit.jupiter.engine.descriptor.TestMethodTestDescriptor.lambda$invokeAfterEachCallbacks$12(TestMethodTestDescriptor.java:257)
	at org.junit.jupiter.engine.descriptor.TestMethodTestDescriptor.lambda$invokeAllAfterMethodsOrCallbacks$13(TestMethodTestDescriptor.java:273)
	at org.junit.platform.engine.support.hierarchical.ThrowableCollector.execute(ThrowableCollector.java:73)
	at org.junit.jupiter.engine.descriptor.TestMethodTestDescriptor.lambda$invokeAllAfterMethodsOrCallbacks$14(TestMethodTestDescriptor.java:273)
	at java.base/java.util.ArrayList.forEach(ArrayList.java:1511)
	at org.junit.jupiter.engine.descriptor.TestMethodTestDescriptor.invokeAllAfterMethodsOrCallbacks(TestMethodTestDescriptor.java:272)
	at org.junit.jupiter.engine.descriptor.TestMethodTestDescriptor.invokeAfterEachCallbacks(TestMethodTestDescriptor.java:256)
	at org.junit.jupiter.engine.descriptor.TestMethodTestDescriptor.execute(TestMethodTestDescriptor.java:141)
	at org.junit.jupiter.engine.descriptor.TestMethodTestDescriptor.execute(TestMethodTestDescriptor.java:66)
	at org.junit.platform.engine.support.hierarchical.NodeTestTask.lambda$executeRecursively$6(NodeTestTask.java:151)
	at org.junit.platform.engine.support.hierarchical.ThrowableCollector.execute(ThrowableCollector.java:73)
	at org.junit.platform.engine.support.hierarchical.NodeTestTask.lambda$executeRecursively$8(NodeTestTask.java:141)
	at org.junit.platform.engine.support.hierarchical.Node.around(Node.java:137)
	at org.junit.platform.engine.support.hierarchical.NodeTestTask.lambda$executeRecursively$9(NodeTestTask.java:139)
	at org.junit.platform.engine.support.hierarchical.ThrowableCollector.execute(ThrowableCollector.java:73)
	at org.junit.platform.engine.support.hierarchical.NodeTestTask.executeRecursively(NodeTestTask.java:138)
	at org.junit.platform.engine.support.hierarchical.NodeTestTask.execute(NodeTestTask.java:95)
	at java.base/java.util.ArrayList.forEach(ArrayList.java:1511)
	at org.junit.platform.engine.support.hierarchical.SameThreadHierarchicalTestExecutorService.invokeAll(SameThreadHierarchicalTestExecutorService.java:41)
	at org.junit.platform.engine.support.hierarchical.NodeTestTask.lambda$executeRecursively$6(NodeTestTask.java:155)
	at org.junit.platform.engine.support.hierarchical.ThrowableCollector.execute(ThrowableCollector.java:73)
	at org.junit.platform.engine.support.hierarchical.NodeTestTask.lambda$executeRecursively$8(NodeTestTask.java:141)
	at org.junit.platform.engine.support.hierarchical.Node.around(Node.java:137)
	at org.junit.platform.engine.support.hierarchical.NodeTestTask.lambda$executeRecursively$9(NodeTestTask.java:139)
	at org.junit.platform.engine.support.hierarchical.ThrowableCollector.execute(ThrowableCollector.java:73)
	at org.junit.platform.engine.support.hierarchical.NodeTestTask.executeRecursively(NodeTestTask.java:138)
	at org.junit.platform.engine.support.hierarchical.NodeTestTask.execute(NodeTestTask.java:95)
	at java.base/java.util.ArrayList.forEach(ArrayList.java:1511)
	at org.junit.platform.engine.support.hierarchical.SameThreadHierarchicalTestExecutorService.invokeAll(SameThreadHierarchicalTestExecutorService.java:41)
	at org.junit.platform.engine.support.hierarchical.NodeTestTask.lambda$executeRecursively$6(NodeTestTask.java:155)
	at org.junit.platform.engine.support.hierarchical.ThrowableCollector.execute(ThrowableCollector.java:73)
	at org.junit.platform.engine.support.hierarchical.NodeTestTask.lambda$executeRecursively$8(NodeTestTask.java:141)
	at org.junit.platform.engine.support.hierarchical.Node.around(Node.java:137)
	at org.junit.platform.engine.support.hierarchical.NodeTestTask.lambda$executeRecursively$9(NodeTestTask.java:139)
	at org.junit.platform.engine.support.hierarchical.ThrowableCollector.execute(ThrowableCollector.java:73)
	at org.junit.platform.engine.support.hierarchical.NodeTestTask.executeRecursively(NodeTestTask.java:138)
	at org.junit.platform.engine.support.hierarchical.NodeTestTask.execute(NodeTestTask.java:95)
	at org.junit.platform.engine.support.hierarchical.SameThreadHierarchicalTestExecutorService.submit(SameThreadHierarchicalTestExecutorService.java:35)
	at org.junit.platform.engine.support.hierarchical.HierarchicalTestExecutor.execute(HierarchicalTestExecutor.java:57)
	at org.junit.platform.engine.support.hierarchical.HierarchicalTestEngine.execute(HierarchicalTestEngine.java:54)
	at org.junit.platform.launcher.core.EngineExecutionOrchestrator.execute(EngineExecutionOrchestrator.java:107)
	at org.junit.platform.launcher.core.EngineExecutionOrchestrator.execute(EngineExecutionOrchestrator.java:88)
	at org.junit.platform.launcher.core.EngineExecutionOrchestrator.lambda$execute$0(EngineExecutionOrchestrator.java:54)
	at org.junit.platform.launcher.core.EngineExecutionOrchestrator.withInterceptedStreams(EngineExecutionOrchestrator.java:67)
	at org.junit.platform.launcher.core.EngineExecutionOrchestrator.execute(EngineExecutionOrchestrator.java:52)
	at org.junit.platform.launcher.core.DefaultLauncher.execute(DefaultLauncher.java:114)
	at org.junit.platform.launcher.core.DefaultLauncher.execute(DefaultLauncher.java:95)
	at org.junit.platform.launcher.core.DefaultLauncherSession$DelegatingLauncher.execute(DefaultLauncherSession.java:91)
	at org.junit.platform.launcher.core.SessionPerRequestLauncher.execute(SessionPerRequestLauncher.java:60)
	at org.eclipse.jdt.internal.junit5.runner.JUnit5TestReference.run(JUnit5TestReference.java:98)
	at org.eclipse.jdt.internal.junit.runner.TestExecution.run(TestExecution.java:40)
	at org.eclipse.jdt.internal.junit.runner.RemoteTestRunner.runTests(RemoteTestRunner.java:529)
	at org.eclipse.jdt.internal.junit.runner.RemoteTestRunner.runTests(RemoteTestRunner.java:756)
	at org.eclipse.jdt.internal.junit.runner.RemoteTestRunner.run(RemoteTestRunner.java:452)
	at org.eclipse.jdt.internal.junit.runner.RemoteTestRunner.main(RemoteTestRunner.java:210)

2022-03-28 02:16:57.915  INFO 15408 --- [SpringContextShutdownHook] o.s.s.concurrent.ThreadPoolTaskExecutor  : Shutting down ExecutorService 'applicationTaskExecutor'
2022-03-28 02:25:39.536  INFO 17924 --- [main] com.example.demo.WordControllerMockTest  : Starting WordControllerMockTest on DESKTOP-KJUL5ST with PID 17924 (started by qiao in D:\DevelopTools\eclipse-workspace\SpringBoot-WordProcessor)
2022-03-28 02:25:39.539  INFO 17924 --- [main] com.example.demo.WordControllerMockTest  : No active profile set, falling back to default profiles: default
2022-03-28 02:25:40.695  INFO 17924 --- [main] o.s.s.concurrent.ThreadPoolTaskExecutor  : Initializing ExecutorService 'applicationTaskExecutor'
2022-03-28 02:25:40.913  INFO 17924 --- [main] o.s.b.t.m.w.SpringBootMockServletContext : Initializing Spring TestDispatcherServlet ''
2022-03-28 02:25:40.914  INFO 17924 --- [main] o.s.t.web.servlet.TestDispatcherServlet  : Initializing Servlet ''
2022-03-28 02:25:40.927  INFO 17924 --- [main] o.s.t.web.servlet.TestDispatcherServlet  : Completed initialization in 13 ms
2022-03-28 02:25:40.958  INFO 17924 --- [main] com.example.demo.WordControllerMockTest  : Started WordControllerMockTest in 1.85 seconds (JVM running for 2.949)
2022-03-28 02:25:41.095  WARN 17924 --- [main] o.s.test.context.TestContextManager      : Caught exception while invoking 'afterTestMethod' callback on TestExecutionListener [org.springframework.boot.test.mock.mockito.ResetMocksTestExecutionListener@7e276594] for test method [public void com.example.demo.WordControllerMockTest.testController() throws java.lang.Exception] and test instance [com.example.demo.WordControllerMockTest@4b93dd6a]

org.mockito.exceptions.misusing.InvalidUseOfMatchersException: 
Misplaced or misused argument matcher detected here:

-> at com.example.demo.WordControllerMockTest.setUp(WordControllerMockTest.java:52)

You cannot use argument matchers outside of verification or stubbing.
Examples of correct usage of argument matchers:
    when(mock.get(anyInt())).thenReturn(null);
    doThrow(new RuntimeException()).when(mock).someVoidMethod(anyObject());
    verify(mock).someMethod(contains("foo"))

This message may appear after an NullPointerException if the last matcher is returning an object 
like any() but the stubbed method signature expect a primitive argument, in this case,
use primitive alternatives.
    when(mock.get(any())); // bad use, will raise NPE
    when(mock.get(anyInt())); // correct usage use

Also, this error might show up because you use argument matchers with methods that cannot be mocked.
Following methods *cannot* be stubbed/verified: final/private/equals()/hashCode().
Mocking methods declared on non-public parent classes is not supported.

	at org.springframework.boot.test.mock.mockito.ResetMocksTestExecutionListener.resetMocks(ResetMocksTestExecutionListener.java:82)
	at org.springframework.boot.test.mock.mockito.ResetMocksTestExecutionListener.resetMocks(ResetMocksTestExecutionListener.java:69)
	at org.springframework.boot.test.mock.mockito.ResetMocksTestExecutionListener.afterTestMethod(ResetMocksTestExecutionListener.java:63)
	at org.springframework.test.context.TestContextManager.afterTestMethod(TestContextManager.java:441)
	at org.springframework.test.context.junit.jupiter.SpringExtension.afterEach(SpringExtension.java:140)
	at org.junit.jupiter.engine.descriptor.TestMethodTestDescriptor.lambda$invokeAfterEachCallbacks$12(TestMethodTestDescriptor.java:257)
	at org.junit.jupiter.engine.descriptor.TestMethodTestDescriptor.lambda$invokeAllAfterMethodsOrCallbacks$13(TestMethodTestDescriptor.java:273)
	at org.junit.platform.engine.support.hierarchical.ThrowableCollector.execute(ThrowableCollector.java:73)
	at org.junit.jupiter.engine.descriptor.TestMethodTestDescriptor.lambda$invokeAllAfterMethodsOrCallbacks$14(TestMethodTestDescriptor.java:273)
	at java.base/java.util.ArrayList.forEach(ArrayList.java:1511)
	at org.junit.jupiter.engine.descriptor.TestMethodTestDescriptor.invokeAllAfterMethodsOrCallbacks(TestMethodTestDescriptor.java:272)
	at org.junit.jupiter.engine.descriptor.TestMethodTestDescriptor.invokeAfterEachCallbacks(TestMethodTestDescriptor.java:256)
	at org.junit.jupiter.engine.descriptor.TestMethodTestDescriptor.execute(TestMethodTestDescriptor.java:141)
	at org.junit.jupiter.engine.descriptor.TestMethodTestDescriptor.execute(TestMethodTestDescriptor.java:66)
	at org.junit.platform.engine.support.hierarchical.NodeTestTask.lambda$executeRecursively$6(NodeTestTask.java:151)
	at org.junit.platform.engine.support.hierarchical.ThrowableCollector.execute(ThrowableCollector.java:73)
	at org.junit.platform.engine.support.hierarchical.NodeTestTask.lambda$executeRecursively$8(NodeTestTask.java:141)
	at org.junit.platform.engine.support.hierarchical.Node.around(Node.java:137)
	at org.junit.platform.engine.support.hierarchical.NodeTestTask.lambda$executeRecursively$9(NodeTestTask.java:139)
	at org.junit.platform.engine.support.hierarchical.ThrowableCollector.execute(ThrowableCollector.java:73)
	at org.junit.platform.engine.support.hierarchical.NodeTestTask.executeRecursively(NodeTestTask.java:138)
	at org.junit.platform.engine.support.hierarchical.NodeTestTask.execute(NodeTestTask.java:95)
	at java.base/java.util.ArrayList.forEach(ArrayList.java:1511)
	at org.junit.platform.engine.support.hierarchical.SameThreadHierarchicalTestExecutorService.invokeAll(SameThreadHierarchicalTestExecutorService.java:41)
	at org.junit.platform.engine.support.hierarchical.NodeTestTask.lambda$executeRecursively$6(NodeTestTask.java:155)
	at org.junit.platform.engine.support.hierarchical.ThrowableCollector.execute(ThrowableCollector.java:73)
	at org.junit.platform.engine.support.hierarchical.NodeTestTask.lambda$executeRecursively$8(NodeTestTask.java:141)
	at org.junit.platform.engine.support.hierarchical.Node.around(Node.java:137)
	at org.junit.platform.engine.support.hierarchical.NodeTestTask.lambda$executeRecursively$9(NodeTestTask.java:139)
	at org.junit.platform.engine.support.hierarchical.ThrowableCollector.execute(ThrowableCollector.java:73)
	at org.junit.platform.engine.support.hierarchical.NodeTestTask.executeRecursively(NodeTestTask.java:138)
	at org.junit.platform.engine.support.hierarchical.NodeTestTask.execute(NodeTestTask.java:95)
	at java.base/java.util.ArrayList.forEach(ArrayList.java:1511)
	at org.junit.platform.engine.support.hierarchical.SameThreadHierarchicalTestExecutorService.invokeAll(SameThreadHierarchicalTestExecutorService.java:41)
	at org.junit.platform.engine.support.hierarchical.NodeTestTask.lambda$executeRecursively$6(NodeTestTask.java:155)
	at org.junit.platform.engine.support.hierarchical.ThrowableCollector.execute(ThrowableCollector.java:73)
	at org.junit.platform.engine.support.hierarchical.NodeTestTask.lambda$executeRecursively$8(NodeTestTask.java:141)
	at org.junit.platform.engine.support.hierarchical.Node.around(Node.java:137)
	at org.junit.platform.engine.support.hierarchical.NodeTestTask.lambda$executeRecursively$9(NodeTestTask.java:139)
	at org.junit.platform.engine.support.hierarchical.ThrowableCollector.execute(ThrowableCollector.java:73)
	at org.junit.platform.engine.support.hierarchical.NodeTestTask.executeRecursively(NodeTestTask.java:138)
	at org.junit.platform.engine.support.hierarchical.NodeTestTask.execute(NodeTestTask.java:95)
	at org.junit.platform.engine.support.hierarchical.SameThreadHierarchicalTestExecutorService.submit(SameThreadHierarchicalTestExecutorService.java:35)
	at org.junit.platform.engine.support.hierarchical.HierarchicalTestExecutor.execute(HierarchicalTestExecutor.java:57)
	at org.junit.platform.engine.support.hierarchical.HierarchicalTestEngine.execute(HierarchicalTestEngine.java:54)
	at org.junit.platform.launcher.core.EngineExecutionOrchestrator.execute(EngineExecutionOrchestrator.java:107)
	at org.junit.platform.launcher.core.EngineExecutionOrchestrator.execute(EngineExecutionOrchestrator.java:88)
	at org.junit.platform.launcher.core.EngineExecutionOrchestrator.lambda$execute$0(EngineExecutionOrchestrator.java:54)
	at org.junit.platform.launcher.core.EngineExecutionOrchestrator.withInterceptedStreams(EngineExecutionOrchestrator.java:67)
	at org.junit.platform.launcher.core.EngineExecutionOrchestrator.execute(EngineExecutionOrchestrator.java:52)
	at org.junit.platform.launcher.core.DefaultLauncher.execute(DefaultLauncher.java:114)
	at org.junit.platform.launcher.core.DefaultLauncher.execute(DefaultLauncher.java:95)
	at org.junit.platform.launcher.core.DefaultLauncherSession$DelegatingLauncher.execute(DefaultLauncherSession.java:91)
	at org.junit.platform.launcher.core.SessionPerRequestLauncher.execute(SessionPerRequestLauncher.java:60)
	at org.eclipse.jdt.internal.junit5.runner.JUnit5TestReference.run(JUnit5TestReference.java:98)
	at org.eclipse.jdt.internal.junit.runner.TestExecution.run(TestExecution.java:40)
	at org.eclipse.jdt.internal.junit.runner.RemoteTestRunner.runTests(RemoteTestRunner.java:529)
	at org.eclipse.jdt.internal.junit.runner.RemoteTestRunner.runTests(RemoteTestRunner.java:756)
	at org.eclipse.jdt.internal.junit.runner.RemoteTestRunner.run(RemoteTestRunner.java:452)
	at org.eclipse.jdt.internal.junit.runner.RemoteTestRunner.main(RemoteTestRunner.java:210)

2022-03-28 02:25:41.171  WARN 17924 --- [main] o.s.test.context.TestContextManager      : Caught exception while invoking 'afterTestMethod' callback on TestExecutionListener [org.springframework.boot.test.mock.mockito.ResetMocksTestExecutionListener@7e276594] for test method [public void com.example.demo.WordControllerMockTest.testNotNull()] and test instance [com.example.demo.WordControllerMockTest@61b838f2]

org.mockito.exceptions.misusing.InvalidUseOfMatchersException: 
Misplaced or misused argument matcher detected here:

-> at com.example.demo.WordControllerMockTest.setUp(WordControllerMockTest.java:52)

You cannot use argument matchers outside of verification or stubbing.
Examples of correct usage of argument matchers:
    when(mock.get(anyInt())).thenReturn(null);
    doThrow(new RuntimeException()).when(mock).someVoidMethod(anyObject());
    verify(mock).someMethod(contains("foo"))

This message may appear after an NullPointerException if the last matcher is returning an object 
like any() but the stubbed method signature expect a primitive argument, in this case,
use primitive alternatives.
    when(mock.get(any())); // bad use, will raise NPE
    when(mock.get(anyInt())); // correct usage use

Also, this error might show up because you use argument matchers with methods that cannot be mocked.
Following methods *cannot* be stubbed/verified: final/private/equals()/hashCode().
Mocking methods declared on non-public parent classes is not supported.

	at org.springframework.boot.test.mock.mockito.ResetMocksTestExecutionListener.resetMocks(ResetMocksTestExecutionListener.java:82)
	at org.springframework.boot.test.mock.mockito.ResetMocksTestExecutionListener.resetMocks(ResetMocksTestExecutionListener.java:69)
	at org.springframework.boot.test.mock.mockito.ResetMocksTestExecutionListener.afterTestMethod(ResetMocksTestExecutionListener.java:63)
	at org.springframework.test.context.TestContextManager.afterTestMethod(TestContextManager.java:441)
	at org.springframework.test.context.junit.jupiter.SpringExtension.afterEach(SpringExtension.java:140)
	at org.junit.jupiter.engine.descriptor.TestMethodTestDescriptor.lambda$invokeAfterEachCallbacks$12(TestMethodTestDescriptor.java:257)
	at org.junit.jupiter.engine.descriptor.TestMethodTestDescriptor.lambda$invokeAllAfterMethodsOrCallbacks$13(TestMethodTestDescriptor.java:273)
	at org.junit.platform.engine.support.hierarchical.ThrowableCollector.execute(ThrowableCollector.java:73)
	at org.junit.jupiter.engine.descriptor.TestMethodTestDescriptor.lambda$invokeAllAfterMethodsOrCallbacks$14(TestMethodTestDescriptor.java:273)
	at java.base/java.util.ArrayList.forEach(ArrayList.java:1511)
	at org.junit.jupiter.engine.descriptor.TestMethodTestDescriptor.invokeAllAfterMethodsOrCallbacks(TestMethodTestDescriptor.java:272)
	at org.junit.jupiter.engine.descriptor.TestMethodTestDescriptor.invokeAfterEachCallbacks(TestMethodTestDescriptor.java:256)
	at org.junit.jupiter.engine.descriptor.TestMethodTestDescriptor.execute(TestMethodTestDescriptor.java:141)
	at org.junit.jupiter.engine.descriptor.TestMethodTestDescriptor.execute(TestMethodTestDescriptor.java:66)
	at org.junit.platform.engine.support.hierarchical.NodeTestTask.lambda$executeRecursively$6(NodeTestTask.java:151)
	at org.junit.platform.engine.support.hierarchical.ThrowableCollector.execute(ThrowableCollector.java:73)
	at org.junit.platform.engine.support.hierarchical.NodeTestTask.lambda$executeRecursively$8(NodeTestTask.java:141)
	at org.junit.platform.engine.support.hierarchical.Node.around(Node.java:137)
	at org.junit.platform.engine.support.hierarchical.NodeTestTask.lambda$executeRecursively$9(NodeTestTask.java:139)
	at org.junit.platform.engine.support.hierarchical.ThrowableCollector.execute(ThrowableCollector.java:73)
	at org.junit.platform.engine.support.hierarchical.NodeTestTask.executeRecursively(NodeTestTask.java:138)
	at org.junit.platform.engine.support.hierarchical.NodeTestTask.execute(NodeTestTask.java:95)
	at java.base/java.util.ArrayList.forEach(ArrayList.java:1511)
	at org.junit.platform.engine.support.hierarchical.SameThreadHierarchicalTestExecutorService.invokeAll(SameThreadHierarchicalTestExecutorService.java:41)
	at org.junit.platform.engine.support.hierarchical.NodeTestTask.lambda$executeRecursively$6(NodeTestTask.java:155)
	at org.junit.platform.engine.support.hierarchical.ThrowableCollector.execute(ThrowableCollector.java:73)
	at org.junit.platform.engine.support.hierarchical.NodeTestTask.lambda$executeRecursively$8(NodeTestTask.java:141)
	at org.junit.platform.engine.support.hierarchical.Node.around(Node.java:137)
	at org.junit.platform.engine.support.hierarchical.NodeTestTask.lambda$executeRecursively$9(NodeTestTask.java:139)
	at org.junit.platform.engine.support.hierarchical.ThrowableCollector.execute(ThrowableCollector.java:73)
	at org.junit.platform.engine.support.hierarchical.NodeTestTask.executeRecursively(NodeTestTask.java:138)
	at org.junit.platform.engine.support.hierarchical.NodeTestTask.execute(NodeTestTask.java:95)
	at java.base/java.util.ArrayList.forEach(ArrayList.java:1511)
	at org.junit.platform.engine.support.hierarchical.SameThreadHierarchicalTestExecutorService.invokeAll(SameThreadHierarchicalTestExecutorService.java:41)
	at org.junit.platform.engine.support.hierarchical.NodeTestTask.lambda$executeRecursively$6(NodeTestTask.java:155)
	at org.junit.platform.engine.support.hierarchical.ThrowableCollector.execute(ThrowableCollector.java:73)
	at org.junit.platform.engine.support.hierarchical.NodeTestTask.lambda$executeRecursively$8(NodeTestTask.java:141)
	at org.junit.platform.engine.support.hierarchical.Node.around(Node.java:137)
	at org.junit.platform.engine.support.hierarchical.NodeTestTask.lambda$executeRecursively$9(NodeTestTask.java:139)
	at org.junit.platform.engine.support.hierarchical.ThrowableCollector.execute(ThrowableCollector.java:73)
	at org.junit.platform.engine.support.hierarchical.NodeTestTask.executeRecursively(NodeTestTask.java:138)
	at org.junit.platform.engine.support.hierarchical.NodeTestTask.execute(NodeTestTask.java:95)
	at org.junit.platform.engine.support.hierarchical.SameThreadHierarchicalTestExecutorService.submit(SameThreadHierarchicalTestExecutorService.java:35)
	at org.junit.platform.engine.support.hierarchical.HierarchicalTestExecutor.execute(HierarchicalTestExecutor.java:57)
	at org.junit.platform.engine.support.hierarchical.HierarchicalTestEngine.execute(HierarchicalTestEngine.java:54)
	at org.junit.platform.launcher.core.EngineExecutionOrchestrator.execute(EngineExecutionOrchestrator.java:107)
	at org.junit.platform.launcher.core.EngineExecutionOrchestrator.execute(EngineExecutionOrchestrator.java:88)
	at org.junit.platform.launcher.core.EngineExecutionOrchestrator.lambda$execute$0(EngineExecutionOrchestrator.java:54)
	at org.junit.platform.launcher.core.EngineExecutionOrchestrator.withInterceptedStreams(EngineExecutionOrchestrator.java:67)
	at org.junit.platform.launcher.core.EngineExecutionOrchestrator.execute(EngineExecutionOrchestrator.java:52)
	at org.junit.platform.launcher.core.DefaultLauncher.execute(DefaultLauncher.java:114)
	at org.junit.platform.launcher.core.DefaultLauncher.execute(DefaultLauncher.java:95)
	at org.junit.platform.launcher.core.DefaultLauncherSession$DelegatingLauncher.execute(DefaultLauncherSession.java:91)
	at org.junit.platform.launcher.core.SessionPerRequestLauncher.execute(SessionPerRequestLauncher.java:60)
	at org.eclipse.jdt.internal.junit5.runner.JUnit5TestReference.run(JUnit5TestReference.java:98)
	at org.eclipse.jdt.internal.junit.runner.TestExecution.run(TestExecution.java:40)
	at org.eclipse.jdt.internal.junit.runner.RemoteTestRunner.runTests(RemoteTestRunner.java:529)
	at org.eclipse.jdt.internal.junit.runner.RemoteTestRunner.runTests(RemoteTestRunner.java:756)
	at org.eclipse.jdt.internal.junit.runner.RemoteTestRunner.run(RemoteTestRunner.java:452)
	at org.eclipse.jdt.internal.junit.runner.RemoteTestRunner.main(RemoteTestRunner.java:210)

2022-03-28 02:25:41.191  INFO 17924 --- [SpringContextShutdownHook] o.s.s.concurrent.ThreadPoolTaskExecutor  : Shutting down ExecutorService 'applicationTaskExecutor'
2022-03-28 08:39:09.955  INFO 17972 --- [main] com.example.demo.WordControllerMockTest  : Starting WordControllerMockTest on DESKTOP-KJUL5ST with PID 17972 (started by qiao in D:\DevelopTools\eclipse-workspace\SpringBoot-WordProcessor)
2022-03-28 08:39:09.957  INFO 17972 --- [main] com.example.demo.WordControllerMockTest  : No active profile set, falling back to default profiles: default
2022-03-28 08:39:11.624  INFO 17972 --- [main] o.s.s.concurrent.ThreadPoolTaskExecutor  : Initializing ExecutorService 'applicationTaskExecutor'
2022-03-28 08:39:12.036  INFO 17972 --- [main] o.s.b.t.m.w.SpringBootMockServletContext : Initializing Spring TestDispatcherServlet ''
2022-03-28 08:39:12.036  INFO 17972 --- [main] o.s.t.web.servlet.TestDispatcherServlet  : Initializing Servlet ''
2022-03-28 08:39:12.048  INFO 17972 --- [main] o.s.t.web.servlet.TestDispatcherServlet  : Completed initialization in 12 ms
2022-03-28 08:39:12.072  INFO 17972 --- [main] com.example.demo.WordControllerMockTest  : Started WordControllerMockTest in 2.559 seconds (JVM running for 3.942)
2022-03-28 08:39:12.276  INFO 17972 --- [SpringContextShutdownHook] o.s.s.concurrent.ThreadPoolTaskExecutor  : Shutting down ExecutorService 'applicationTaskExecutor'
2022-03-28 08:46:50.645  INFO 22468 --- [main] com.example.demo.WordControllerMockTest  : Starting WordControllerMockTest on DESKTOP-KJUL5ST with PID 22468 (started by qiao in D:\DevelopTools\eclipse-workspace\SpringBoot-WordProcessor)
2022-03-28 08:46:50.646  INFO 22468 --- [main] com.example.demo.WordControllerMockTest  : No active profile set, falling back to default profiles: default
2022-03-28 08:46:52.110  INFO 22468 --- [main] o.s.s.concurrent.ThreadPoolTaskExecutor  : Initializing ExecutorService 'applicationTaskExecutor'
2022-03-28 08:46:52.473  INFO 22468 --- [main] o.s.b.t.m.w.SpringBootMockServletContext : Initializing Spring TestDispatcherServlet ''
2022-03-28 08:46:52.474  INFO 22468 --- [main] o.s.t.web.servlet.TestDispatcherServlet  : Initializing Servlet ''
2022-03-28 08:46:52.487  INFO 22468 --- [main] o.s.t.web.servlet.TestDispatcherServlet  : Completed initialization in 13 ms
2022-03-28 08:46:52.507  INFO 22468 --- [main] com.example.demo.WordControllerMockTest  : Started WordControllerMockTest in 2.24 seconds (JVM running for 3.478)
2022-03-28 08:46:52.665  WARN 22468 --- [main] .w.s.m.s.DefaultHandlerExceptionResolver : Resolved [org.springframework.web.bind.MissingServletRequestParameterException: Required String parameter 'startStr' is not present]
2022-03-28 08:46:52.693  INFO 22468 --- [SpringContextShutdownHook] o.s.s.concurrent.ThreadPoolTaskExecutor  : Shutting down ExecutorService 'applicationTaskExecutor'
2022-03-28 08:48:08.305  INFO 22012 --- [main] com.example.demo.WordControllerMockTest  : Starting WordControllerMockTest on DESKTOP-KJUL5ST with PID 22012 (started by qiao in D:\DevelopTools\eclipse-workspace\SpringBoot-WordProcessor)
2022-03-28 08:48:08.307  INFO 22012 --- [main] com.example.demo.WordControllerMockTest  : No active profile set, falling back to default profiles: default
2022-03-28 08:48:09.706  INFO 22012 --- [main] o.s.s.concurrent.ThreadPoolTaskExecutor  : Initializing ExecutorService 'applicationTaskExecutor'
2022-03-28 08:48:10.080  INFO 22012 --- [main] o.s.b.t.m.w.SpringBootMockServletContext : Initializing Spring TestDispatcherServlet ''
2022-03-28 08:48:10.080  INFO 22012 --- [main] o.s.t.web.servlet.TestDispatcherServlet  : Initializing Servlet ''
2022-03-28 08:48:10.092  INFO 22012 --- [main] o.s.t.web.servlet.TestDispatcherServlet  : Completed initialization in 12 ms
2022-03-28 08:48:10.114  INFO 22012 --- [main] com.example.demo.WordControllerMockTest  : Started WordControllerMockTest in 2.193 seconds (JVM running for 3.342)
2022-03-28 08:48:10.265  WARN 22012 --- [main] .w.s.m.s.DefaultHandlerExceptionResolver : Resolved [org.springframework.web.bind.MissingServletRequestParameterException: Required Integer parameter 'minLength' is not present]
2022-03-28 08:48:10.286  INFO 22012 --- [SpringContextShutdownHook] o.s.s.concurrent.ThreadPoolTaskExecutor  : Shutting down ExecutorService 'applicationTaskExecutor'
2022-03-28 08:55:06.898  INFO 21316 --- [main] com.example.demo.WordControllerMockTest  : Starting WordControllerMockTest on DESKTOP-KJUL5ST with PID 21316 (started by qiao in D:\DevelopTools\eclipse-workspace\SpringBoot-WordProcessor)
2022-03-28 08:55:06.899  INFO 21316 --- [main] com.example.demo.WordControllerMockTest  : No active profile set, falling back to default profiles: default
2022-03-28 08:55:08.356  INFO 21316 --- [main] o.s.s.concurrent.ThreadPoolTaskExecutor  : Initializing ExecutorService 'applicationTaskExecutor'
2022-03-28 08:55:08.771  INFO 21316 --- [main] o.s.b.t.m.w.SpringBootMockServletContext : Initializing Spring TestDispatcherServlet ''
2022-03-28 08:55:08.771  INFO 21316 --- [main] o.s.t.web.servlet.TestDispatcherServlet  : Initializing Servlet ''
2022-03-28 08:55:08.786  INFO 21316 --- [main] o.s.t.web.servlet.TestDispatcherServlet  : Completed initialization in 15 ms
2022-03-28 08:55:08.809  INFO 21316 --- [main] com.example.demo.WordControllerMockTest  : Started WordControllerMockTest in 2.258 seconds (JVM running for 3.399)
2022-03-28 08:55:09.123  INFO 21316 --- [SpringContextShutdownHook] o.s.s.concurrent.ThreadPoolTaskExecutor  : Shutting down ExecutorService 'applicationTaskExecutor'
2022-03-28 09:04:55.354  INFO 6056 --- [main] com.example.demo.WordControllerMockTest  : Starting WordControllerMockTest on DESKTOP-KJUL5ST with PID 6056 (started by qiao in D:\DevelopTools\eclipse-workspace\SpringBoot-WordProcessor)
2022-03-28 09:04:55.356  INFO 6056 --- [main] com.example.demo.WordControllerMockTest  : No active profile set, falling back to default profiles: default
2022-03-28 09:04:56.868  INFO 6056 --- [main] o.s.s.concurrent.ThreadPoolTaskExecutor  : Initializing ExecutorService 'applicationTaskExecutor'
2022-03-28 09:04:57.247  INFO 6056 --- [main] o.s.b.t.m.w.SpringBootMockServletContext : Initializing Spring TestDispatcherServlet ''
2022-03-28 09:04:57.247  INFO 6056 --- [main] o.s.t.web.servlet.TestDispatcherServlet  : Initializing Servlet ''
2022-03-28 09:04:57.263  INFO 6056 --- [main] o.s.t.web.servlet.TestDispatcherServlet  : Completed initialization in 15 ms
2022-03-28 09:04:57.285  INFO 6056 --- [main] com.example.demo.WordControllerMockTest  : Started WordControllerMockTest in 2.345 seconds (JVM running for 3.599)
2022-03-28 09:04:57.528  INFO 6056 --- [SpringContextShutdownHook] o.s.s.concurrent.ThreadPoolTaskExecutor  : Shutting down ExecutorService 'applicationTaskExecutor'
2022-03-28 09:11:11.883  INFO 22360 --- [main] c.e.demo.EchoControllerNoMockitoTest     : Starting EchoControllerNoMockitoTest on DESKTOP-KJUL5ST with PID 22360 (started by qiao in D:\DevelopTools\eclipse-workspace\SpringBoot-WordProcessor)
2022-03-28 09:11:11.885  INFO 22360 --- [main] c.e.demo.EchoControllerNoMockitoTest     : No active profile set, falling back to default profiles: default
2022-03-28 09:11:12.131  WARN 22360 --- [main] o.s.w.c.s.GenericWebApplicationContext   : Exception encountered during context initialization - cancelling refresh attempt: org.springframework.beans.factory.BeanCreationException: Error creating bean with name 'springApplication': Instantiation of bean failed; nested exception is org.springframework.beans.BeanInstantiationException: Failed to instantiate [org.springframework.boot.SpringApplication]: No default constructor found; nested exception is java.lang.NoSuchMethodException: org.springframework.boot.SpringApplication.<init>()
2022-03-28 09:11:12.135  INFO 22360 --- [main] ConditionEvaluationReportLoggingListener : 

Error starting ApplicationContext. To display the conditions report re-run your application with 'debug' enabled.
2022-03-28 09:11:12.139 ERROR 22360 --- [main] o.s.boot.SpringApplication               : Application run failed

org.springframework.beans.factory.BeanCreationException: Error creating bean with name 'springApplication': Instantiation of bean failed; nested exception is org.springframework.beans.BeanInstantiationException: Failed to instantiate [org.springframework.boot.SpringApplication]: No default constructor found; nested exception is java.lang.NoSuchMethodException: org.springframework.boot.SpringApplication.<init>()
	at org.springframework.beans.factory.support.AbstractAutowireCapableBeanFactory.instantiateBean(AbstractAutowireCapableBeanFactory.java:1320)
	at org.springframework.beans.factory.support.AbstractAutowireCapableBeanFactory.createBeanInstance(AbstractAutowireCapableBeanFactory.java:1214)
	at org.springframework.beans.factory.support.AbstractAutowireCapableBeanFactory.doCreateBean(AbstractAutowireCapableBeanFactory.java:557)
	at org.springframework.beans.factory.support.AbstractAutowireCapableBeanFactory.createBean(AbstractAutowireCapableBeanFactory.java:517)
	at org.springframework.beans.factory.support.AbstractBeanFactory.lambda$doGetBean$0(AbstractBeanFactory.java:323)
	at org.springframework.beans.factory.support.DefaultSingletonBeanRegistry.getSingleton(DefaultSingletonBeanRegistry.java:226)
	at org.springframework.beans.factory.support.AbstractBeanFactory.doGetBean(AbstractBeanFactory.java:321)
	at org.springframework.beans.factory.support.AbstractBeanFactory.getBean(AbstractBeanFactory.java:202)
	at org.springframework.beans.factory.support.DefaultListableBeanFactory.preInstantiateSingletons(DefaultListableBeanFactory.java:895)
	at org.springframework.context.support.AbstractApplicationContext.finishBeanFactoryInitialization(AbstractApplicationContext.java:878)
	at org.springframework.context.support.AbstractApplicationContext.refresh(AbstractApplicationContext.java:550)
	at org.springframework.boot.SpringApplication.refresh(SpringApplication.java:758)
	at org.springframework.boot.SpringApplication.refresh(SpringApplication.java:750)
	at org.springframework.boot.SpringApplication.refreshContext(SpringApplication.java:397)
	at org.springframework.boot.SpringApplication.run(SpringApplication.java:315)
	at org.springframework.boot.test.context.SpringBootContextLoader.loadContext(SpringBootContextLoader.java:120)
	at org.springframework.test.context.cache.DefaultCacheAwareContextLoaderDelegate.loadContextInternal(DefaultCacheAwareContextLoaderDelegate.java:99)
	at org.springframework.test.context.cache.DefaultCacheAwareContextLoaderDelegate.loadContext(DefaultCacheAwareContextLoaderDelegate.java:124)
	at org.springframework.test.context.support.DefaultTestContext.getApplicationContext(DefaultTestContext.java:123)
	at org.springframework.test.context.web.ServletTestExecutionListener.setUpRequestContextIfNecessary(ServletTestExecutionListener.java:190)
	at org.springframework.test.context.web.ServletTestExecutionListener.prepareTestInstance(ServletTestExecutionListener.java:132)
	at org.springframework.test.context.TestContextManager.prepareTestInstance(TestContextManager.java:244)
	at org.springframework.test.context.junit.jupiter.SpringExtension.postProcessTestInstance(SpringExtension.java:98)
	at org.junit.jupiter.engine.descriptor.ClassBasedTestDescriptor.lambda$invokeTestInstancePostProcessors$8(ClassBasedTestDescriptor.java:363)
	at org.junit.jupiter.engine.descriptor.ClassBasedTestDescriptor.executeAndMaskThrowable(ClassBasedTestDescriptor.java:368)
	at org.junit.jupiter.engine.descriptor.ClassBasedTestDescriptor.lambda$invokeTestInstancePostProcessors$9(ClassBasedTestDescriptor.java:363)
	at java.base/java.util.stream.ReferencePipeline$3$1.accept(ReferencePipeline.java:197)
	at java.base/java.util.stream.ReferencePipeline$2$1.accept(ReferencePipeline.java:179)
	at java.base/java.util.ArrayList$ArrayListSpliterator.forEachRemaining(ArrayList.java:1625)
	at java.base/java.util.stream.AbstractPipeline.copyInto(AbstractPipeline.java:509)
	at java.base/java.util.stream.AbstractPipeline.wrapAndCopyInto(AbstractPipeline.java:499)
	at java.base/java.util.stream.StreamSpliterators$WrappingSpliterator.forEachRemaining(StreamSpliterators.java:310)
	at java.base/java.util.stream.Streams$ConcatSpliterator.forEachRemaining(Streams.java:735)
	at java.base/java.util.stream.Streams$ConcatSpliterator.forEachRemaining(Streams.java:734)
	at java.base/java.util.stream.ReferencePipeline$Head.forEach(ReferencePipeline.java:762)
	at org.junit.jupiter.engine.descriptor.ClassBasedTestDescriptor.invokeTestInstancePostProcessors(ClassBasedTestDescriptor.java:362)
	at org.junit.jupiter.engine.descriptor.ClassBasedTestDescriptor.lambda$instantiateAndPostProcessTestInstance$6(ClassBasedTestDescriptor.java:283)
	at org.junit.platform.engine.support.hierarchical.ThrowableCollector.execute(ThrowableCollector.java:73)
	at org.junit.jupiter.engine.descriptor.ClassBasedTestDescriptor.instantiateAndPostProcessTestInstance(ClassBasedTestDescriptor.java:282)
	at org.junit.jupiter.engine.descriptor.ClassBasedTestDescriptor.lambda$testInstancesProvider$4(ClassBasedTestDescriptor.java:272)
	at java.base/java.util.Optional.orElseGet(Optional.java:364)
	at org.junit.jupiter.engine.descriptor.ClassBasedTestDescriptor.lambda$testInstancesProvider$5(ClassBasedTestDescriptor.java:271)
	at org.junit.jupiter.engine.execution.TestInstancesProvider.getTestInstances(TestInstancesProvider.java:31)
	at org.junit.jupiter.engine.descriptor.TestMethodTestDescriptor.lambda$prepare$0(TestMethodTestDescriptor.java:102)
	at org.junit.platform.engine.support.hierarchical.ThrowableCollector.execute(ThrowableCollector.java:73)
	at org.junit.jupiter.engine.descriptor.TestMethodTestDescriptor.prepare(TestMethodTestDescriptor.java:101)
	at org.junit.jupiter.engine.descriptor.TestMethodTestDescriptor.prepare(TestMethodTestDescriptor.java:66)
	at org.junit.platform.engine.support.hierarchical.NodeTestTask.lambda$prepare$2(NodeTestTask.java:123)
	at org.junit.platform.engine.support.hierarchical.ThrowableCollector.execute(ThrowableCollector.java:73)
	at org.junit.platform.engine.support.hierarchical.NodeTestTask.prepare(NodeTestTask.java:123)
	at org.junit.platform.engine.support.hierarchical.NodeTestTask.execute(NodeTestTask.java:90)
	at java.base/java.util.ArrayList.forEach(ArrayList.java:1511)
	at org.junit.platform.engine.support.hierarchical.SameThreadHierarchicalTestExecutorService.invokeAll(SameThreadHierarchicalTestExecutorService.java:41)
	at org.junit.platform.engine.support.hierarchical.NodeTestTask.lambda$executeRecursively$6(NodeTestTask.java:155)
	at org.junit.platform.engine.support.hierarchical.ThrowableCollector.execute(ThrowableCollector.java:73)
	at org.junit.platform.engine.support.hierarchical.NodeTestTask.lambda$executeRecursively$8(NodeTestTask.java:141)
	at org.junit.platform.engine.support.hierarchical.Node.around(Node.java:137)
	at org.junit.platform.engine.support.hierarchical.NodeTestTask.lambda$executeRecursively$9(NodeTestTask.java:139)
	at org.junit.platform.engine.support.hierarchical.ThrowableCollector.execute(ThrowableCollector.java:73)
	at org.junit.platform.engine.support.hierarchical.NodeTestTask.executeRecursively(NodeTestTask.java:138)
	at org.junit.platform.engine.support.hierarchical.NodeTestTask.execute(NodeTestTask.java:95)
	at java.base/java.util.ArrayList.forEach(ArrayList.java:1511)
	at org.junit.platform.engine.support.hierarchical.SameThreadHierarchicalTestExecutorService.invokeAll(SameThreadHierarchicalTestExecutorService.java:41)
	at org.junit.platform.engine.support.hierarchical.NodeTestTask.lambda$executeRecursively$6(NodeTestTask.java:155)
	at org.junit.platform.engine.support.hierarchical.ThrowableCollector.execute(ThrowableCollector.java:73)
	at org.junit.platform.engine.support.hierarchical.NodeTestTask.lambda$executeRecursively$8(NodeTestTask.java:141)
	at org.junit.platform.engine.support.hierarchical.Node.around(Node.java:137)
	at org.junit.platform.engine.support.hierarchical.NodeTestTask.lambda$executeRecursively$9(NodeTestTask.java:139)
	at org.junit.platform.engine.support.hierarchical.ThrowableCollector.execute(ThrowableCollector.java:73)
	at org.junit.platform.engine.support.hierarchical.NodeTestTask.executeRecursively(NodeTestTask.java:138)
	at org.junit.platform.engine.support.hierarchical.NodeTestTask.execute(NodeTestTask.java:95)
	at org.junit.platform.engine.support.hierarchical.SameThreadHierarchicalTestExecutorService.submit(SameThreadHierarchicalTestExecutorService.java:35)
	at org.junit.platform.engine.support.hierarchical.HierarchicalTestExecutor.execute(HierarchicalTestExecutor.java:57)
	at org.junit.platform.engine.support.hierarchical.HierarchicalTestEngine.execute(HierarchicalTestEngine.java:54)
	at org.junit.platform.launcher.core.EngineExecutionOrchestrator.execute(EngineExecutionOrchestrator.java:107)
	at org.junit.platform.launcher.core.EngineExecutionOrchestrator.execute(EngineExecutionOrchestrator.java:88)
	at org.junit.platform.launcher.core.EngineExecutionOrchestrator.lambda$execute$0(EngineExecutionOrchestrator.java:54)
	at org.junit.platform.launcher.core.EngineExecutionOrchestrator.withInterceptedStreams(EngineExecutionOrchestrator.java:67)
	at org.junit.platform.launcher.core.EngineExecutionOrchestrator.execute(EngineExecutionOrchestrator.java:52)
	at org.junit.platform.launcher.core.DefaultLauncher.execute(DefaultLauncher.java:114)
	at org.junit.platform.launcher.core.DefaultLauncher.execute(DefaultLauncher.java:95)
	at org.junit.platform.launcher.core.DefaultLauncherSession$DelegatingLauncher.execute(DefaultLauncherSession.java:91)
	at org.junit.platform.launcher.core.SessionPerRequestLauncher.execute(SessionPerRequestLauncher.java:60)
	at org.eclipse.jdt.internal.junit5.runner.JUnit5TestReference.run(JUnit5TestReference.java:98)
	at org.eclipse.jdt.internal.junit.runner.TestExecution.run(TestExecution.java:40)
	at org.eclipse.jdt.internal.junit.runner.RemoteTestRunner.runTests(RemoteTestRunner.java:529)
	at org.eclipse.jdt.internal.junit.runner.RemoteTestRunner.runTests(RemoteTestRunner.java:756)
	at org.eclipse.jdt.internal.junit.runner.RemoteTestRunner.run(RemoteTestRunner.java:452)
	at org.eclipse.jdt.internal.junit.runner.RemoteTestRunner.main(RemoteTestRunner.java:210)
Caused by: org.springframework.beans.BeanInstantiationException: Failed to instantiate [org.springframework.boot.SpringApplication]: No default constructor found; nested exception is java.lang.NoSuchMethodException: org.springframework.boot.SpringApplication.<init>()
	at org.springframework.beans.factory.support.SimpleInstantiationStrategy.instantiate(SimpleInstantiationStrategy.java:83)
	at org.springframework.beans.factory.support.AbstractAutowireCapableBeanFactory.instantiateBean(AbstractAutowireCapableBeanFactory.java:1312)
	... 88 common frames omitted
Caused by: java.lang.NoSuchMethodException: org.springframework.boot.SpringApplication.<init>()
	at java.base/java.lang.Class.getConstructor0(Class.java:3585)
	at java.base/java.lang.Class.getDeclaredConstructor(Class.java:2754)
	at org.springframework.beans.factory.support.SimpleInstantiationStrategy.instantiate(SimpleInstantiationStrategy.java:78)
	... 89 common frames omitted

2022-03-28 09:11:12.139 ERROR 22360 --- [main] o.s.test.context.TestContextManager      : Caught exception while allowing TestExecutionListener [org.springframework.test.context.web.ServletTestExecutionListener@62e6b5c8] to prepare test instance [com.example.demo.EchoControllerNoMockitoTest@2d23faef]

java.lang.IllegalStateException: Failed to load ApplicationContext
	at org.springframework.test.context.cache.DefaultCacheAwareContextLoaderDelegate.loadContext(DefaultCacheAwareContextLoaderDelegate.java:132)
	at org.springframework.test.context.support.DefaultTestContext.getApplicationContext(DefaultTestContext.java:123)
	at org.springframework.test.context.web.ServletTestExecutionListener.setUpRequestContextIfNecessary(ServletTestExecutionListener.java:190)
	at org.springframework.test.context.web.ServletTestExecutionListener.prepareTestInstance(ServletTestExecutionListener.java:132)
	at org.springframework.test.context.TestContextManager.prepareTestInstance(TestContextManager.java:244)
	at org.springframework.test.context.junit.jupiter.SpringExtension.postProcessTestInstance(SpringExtension.java:98)
	at org.junit.jupiter.engine.descriptor.ClassBasedTestDescriptor.lambda$invokeTestInstancePostProcessors$8(ClassBasedTestDescriptor.java:363)
	at org.junit.jupiter.engine.descriptor.ClassBasedTestDescriptor.executeAndMaskThrowable(ClassBasedTestDescriptor.java:368)
	at org.junit.jupiter.engine.descriptor.ClassBasedTestDescriptor.lambda$invokeTestInstancePostProcessors$9(ClassBasedTestDescriptor.java:363)
	at java.base/java.util.stream.ReferencePipeline$3$1.accept(ReferencePipeline.java:197)
	at java.base/java.util.stream.ReferencePipeline$2$1.accept(ReferencePipeline.java:179)
	at java.base/java.util.ArrayList$ArrayListSpliterator.forEachRemaining(ArrayList.java:1625)
	at java.base/java.util.stream.AbstractPipeline.copyInto(AbstractPipeline.java:509)
	at java.base/java.util.stream.AbstractPipeline.wrapAndCopyInto(AbstractPipeline.java:499)
	at java.base/java.util.stream.StreamSpliterators$WrappingSpliterator.forEachRemaining(StreamSpliterators.java:310)
	at java.base/java.util.stream.Streams$ConcatSpliterator.forEachRemaining(Streams.java:735)
	at java.base/java.util.stream.Streams$ConcatSpliterator.forEachRemaining(Streams.java:734)
	at java.base/java.util.stream.ReferencePipeline$Head.forEach(ReferencePipeline.java:762)
	at org.junit.jupiter.engine.descriptor.ClassBasedTestDescriptor.invokeTestInstancePostProcessors(ClassBasedTestDescriptor.java:362)
	at org.junit.jupiter.engine.descriptor.ClassBasedTestDescriptor.lambda$instantiateAndPostProcessTestInstance$6(ClassBasedTestDescriptor.java:283)
	at org.junit.platform.engine.support.hierarchical.ThrowableCollector.execute(ThrowableCollector.java:73)
	at org.junit.jupiter.engine.descriptor.ClassBasedTestDescriptor.instantiateAndPostProcessTestInstance(ClassBasedTestDescriptor.java:282)
	at org.junit.jupiter.engine.descriptor.ClassBasedTestDescriptor.lambda$testInstancesProvider$4(ClassBasedTestDescriptor.java:272)
	at java.base/java.util.Optional.orElseGet(Optional.java:364)
	at org.junit.jupiter.engine.descriptor.ClassBasedTestDescriptor.lambda$testInstancesProvider$5(ClassBasedTestDescriptor.java:271)
	at org.junit.jupiter.engine.execution.TestInstancesProvider.getTestInstances(TestInstancesProvider.java:31)
	at org.junit.jupiter.engine.descriptor.TestMethodTestDescriptor.lambda$prepare$0(TestMethodTestDescriptor.java:102)
	at org.junit.platform.engine.support.hierarchical.ThrowableCollector.execute(ThrowableCollector.java:73)
	at org.junit.jupiter.engine.descriptor.TestMethodTestDescriptor.prepare(TestMethodTestDescriptor.java:101)
	at org.junit.jupiter.engine.descriptor.TestMethodTestDescriptor.prepare(TestMethodTestDescriptor.java:66)
	at org.junit.platform.engine.support.hierarchical.NodeTestTask.lambda$prepare$2(NodeTestTask.java:123)
	at org.junit.platform.engine.support.hierarchical.ThrowableCollector.execute(ThrowableCollector.java:73)
	at org.junit.platform.engine.support.hierarchical.NodeTestTask.prepare(NodeTestTask.java:123)
	at org.junit.platform.engine.support.hierarchical.NodeTestTask.execute(NodeTestTask.java:90)
	at java.base/java.util.ArrayList.forEach(ArrayList.java:1511)
	at org.junit.platform.engine.support.hierarchical.SameThreadHierarchicalTestExecutorService.invokeAll(SameThreadHierarchicalTestExecutorService.java:41)
	at org.junit.platform.engine.support.hierarchical.NodeTestTask.lambda$executeRecursively$6(NodeTestTask.java:155)
	at org.junit.platform.engine.support.hierarchical.ThrowableCollector.execute(ThrowableCollector.java:73)
	at org.junit.platform.engine.support.hierarchical.NodeTestTask.lambda$executeRecursively$8(NodeTestTask.java:141)
	at org.junit.platform.engine.support.hierarchical.Node.around(Node.java:137)
	at org.junit.platform.engine.support.hierarchical.NodeTestTask.lambda$executeRecursively$9(NodeTestTask.java:139)
	at org.junit.platform.engine.support.hierarchical.ThrowableCollector.execute(ThrowableCollector.java:73)
	at org.junit.platform.engine.support.hierarchical.NodeTestTask.executeRecursively(NodeTestTask.java:138)
	at org.junit.platform.engine.support.hierarchical.NodeTestTask.execute(NodeTestTask.java:95)
	at java.base/java.util.ArrayList.forEach(ArrayList.java:1511)
	at org.junit.platform.engine.support.hierarchical.SameThreadHierarchicalTestExecutorService.invokeAll(SameThreadHierarchicalTestExecutorService.java:41)
	at org.junit.platform.engine.support.hierarchical.NodeTestTask.lambda$executeRecursively$6(NodeTestTask.java:155)
	at org.junit.platform.engine.support.hierarchical.ThrowableCollector.execute(ThrowableCollector.java:73)
	at org.junit.platform.engine.support.hierarchical.NodeTestTask.lambda$executeRecursively$8(NodeTestTask.java:141)
	at org.junit.platform.engine.support.hierarchical.Node.around(Node.java:137)
	at org.junit.platform.engine.support.hierarchical.NodeTestTask.lambda$executeRecursively$9(NodeTestTask.java:139)
	at org.junit.platform.engine.support.hierarchical.ThrowableCollector.execute(ThrowableCollector.java:73)
	at org.junit.platform.engine.support.hierarchical.NodeTestTask.executeRecursively(NodeTestTask.java:138)
	at org.junit.platform.engine.support.hierarchical.NodeTestTask.execute(NodeTestTask.java:95)
	at org.junit.platform.engine.support.hierarchical.SameThreadHierarchicalTestExecutorService.submit(SameThreadHierarchicalTestExecutorService.java:35)
	at org.junit.platform.engine.support.hierarchical.HierarchicalTestExecutor.execute(HierarchicalTestExecutor.java:57)
	at org.junit.platform.engine.support.hierarchical.HierarchicalTestEngine.execute(HierarchicalTestEngine.java:54)
	at org.junit.platform.launcher.core.EngineExecutionOrchestrator.execute(EngineExecutionOrchestrator.java:107)
	at org.junit.platform.launcher.core.EngineExecutionOrchestrator.execute(EngineExecutionOrchestrator.java:88)
	at org.junit.platform.launcher.core.EngineExecutionOrchestrator.lambda$execute$0(EngineExecutionOrchestrator.java:54)
	at org.junit.platform.launcher.core.EngineExecutionOrchestrator.withInterceptedStreams(EngineExecutionOrchestrator.java:67)
	at org.junit.platform.launcher.core.EngineExecutionOrchestrator.execute(EngineExecutionOrchestrator.java:52)
	at org.junit.platform.launcher.core.DefaultLauncher.execute(DefaultLauncher.java:114)
	at org.junit.platform.launcher.core.DefaultLauncher.execute(DefaultLauncher.java:95)
	at org.junit.platform.launcher.core.DefaultLauncherSession$DelegatingLauncher.execute(DefaultLauncherSession.java:91)
	at org.junit.platform.launcher.core.SessionPerRequestLauncher.execute(SessionPerRequestLauncher.java:60)
	at org.eclipse.jdt.internal.junit5.runner.JUnit5TestReference.run(JUnit5TestReference.java:98)
	at org.eclipse.jdt.internal.junit.runner.TestExecution.run(TestExecution.java:40)
	at org.eclipse.jdt.internal.junit.runner.RemoteTestRunner.runTests(RemoteTestRunner.java:529)
	at org.eclipse.jdt.internal.junit.runner.RemoteTestRunner.runTests(RemoteTestRunner.java:756)
	at org.eclipse.jdt.internal.junit.runner.RemoteTestRunner.run(RemoteTestRunner.java:452)
	at org.eclipse.jdt.internal.junit.runner.RemoteTestRunner.main(RemoteTestRunner.java:210)
Caused by: org.springframework.beans.factory.BeanCreationException: Error creating bean with name 'springApplication': Instantiation of bean failed; nested exception is org.springframework.beans.BeanInstantiationException: Failed to instantiate [org.springframework.boot.SpringApplication]: No default constructor found; nested exception is java.lang.NoSuchMethodException: org.springframework.boot.SpringApplication.<init>()
	at org.springframework.beans.factory.support.AbstractAutowireCapableBeanFactory.instantiateBean(AbstractAutowireCapableBeanFactory.java:1320)
	at org.springframework.beans.factory.support.AbstractAutowireCapableBeanFactory.createBeanInstance(AbstractAutowireCapableBeanFactory.java:1214)
	at org.springframework.beans.factory.support.AbstractAutowireCapableBeanFactory.doCreateBean(AbstractAutowireCapableBeanFactory.java:557)
	at org.springframework.beans.factory.support.AbstractAutowireCapableBeanFactory.createBean(AbstractAutowireCapableBeanFactory.java:517)
	at org.springframework.beans.factory.support.AbstractBeanFactory.lambda$doGetBean$0(AbstractBeanFactory.java:323)
	at org.springframework.beans.factory.support.DefaultSingletonBeanRegistry.getSingleton(DefaultSingletonBeanRegistry.java:226)
	at org.springframework.beans.factory.support.AbstractBeanFactory.doGetBean(AbstractBeanFactory.java:321)
	at org.springframework.beans.factory.support.AbstractBeanFactory.getBean(AbstractBeanFactory.java:202)
	at org.springframework.beans.factory.support.DefaultListableBeanFactory.preInstantiateSingletons(DefaultListableBeanFactory.java:895)
	at org.springframework.context.support.AbstractApplicationContext.finishBeanFactoryInitialization(AbstractApplicationContext.java:878)
	at org.springframework.context.support.AbstractApplicationContext.refresh(AbstractApplicationContext.java:550)
	at org.springframework.boot.SpringApplication.refresh(SpringApplication.java:758)
	at org.springframework.boot.SpringApplication.refresh(SpringApplication.java:750)
	at org.springframework.boot.SpringApplication.refreshContext(SpringApplication.java:397)
	at org.springframework.boot.SpringApplication.run(SpringApplication.java:315)
	at org.springframework.boot.test.context.SpringBootContextLoader.loadContext(SpringBootContextLoader.java:120)
	at org.springframework.test.context.cache.DefaultCacheAwareContextLoaderDelegate.loadContextInternal(DefaultCacheAwareContextLoaderDelegate.java:99)
	at org.springframework.test.context.cache.DefaultCacheAwareContextLoaderDelegate.loadContext(DefaultCacheAwareContextLoaderDelegate.java:124)
	... 71 common frames omitted
Caused by: org.springframework.beans.BeanInstantiationException: Failed to instantiate [org.springframework.boot.SpringApplication]: No default constructor found; nested exception is java.lang.NoSuchMethodException: org.springframework.boot.SpringApplication.<init>()
	at org.springframework.beans.factory.support.SimpleInstantiationStrategy.instantiate(SimpleInstantiationStrategy.java:83)
	at org.springframework.beans.factory.support.AbstractAutowireCapableBeanFactory.instantiateBean(AbstractAutowireCapableBeanFactory.java:1312)
	... 88 common frames omitted
Caused by: java.lang.NoSuchMethodException: org.springframework.boot.SpringApplication.<init>()
	at java.base/java.lang.Class.getConstructor0(Class.java:3585)
	at java.base/java.lang.Class.getDeclaredConstructor(Class.java:2754)
	at org.springframework.beans.factory.support.SimpleInstantiationStrategy.instantiate(SimpleInstantiationStrategy.java:78)
	... 89 common frames omitted

2022-03-28 09:20:56.132  INFO 18460 --- [main] c.e.demo.EchoControllerNoMockitoTest     : Starting EchoControllerNoMockitoTest on DESKTOP-KJUL5ST with PID 18460 (started by qiao in D:\DevelopTools\eclipse-workspace\SpringBoot-WordProcessor)
2022-03-28 09:20:56.133  INFO 18460 --- [main] c.e.demo.EchoControllerNoMockitoTest     : No active profile set, falling back to default profiles: default
2022-03-28 09:20:57.298  INFO 18460 --- [main] o.s.s.concurrent.ThreadPoolTaskExecutor  : Initializing ExecutorService 'applicationTaskExecutor'
2022-03-28 09:20:57.667  INFO 18460 --- [main] o.s.b.t.m.w.SpringBootMockServletContext : Initializing Spring TestDispatcherServlet ''
2022-03-28 09:20:57.667  INFO 18460 --- [main] o.s.t.web.servlet.TestDispatcherServlet  : Initializing Servlet ''
2022-03-28 09:20:57.684  INFO 18460 --- [main] o.s.t.web.servlet.TestDispatcherServlet  : Completed initialization in 17 ms
2022-03-28 09:20:57.704  INFO 18460 --- [main] c.e.demo.EchoControllerNoMockitoTest     : Started EchoControllerNoMockitoTest in 1.958 seconds (JVM running for 3.109)
2022-03-28 09:20:58.196  INFO 18460 --- [SpringContextShutdownHook] o.s.s.concurrent.ThreadPoolTaskExecutor  : Shutting down ExecutorService 'applicationTaskExecutor'
2022-03-28 10:28:27.904  INFO 8892 --- [main] com.example.demo.HttpRequestTest         : Starting HttpRequestTest on DESKTOP-KJUL5ST with PID 8892 (started by qiao in D:\DevelopTools\eclipse-workspace\SpringBoot-WordProcessor)
2022-03-28 10:28:27.906  INFO 8892 --- [main] com.example.demo.HttpRequestTest         : No active profile set, falling back to default profiles: default
2022-03-28 10:28:29.103  INFO 8892 --- [main] o.s.b.w.embedded.tomcat.TomcatWebServer  : Tomcat initialized with port(s): 0 (http)
2022-03-28 10:28:29.117  INFO 8892 --- [main] o.apache.catalina.core.StandardService   : Starting service [Tomcat]
2022-03-28 10:28:29.118  INFO 8892 --- [main] org.apache.catalina.core.StandardEngine  : Starting Servlet engine: [Apache Tomcat/9.0.35]
2022-03-28 10:28:29.238  INFO 8892 --- [main] o.a.c.c.C.[Tomcat].[localhost].[/]       : Initializing Spring embedded WebApplicationContext
2022-03-28 10:28:29.238  INFO 8892 --- [main] o.s.web.context.ContextLoader            : Root WebApplicationContext: initialization completed in 1308 ms
2022-03-28 10:28:29.567  INFO 8892 --- [main] o.s.s.concurrent.ThreadPoolTaskExecutor  : Initializing ExecutorService 'applicationTaskExecutor'
2022-03-28 10:28:29.982  INFO 8892 --- [main] o.s.b.w.embedded.tomcat.TomcatWebServer  : Tomcat started on port(s): 51601 (http) with context path ''
2022-03-28 10:28:29.993  INFO 8892 --- [main] com.example.demo.HttpRequestTest         : Started HttpRequestTest in 2.528 seconds (JVM running for 3.987)
2022-03-28 10:28:30.506  INFO 8892 --- [http-nio-auto-1-exec-1] o.a.c.c.C.[Tomcat].[localhost].[/]       : Initializing Spring DispatcherServlet 'dispatcherServlet'
2022-03-28 10:28:30.506  INFO 8892 --- [http-nio-auto-1-exec-1] o.s.web.servlet.DispatcherServlet        : Initializing Servlet 'dispatcherServlet'
2022-03-28 10:28:30.525  INFO 8892 --- [http-nio-auto-1-exec-1] o.s.web.servlet.DispatcherServlet        : Completed initialization in 19 ms
2022-03-28 10:28:30.558  INFO 8892 --- [http-nio-auto-1-exec-1] com.example.demo.service.WordService     : Count String list...[aaa, bbb, ccc], filter rules:  start with a end with c shorter than 6 longer than 1 
2022-03-28 10:28:30.826  INFO 8892 --- [SpringContextShutdownHook] o.s.s.concurrent.ThreadPoolTaskExecutor  : Shutting down ExecutorService 'applicationTaskExecutor'
2022-03-28 14:59:55.483  INFO 19792 --- [main] com.example.demo.HttpRequestTest         : Starting HttpRequestTest on DESKTOP-KJUL5ST with PID 19792 (started by qiao in D:\DevelopTools\eclipse-workspace\SpringBoot-WordProcessor)
2022-03-28 14:59:55.485  INFO 19792 --- [main] com.example.demo.HttpRequestTest         : No active profile set, falling back to default profiles: default
2022-03-28 14:59:56.557  INFO 19792 --- [main] o.s.b.w.embedded.tomcat.TomcatWebServer  : Tomcat initialized with port(s): 0 (http)
2022-03-28 14:59:56.573  INFO 19792 --- [main] o.apache.catalina.core.StandardService   : Starting service [Tomcat]
2022-03-28 14:59:56.573  INFO 19792 --- [main] org.apache.catalina.core.StandardEngine  : Starting Servlet engine: [Apache Tomcat/9.0.35]
2022-03-28 14:59:56.688  INFO 19792 --- [main] o.a.c.c.C.[Tomcat].[localhost].[/]       : Initializing Spring embedded WebApplicationContext
2022-03-28 14:59:56.688  INFO 19792 --- [main] o.s.web.context.ContextLoader            : Root WebApplicationContext: initialization completed in 1182 ms
2022-03-28 14:59:57.013  INFO 19792 --- [main] o.s.s.concurrent.ThreadPoolTaskExecutor  : Initializing ExecutorService 'applicationTaskExecutor'
2022-03-28 14:59:57.442  INFO 19792 --- [main] o.s.b.w.embedded.tomcat.TomcatWebServer  : Tomcat started on port(s): 53035 (http) with context path ''
2022-03-28 14:59:57.452  INFO 19792 --- [main] com.example.demo.HttpRequestTest         : Started HttpRequestTest in 2.401 seconds (JVM running for 3.603)
2022-03-28 14:59:57.990  INFO 19792 --- [http-nio-auto-1-exec-1] o.a.c.c.C.[Tomcat].[localhost].[/]       : Initializing Spring DispatcherServlet 'dispatcherServlet'
2022-03-28 14:59:57.991  INFO 19792 --- [http-nio-auto-1-exec-1] o.s.web.servlet.DispatcherServlet        : Initializing Servlet 'dispatcherServlet'
2022-03-28 14:59:58.009  INFO 19792 --- [http-nio-auto-1-exec-1] o.s.web.servlet.DispatcherServlet        : Completed initialization in 18 ms
2022-03-28 14:59:58.038  INFO 19792 --- [http-nio-auto-1-exec-1] com.example.demo.service.WordService     : Count String list...[aaa, bbb, ccc], filter rules:  start with a end with c shorter than 6 longer than 1 
2022-03-28 14:59:58.283  INFO 19792 --- [SpringContextShutdownHook] o.s.s.concurrent.ThreadPoolTaskExecutor  : Shutting down ExecutorService 'applicationTaskExecutor'
2022-03-28 15:04:48.299  INFO 17812 --- [main] com.example.demo.WordControllerMockTest  : Starting WordControllerMockTest on DESKTOP-KJUL5ST with PID 17812 (started by qiao in D:\DevelopTools\eclipse-workspace\SpringBoot-WordProcessor)
2022-03-28 15:04:48.300  INFO 17812 --- [main] com.example.demo.WordControllerMockTest  : No active profile set, falling back to default profiles: default
2022-03-28 15:04:49.787  INFO 17812 --- [main] o.s.s.concurrent.ThreadPoolTaskExecutor  : Initializing ExecutorService 'applicationTaskExecutor'
2022-03-28 15:04:50.158  INFO 17812 --- [main] o.s.b.t.m.w.SpringBootMockServletContext : Initializing Spring TestDispatcherServlet ''
2022-03-28 15:04:50.158  INFO 17812 --- [main] o.s.t.web.servlet.TestDispatcherServlet  : Initializing Servlet ''
2022-03-28 15:04:50.170  INFO 17812 --- [main] o.s.t.web.servlet.TestDispatcherServlet  : Completed initialization in 10 ms
2022-03-28 15:04:50.189  INFO 17812 --- [main] com.example.demo.WordControllerMockTest  : Started WordControllerMockTest in 2.3 seconds (JVM running for 3.585)
2022-03-28 15:04:50.511  INFO 17812 --- [SpringContextShutdownHook] o.s.s.concurrent.ThreadPoolTaskExecutor  : Shutting down ExecutorService 'applicationTaskExecutor'
2022-03-28 17:15:15.375  INFO 21672 --- [main] com.example.demo.WordControllerMockTest  : Starting WordControllerMockTest on DESKTOP-KJUL5ST with PID 21672 (started by qiao in D:\DevelopTools\eclipse-workspace\SpringBoot-WordProcessor)
2022-03-28 17:15:15.377  INFO 21672 --- [main] com.example.demo.WordControllerMockTest  : No active profile set, falling back to default profiles: default
2022-03-28 17:15:16.953  INFO 21672 --- [main] o.s.s.concurrent.ThreadPoolTaskExecutor  : Initializing ExecutorService 'applicationTaskExecutor'
2022-03-28 17:15:17.298  INFO 21672 --- [main] o.s.b.t.m.w.SpringBootMockServletContext : Initializing Spring TestDispatcherServlet ''
2022-03-28 17:15:17.299  INFO 21672 --- [main] o.s.t.web.servlet.TestDispatcherServlet  : Initializing Servlet ''
2022-03-28 17:15:17.311  INFO 21672 --- [main] o.s.t.web.servlet.TestDispatcherServlet  : Completed initialization in 12 ms
2022-03-28 17:15:17.330  INFO 21672 --- [main] com.example.demo.WordControllerMockTest  : Started WordControllerMockTest in 2.374 seconds (JVM running for 3.586)
2022-03-28 17:15:17.595  INFO 21672 --- [SpringContextShutdownHook] o.s.s.concurrent.ThreadPoolTaskExecutor  : Shutting down ExecutorService 'applicationTaskExecutor'
2022-03-28 17:15:57.542  INFO 22176 --- [main] com.example.demo.WordControllerMockTest  : Starting WordControllerMockTest on DESKTOP-KJUL5ST with PID 22176 (started by qiao in D:\DevelopTools\eclipse-workspace\SpringBoot-WordProcessor)
2022-03-28 17:15:57.544  INFO 22176 --- [main] com.example.demo.WordControllerMockTest  : No active profile set, falling back to default profiles: default
2022-03-28 17:15:58.993  INFO 22176 --- [main] o.s.s.concurrent.ThreadPoolTaskExecutor  : Initializing ExecutorService 'applicationTaskExecutor'
2022-03-28 17:15:59.351  INFO 22176 --- [main] o.s.b.t.m.w.SpringBootMockServletContext : Initializing Spring TestDispatcherServlet ''
2022-03-28 17:15:59.351  INFO 22176 --- [main] o.s.t.web.servlet.TestDispatcherServlet  : Initializing Servlet ''
2022-03-28 17:15:59.362  INFO 22176 --- [main] o.s.t.web.servlet.TestDispatcherServlet  : Completed initialization in 11 ms
2022-03-28 17:15:59.379  INFO 22176 --- [main] com.example.demo.WordControllerMockTest  : Started WordControllerMockTest in 2.211 seconds (JVM running for 3.467)
2022-03-28 17:15:59.746  INFO 22176 --- [SpringContextShutdownHook] o.s.s.concurrent.ThreadPoolTaskExecutor  : Shutting down ExecutorService 'applicationTaskExecutor'
2022-03-28 17:16:33.671  INFO 17504 --- [main] com.example.demo.WordControllerMockTest  : Starting WordControllerMockTest on DESKTOP-KJUL5ST with PID 17504 (started by qiao in D:\DevelopTools\eclipse-workspace\SpringBoot-WordProcessor)
2022-03-28 17:16:33.673  INFO 17504 --- [main] com.example.demo.WordControllerMockTest  : No active profile set, falling back to default profiles: default
2022-03-28 17:16:35.144  INFO 17504 --- [main] o.s.s.concurrent.ThreadPoolTaskExecutor  : Initializing ExecutorService 'applicationTaskExecutor'
2022-03-28 17:16:35.490  INFO 17504 --- [main] o.s.b.t.m.w.SpringBootMockServletContext : Initializing Spring TestDispatcherServlet ''
2022-03-28 17:16:35.490  INFO 17504 --- [main] o.s.t.web.servlet.TestDispatcherServlet  : Initializing Servlet ''
2022-03-28 17:16:35.502  INFO 17504 --- [main] o.s.t.web.servlet.TestDispatcherServlet  : Completed initialization in 12 ms
2022-03-28 17:16:35.520  INFO 17504 --- [main] com.example.demo.WordControllerMockTest  : Started WordControllerMockTest in 2.227 seconds (JVM running for 3.387)
2022-03-28 17:16:35.761  INFO 17504 --- [SpringContextShutdownHook] o.s.s.concurrent.ThreadPoolTaskExecutor  : Shutting down ExecutorService 'applicationTaskExecutor'
2022-03-28 17:27:32.564  INFO 22048 --- [main] com.example.demo.HttpRequestTest         : Starting HttpRequestTest on DESKTOP-KJUL5ST with PID 22048 (started by qiao in D:\DevelopTools\eclipse-workspace\SpringBoot-WordProcessor)
2022-03-28 17:27:32.567  INFO 22048 --- [main] com.example.demo.HttpRequestTest         : No active profile set, falling back to default profiles: default
2022-03-28 17:27:34.332  INFO 22048 --- [main] o.s.b.w.embedded.tomcat.TomcatWebServer  : Tomcat initialized with port(s): 0 (http)
2022-03-28 17:27:34.354  INFO 22048 --- [main] o.apache.catalina.core.StandardService   : Starting service [Tomcat]
2022-03-28 17:27:34.355  INFO 22048 --- [main] org.apache.catalina.core.StandardEngine  : Starting Servlet engine: [Apache Tomcat/9.0.35]
2022-03-28 17:27:34.573  INFO 22048 --- [main] o.a.c.c.C.[Tomcat].[localhost].[/]       : Initializing Spring embedded WebApplicationContext
2022-03-28 17:27:34.574  INFO 22048 --- [main] o.s.web.context.ContextLoader            : Root WebApplicationContext: initialization completed in 1976 ms
2022-03-28 17:27:35.216  INFO 22048 --- [main] o.s.s.concurrent.ThreadPoolTaskExecutor  : Initializing ExecutorService 'applicationTaskExecutor'
2022-03-28 17:27:35.882  INFO 22048 --- [main] o.s.b.w.embedded.tomcat.TomcatWebServer  : Tomcat started on port(s): 57909 (http) with context path ''
2022-03-28 17:27:35.897  INFO 22048 --- [main] com.example.demo.HttpRequestTest         : Started HttpRequestTest in 4.033 seconds (JVM running for 5.87)
2022-03-28 17:27:36.558  INFO 22048 --- [http-nio-auto-1-exec-1] o.a.c.c.C.[Tomcat].[localhost].[/]       : Initializing Spring DispatcherServlet 'dispatcherServlet'
2022-03-28 17:27:36.559  INFO 22048 --- [http-nio-auto-1-exec-1] o.s.web.servlet.DispatcherServlet        : Initializing Servlet 'dispatcherServlet'
2022-03-28 17:27:36.589  INFO 22048 --- [http-nio-auto-1-exec-1] o.s.web.servlet.DispatcherServlet        : Completed initialization in 30 ms
2022-03-28 17:27:36.637  INFO 22048 --- [http-nio-auto-1-exec-1] com.example.demo.service.WordService     : Count String list...[aaa, bbb, ccc], filter rules:  start with a end with c shorter than 6 longer than 1 
2022-03-28 17:27:37.022  INFO 22048 --- [SpringContextShutdownHook] o.s.s.concurrent.ThreadPoolTaskExecutor  : Shutting down ExecutorService 'applicationTaskExecutor'
2022-03-28 17:28:44.519  INFO 22472 --- [main] com.example.demo.WordControllerMockTest  : Starting WordControllerMockTest on DESKTOP-KJUL5ST with PID 22472 (started by qiao in D:\DevelopTools\eclipse-workspace\SpringBoot-WordProcessor)
2022-03-28 17:28:44.522  INFO 22472 --- [main] com.example.demo.WordControllerMockTest  : No active profile set, falling back to default profiles: default
2022-03-28 17:28:47.258  INFO 22472 --- [main] o.s.s.concurrent.ThreadPoolTaskExecutor  : Initializing ExecutorService 'applicationTaskExecutor'
2022-03-28 17:28:47.902  INFO 22472 --- [main] o.s.b.t.m.w.SpringBootMockServletContext : Initializing Spring TestDispatcherServlet ''
2022-03-28 17:28:47.902  INFO 22472 --- [main] o.s.t.web.servlet.TestDispatcherServlet  : Initializing Servlet ''
2022-03-28 17:28:47.923  INFO 22472 --- [main] o.s.t.web.servlet.TestDispatcherServlet  : Completed initialization in 20 ms
2022-03-28 17:28:47.952  INFO 22472 --- [main] com.example.demo.WordControllerMockTest  : Started WordControllerMockTest in 4.1 seconds (JVM running for 6.102)
2022-03-28 17:28:48.416  INFO 22472 --- [SpringContextShutdownHook] o.s.s.concurrent.ThreadPoolTaskExecutor  : Shutting down ExecutorService 'applicationTaskExecutor'
2022-03-28 17:29:19.648  INFO 15384 --- [main] com.example.demo.WordControllerMockTest  : Starting WordControllerMockTest on DESKTOP-KJUL5ST with PID 15384 (started by qiao in D:\DevelopTools\eclipse-workspace\SpringBoot-WordProcessor)
2022-03-28 17:29:19.653  INFO 15384 --- [main] com.example.demo.WordControllerMockTest  : No active profile set, falling back to default profiles: default
2022-03-28 17:29:22.261  INFO 15384 --- [main] o.s.s.concurrent.ThreadPoolTaskExecutor  : Initializing ExecutorService 'applicationTaskExecutor'
2022-03-28 17:29:22.954  INFO 15384 --- [main] o.s.b.t.m.w.SpringBootMockServletContext : Initializing Spring TestDispatcherServlet ''
2022-03-28 17:29:22.954  INFO 15384 --- [main] o.s.t.web.servlet.TestDispatcherServlet  : Initializing Servlet ''
2022-03-28 17:29:22.974  INFO 15384 --- [main] o.s.t.web.servlet.TestDispatcherServlet  : Completed initialization in 19 ms
2022-03-28 17:29:23.014  INFO 15384 --- [main] com.example.demo.WordControllerMockTest  : Started WordControllerMockTest in 4.097 seconds (JVM running for 6.256)
2022-03-28 17:29:23.485  INFO 15384 --- [SpringContextShutdownHook] o.s.s.concurrent.ThreadPoolTaskExecutor  : Shutting down ExecutorService 'applicationTaskExecutor'
2022-03-28 17:32:13.457  INFO 20128 --- [main] com.example.demo.Application             : Starting Application on DESKTOP-KJUL5ST with PID 20128 (D:\DevelopTools\eclipse-workspace\SpringBoot-WordProcessor\target\classes started by qiao in D:\DevelopTools\eclipse-workspace\SpringBoot-WordProcessor)
2022-03-28 17:32:13.460  INFO 20128 --- [main] com.example.demo.Application             : No active profile set, falling back to default profiles: default
2022-03-28 17:32:14.215  INFO 20128 --- [main] o.s.b.w.embedded.tomcat.TomcatWebServer  : Tomcat initialized with port(s): 8080 (http)
2022-03-28 17:32:14.224  INFO 20128 --- [main] o.apache.catalina.core.StandardService   : Starting service [Tomcat]
2022-03-28 17:32:14.224  INFO 20128 --- [main] org.apache.catalina.core.StandardEngine  : Starting Servlet engine: [Apache Tomcat/9.0.35]
2022-03-28 17:32:14.336  INFO 20128 --- [main] o.a.c.c.C.[Tomcat].[localhost].[/]       : Initializing Spring embedded WebApplicationContext
2022-03-28 17:32:14.337  INFO 20128 --- [main] o.s.web.context.ContextLoader            : Root WebApplicationContext: initialization completed in 836 ms
2022-03-28 17:32:14.476  INFO 20128 --- [main] o.s.s.concurrent.ThreadPoolTaskExecutor  : Initializing ExecutorService 'applicationTaskExecutor'
2022-03-28 17:32:14.705  INFO 20128 --- [main] o.s.b.w.embedded.tomcat.TomcatWebServer  : Tomcat started on port(s): 8080 (http) with context path ''
2022-03-28 17:32:14.715  INFO 20128 --- [main] com.example.demo.Application             : Started Application in 1.625 seconds (JVM running for 2.322)
2022-03-28 17:33:14.375  INFO 20128 --- [http-nio-8080-exec-1] o.a.c.c.C.[Tomcat].[localhost].[/]       : Initializing Spring DispatcherServlet 'dispatcherServlet'
2022-03-28 17:33:14.375  INFO 20128 --- [http-nio-8080-exec-1] o.s.web.servlet.DispatcherServlet        : Initializing Servlet 'dispatcherServlet'
2022-03-28 17:33:14.383  INFO 20128 --- [http-nio-8080-exec-1] o.s.web.servlet.DispatcherServlet        : Completed initialization in 8 ms
2022-03-28 17:33:21.510  INFO 20128 --- [http-nio-8080-exec-6] com.example.demo.service.WordService     : Count String list...[ sasdf, aaa, dfdf, aacc], filter rules:  start with a 
2022-03-28 17:33:31.829  INFO 20128 --- [http-nio-8080-exec-9] com.example.demo.service.WordService     : Count String list...[ sasdf, aaa, dfdf, aacc ], filter rules:  start with a end with c 
2022-03-28 17:33:38.854  INFO 20128 --- [http-nio-8080-exec-10] com.example.demo.service.WordService     : Count String list...[ sasdf, aaa, dfdf, aacc  ], filter rules:  start with a end with c 
2022-03-28 17:34:03.143  INFO 20128 --- [http-nio-8080-exec-2] com.example.demo.service.WordService     : Count String list...[ sasdf, aaa, dfdf, aacc], filter rules:  start with a end with c 
2022-03-28 17:34:13.846  INFO 20128 --- [http-nio-8080-exec-6] com.example.demo.service.WordService     : Count String list...[ sasdf, aaa, dfdf, aacc ], filter rules:  start with s end with f 
2022-03-28 17:34:18.030  INFO 20128 --- [http-nio-8080-exec-7] com.example.demo.service.WordService     : Count String list...[sasdf, aaa, dfdf, aacc  ], filter rules:  start with s end with f 
2022-03-28 17:34:26.506  INFO 20128 --- [RMI TCP Connection(4)-127.0.0.1] inMXBeanRegistrar$SpringApplicationAdmin : Application shutdown requested.
2022-03-28 17:34:26.551  INFO 20128 --- [RMI TCP Connection(4)-127.0.0.1] o.s.s.concurrent.ThreadPoolTaskExecutor  : Shutting down ExecutorService 'applicationTaskExecutor'
2022-03-28 18:34:57.440  INFO 21620 --- [main] com.example.demo.Application             : Starting Application on DESKTOP-KJUL5ST with PID 21620 (D:\DevelopTools\eclipse-workspace\SpringBoot-WordProcessor\target\classes started by qiao in D:\DevelopTools\eclipse-workspace\SpringBoot-WordProcessor)
2022-03-28 18:34:57.443  INFO 21620 --- [main] com.example.demo.Application             : No active profile set, falling back to default profiles: default
2022-03-28 18:34:58.530  INFO 21620 --- [main] o.s.b.w.embedded.tomcat.TomcatWebServer  : Tomcat initialized with port(s): 8080 (http)
2022-03-28 18:34:58.543  INFO 21620 --- [main] o.apache.catalina.core.StandardService   : Starting service [Tomcat]
2022-03-28 18:34:58.543  INFO 21620 --- [main] org.apache.catalina.core.StandardEngine  : Starting Servlet engine: [Apache Tomcat/9.0.35]
2022-03-28 18:34:58.666  INFO 21620 --- [main] o.a.c.c.C.[Tomcat].[localhost].[/]       : Initializing Spring embedded WebApplicationContext
2022-03-28 18:34:58.667  INFO 21620 --- [main] o.s.web.context.ContextLoader            : Root WebApplicationContext: initialization completed in 1179 ms
2022-03-28 18:34:58.887  INFO 21620 --- [main] o.s.s.concurrent.ThreadPoolTaskExecutor  : Initializing ExecutorService 'applicationTaskExecutor'
2022-03-28 18:34:59.199  INFO 21620 --- [main] o.s.b.w.embedded.tomcat.TomcatWebServer  : Tomcat started on port(s): 8080 (http) with context path ''
2022-03-28 18:34:59.210  INFO 21620 --- [main] com.example.demo.Application             : Started Application in 2.23 seconds (JVM running for 2.671)
2022-03-28 18:35:04.845  INFO 21620 --- [http-nio-8080-exec-1] o.a.c.c.C.[Tomcat].[localhost].[/]       : Initializing Spring DispatcherServlet 'dispatcherServlet'
2022-03-28 18:35:04.845  INFO 21620 --- [http-nio-8080-exec-1] o.s.web.servlet.DispatcherServlet        : Initializing Servlet 'dispatcherServlet'
2022-03-28 18:35:04.853  INFO 21620 --- [http-nio-8080-exec-1] o.s.web.servlet.DispatcherServlet        : Completed initialization in 8 ms
2022-03-28 18:35:15.115  INFO 21620 --- [http-nio-8080-exec-4] com.example.demo.service.WordService     : Count String list...[ sasdf, aaa, dfdf, aacc], filter rules:  start with bbba 
2022-03-28 18:35:19.745  INFO 21620 --- [http-nio-8080-exec-7] com.example.demo.service.WordService     : Count String list...[ sasdf, aaa, dfdf, aacc ], filter rules:  start with a 
2022-03-28 20:20:48.001  INFO 1876 --- [main] com.example.demo.Application             : Starting Application on DESKTOP-KJUL5ST with PID 1876 (D:\DevelopTools\eclipse-workspace\SpringBoot-WordProcessor\target\classes started by qiao in D:\DevelopTools\eclipse-workspace\SpringBoot-WordProcessor)
2022-03-28 20:20:48.005  INFO 1876 --- [main] com.example.demo.Application             : No active profile set, falling back to default profiles: default
2022-03-28 20:20:48.722  INFO 1876 --- [main] o.s.b.w.embedded.tomcat.TomcatWebServer  : Tomcat initialized with port(s): 8080 (http)
2022-03-28 20:20:48.731  INFO 1876 --- [main] o.apache.catalina.core.StandardService   : Starting service [Tomcat]
2022-03-28 20:20:48.732  INFO 1876 --- [main] org.apache.catalina.core.StandardEngine  : Starting Servlet engine: [Apache Tomcat/9.0.35]
2022-03-28 20:20:48.819  INFO 1876 --- [main] o.a.c.c.C.[Tomcat].[localhost].[/]       : Initializing Spring embedded WebApplicationContext
2022-03-28 20:20:48.820  INFO 1876 --- [main] o.s.web.context.ContextLoader            : Root WebApplicationContext: initialization completed in 777 ms
2022-03-28 20:20:48.944  INFO 1876 --- [main] o.s.s.concurrent.ThreadPoolTaskExecutor  : Initializing ExecutorService 'applicationTaskExecutor'
2022-03-28 20:20:49.176  INFO 1876 --- [main] o.s.b.w.embedded.tomcat.TomcatWebServer  : Tomcat started on port(s): 8080 (http) with context path ''
2022-03-28 20:20:49.184  INFO 1876 --- [main] com.example.demo.Application             : Started Application in 1.547 seconds (JVM running for 2.293)
2022-03-28 20:20:55.215  INFO 1876 --- [http-nio-8080-exec-1] o.a.c.c.C.[Tomcat].[localhost].[/]       : Initializing Spring DispatcherServlet 'dispatcherServlet'
2022-03-28 20:20:55.215  INFO 1876 --- [http-nio-8080-exec-1] o.s.web.servlet.DispatcherServlet        : Initializing Servlet 'dispatcherServlet'
2022-03-28 20:20:55.221  INFO 1876 --- [http-nio-8080-exec-1] o.s.web.servlet.DispatcherServlet        : Completed initialization in 6 ms
2022-03-28 20:21:00.420  INFO 1876 --- [http-nio-8080-exec-6] com.example.demo.service.WordService     : Count String list...[ sasdf, aaa, dfdf, aacc], filter rules:  
2022-03-28 20:21:07.412  INFO 1876 --- [RMI TCP Connection(2)-127.0.0.1] inMXBeanRegistrar$SpringApplicationAdmin : Application shutdown requested.
2022-03-28 20:21:07.448  INFO 1876 --- [RMI TCP Connection(2)-127.0.0.1] o.s.s.concurrent.ThreadPoolTaskExecutor  : Shutting down ExecutorService 'applicationTaskExecutor'
